INFO 2024-03-02 23:44:59,851 Watching for file changes with StatReloader
WARNING 2024-03-02 23:45:02,561 Not Found: /
WARNING 2024-03-02 23:45:02,562 "GET / HTTP/1.1" 404 179
WARNING 2024-03-02 23:45:02,629 Not Found: /favicon.ico
WARNING 2024-03-02 23:45:02,630 "GET /favicon.ico HTTP/1.1" 404 179
INFO 2024-03-02 23:45:14,887 "GET /admin HTTP/1.1" 301 0
INFO 2024-03-02 23:45:14,905 "GET /admin/ HTTP/1.1" 302 0
INFO 2024-03-02 23:45:14,941 "GET /admin/login/?next=/admin/ HTTP/1.1" 200 4158
WARNING 2024-03-02 23:45:14,979 Not Found: /static/admin/css/base.css
WARNING 2024-03-02 23:45:14,980 "GET /static/admin/css/base.css HTTP/1.1" 404 179
WARNING 2024-03-02 23:45:14,981 Not Found: /static/admin/css/dark_mode.css
WARNING 2024-03-02 23:45:14,983 Not Found: /static/admin/js/theme.js
WARNING 2024-03-02 23:45:14,984 Not Found: /static/admin/css/nav_sidebar.css
WARNING 2024-03-02 23:45:14,984 "GET /static/admin/css/dark_mode.css HTTP/1.1" 404 179
WARNING 2024-03-02 23:45:14,986 Not Found: /static/admin/js/nav_sidebar.js
WARNING 2024-03-02 23:45:14,987 Not Found: /static/admin/css/responsive.css
WARNING 2024-03-02 23:45:14,987 "GET /static/admin/js/theme.js HTTP/1.1" 404 179
WARNING 2024-03-02 23:45:14,987 "GET /static/admin/css/nav_sidebar.css HTTP/1.1" 404 179
WARNING 2024-03-02 23:45:14,989 Not Found: /static/admin/css/login.css
WARNING 2024-03-02 23:45:14,989 "GET /static/admin/js/nav_sidebar.js HTTP/1.1" 404 179
WARNING 2024-03-02 23:45:14,989 "GET /static/admin/css/responsive.css HTTP/1.1" 404 179
WARNING 2024-03-02 23:45:14,990 "GET /static/admin/css/login.css HTTP/1.1" 404 179
INFO 2024-03-02 23:45:33,205 "GET /admin/ HTTP/1.1" 302 0
INFO 2024-03-02 23:45:33,211 "GET /admin/login/?next=/admin/ HTTP/1.1" 200 4158
WARNING 2024-03-02 23:45:33,237 Not Found: /static/admin/css/base.css
WARNING 2024-03-02 23:45:33,238 Not Found: /static/admin/css/dark_mode.css
WARNING 2024-03-02 23:45:33,238 Not Found: /static/admin/css/nav_sidebar.css
WARNING 2024-03-02 23:45:33,239 Not Found: /static/admin/js/theme.js
WARNING 2024-03-02 23:45:33,239 Not Found: /static/admin/js/nav_sidebar.js
WARNING 2024-03-02 23:45:33,241 Not Found: /static/admin/css/login.css
WARNING 2024-03-02 23:45:33,242 "GET /static/admin/css/base.css HTTP/1.1" 404 179
WARNING 2024-03-02 23:45:33,242 "GET /static/admin/css/dark_mode.css HTTP/1.1" 404 179
WARNING 2024-03-02 23:45:33,242 "GET /static/admin/css/nav_sidebar.css HTTP/1.1" 404 179
WARNING 2024-03-02 23:45:33,242 "GET /static/admin/js/theme.js HTTP/1.1" 404 179
WARNING 2024-03-02 23:45:33,243 Not Found: /static/admin/css/responsive.css
WARNING 2024-03-02 23:45:33,243 "GET /static/admin/css/login.css HTTP/1.1" 404 179
WARNING 2024-03-02 23:45:33,243 "GET /static/admin/js/nav_sidebar.js HTTP/1.1" 404 179
WARNING 2024-03-02 23:45:33,244 "GET /static/admin/css/responsive.css HTTP/1.1" 404 179
INFO 2024-03-02 23:45:49,577 "POST /admin/login/?next=/admin/ HTTP/1.1" 302 0
INFO 2024-03-02 23:45:49,590 "GET /admin/ HTTP/1.1" 200 7052
WARNING 2024-03-02 23:45:49,626 Not Found: /static/admin/css/base.css
WARNING 2024-03-02 23:45:49,626 Not Found: /static/admin/css/dark_mode.css
WARNING 2024-03-02 23:45:49,627 Not Found: /static/admin/js/theme.js
WARNING 2024-03-02 23:45:49,627 Not Found: /static/admin/css/nav_sidebar.css
WARNING 2024-03-02 23:45:49,628 Not Found: /static/admin/js/nav_sidebar.js
WARNING 2024-03-02 23:45:49,628 Not Found: /static/admin/css/dashboard.css
WARNING 2024-03-02 23:45:49,629 "GET /static/admin/css/base.css HTTP/1.1" 404 179
WARNING 2024-03-02 23:45:49,629 "GET /static/admin/css/dark_mode.css HTTP/1.1" 404 179
WARNING 2024-03-02 23:45:49,630 Not Found: /static/admin/css/responsive.css
WARNING 2024-03-02 23:45:49,630 "GET /static/admin/js/theme.js HTTP/1.1" 404 179
WARNING 2024-03-02 23:45:49,631 "GET /static/admin/css/nav_sidebar.css HTTP/1.1" 404 179
WARNING 2024-03-02 23:45:49,631 "GET /static/admin/js/nav_sidebar.js HTTP/1.1" 404 179
WARNING 2024-03-02 23:45:49,631 "GET /static/admin/css/dashboard.css HTTP/1.1" 404 179
WARNING 2024-03-02 23:45:49,632 "GET /static/admin/css/responsive.css HTTP/1.1" 404 179
INFO 2024-03-02 23:46:10,372 "GET /admin/ HTTP/1.1" 200 7052
WARNING 2024-03-02 23:46:10,385 Not Found: /static/admin/css/base.css
WARNING 2024-03-02 23:46:10,385 Not Found: /static/admin/css/dark_mode.css
WARNING 2024-03-02 23:46:10,386 Not Found: /static/admin/css/nav_sidebar.css
WARNING 2024-03-02 23:46:10,386 Not Found: /static/admin/js/theme.js
WARNING 2024-03-02 23:46:10,386 Not Found: /static/admin/js/nav_sidebar.js
WARNING 2024-03-02 23:46:10,389 Not Found: /static/admin/css/dashboard.css
WARNING 2024-03-02 23:46:10,389 "GET /static/admin/css/base.css HTTP/1.1" 404 179
WARNING 2024-03-02 23:46:10,389 "GET /static/admin/css/nav_sidebar.css HTTP/1.1" 404 179
WARNING 2024-03-02 23:46:10,389 "GET /static/admin/css/dark_mode.css HTTP/1.1" 404 179
WARNING 2024-03-02 23:46:10,391 Not Found: /static/admin/css/responsive.css
WARNING 2024-03-02 23:46:10,391 "GET /static/admin/js/theme.js HTTP/1.1" 404 179
WARNING 2024-03-02 23:46:10,391 "GET /static/admin/js/nav_sidebar.js HTTP/1.1" 404 179
WARNING 2024-03-02 23:46:10,392 "GET /static/admin/css/dashboard.css HTTP/1.1" 404 179
WARNING 2024-03-02 23:46:10,392 "GET /static/admin/css/responsive.css HTTP/1.1" 404 179
INFO 2024-03-02 23:46:12,130 "GET /admin/ HTTP/1.1" 200 7052
WARNING 2024-03-02 23:46:12,144 Not Found: /static/admin/css/base.css
WARNING 2024-03-02 23:46:12,145 Not Found: /static/admin/css/dark_mode.css
WARNING 2024-03-02 23:46:12,145 Not Found: /static/admin/js/theme.js
WARNING 2024-03-02 23:46:12,146 Not Found: /static/admin/css/nav_sidebar.css
WARNING 2024-03-02 23:46:12,146 Not Found: /static/admin/js/nav_sidebar.js
WARNING 2024-03-02 23:46:12,146 Not Found: /static/admin/css/dashboard.css
WARNING 2024-03-02 23:46:12,148 "GET /static/admin/css/base.css HTTP/1.1" 404 179
WARNING 2024-03-02 23:46:12,149 "GET /static/admin/css/dark_mode.css HTTP/1.1" 404 179
WARNING 2024-03-02 23:46:12,149 "GET /static/admin/js/theme.js HTTP/1.1" 404 179
WARNING 2024-03-02 23:46:12,149 Not Found: /static/admin/css/responsive.css
WARNING 2024-03-02 23:46:12,149 "GET /static/admin/css/nav_sidebar.css HTTP/1.1" 404 179
WARNING 2024-03-02 23:46:12,150 "GET /static/admin/js/nav_sidebar.js HTTP/1.1" 404 179
WARNING 2024-03-02 23:46:12,150 "GET /static/admin/css/dashboard.css HTTP/1.1" 404 179
WARNING 2024-03-02 23:46:12,150 "GET /static/admin/css/responsive.css HTTP/1.1" 404 179
INFO 2024-03-02 23:46:13,187 "GET /admin/ HTTP/1.1" 200 7052
WARNING 2024-03-02 23:46:13,201 Not Found: /static/admin/css/base.css
WARNING 2024-03-02 23:46:13,202 Not Found: /static/admin/css/dark_mode.css
WARNING 2024-03-02 23:46:13,202 Not Found: /static/admin/js/theme.js
WARNING 2024-03-02 23:46:13,203 Not Found: /static/admin/js/nav_sidebar.js
WARNING 2024-03-02 23:46:13,203 Not Found: /static/admin/css/nav_sidebar.css
WARNING 2024-03-02 23:46:13,204 Not Found: /static/admin/css/dashboard.css
WARNING 2024-03-02 23:46:13,205 "GET /static/admin/css/base.css HTTP/1.1" 404 179
WARNING 2024-03-02 23:46:13,205 "GET /static/admin/css/dark_mode.css HTTP/1.1" 404 179
WARNING 2024-03-02 23:46:13,205 Not Found: /static/admin/css/responsive.css
WARNING 2024-03-02 23:46:13,205 "GET /static/admin/js/theme.js HTTP/1.1" 404 179
WARNING 2024-03-02 23:46:13,206 "GET /static/admin/js/nav_sidebar.js HTTP/1.1" 404 179
WARNING 2024-03-02 23:46:13,206 "GET /static/admin/css/dashboard.css HTTP/1.1" 404 179
WARNING 2024-03-02 23:46:13,206 "GET /static/admin/css/nav_sidebar.css HTTP/1.1" 404 179
WARNING 2024-03-02 23:46:13,207 "GET /static/admin/css/responsive.css HTTP/1.1" 404 179
WARNING 2024-03-02 23:46:24,349 Not Found: /static/debug_toolbar/css/toolbar.css
WARNING 2024-03-02 23:46:24,350 Not Found: /static/debug_toolbar/js/toolbar.js
WARNING 2024-03-02 23:46:24,350 "GET /static/debug_toolbar/css/toolbar.css HTTP/1.1" 404 179
WARNING 2024-03-02 23:46:24,350 "GET /static/debug_toolbar/js/toolbar.js HTTP/1.1" 404 179
WARNING 2024-03-02 23:46:24,366 Not Found: /static/debug_toolbar/css/toolbar.css
WARNING 2024-03-02 23:46:24,367 Not Found: /static/debug_toolbar/css/print.css
WARNING 2024-03-02 23:46:24,368 "GET /static/debug_toolbar/css/print.css HTTP/1.1" 404 179
WARNING 2024-03-02 23:46:24,368 "GET /static/debug_toolbar/css/toolbar.css HTTP/1.1" 404 179
INFO 2024-03-02 23:46:41,447 "GET /admin/ HTTP/1.1" 302 0
INFO 2024-03-02 23:46:41,454 "GET /admin/login/?next=/admin/ HTTP/1.1" 200 4158
WARNING 2024-03-02 23:46:41,462 Not Found: /static/admin/css/dark_mode.css
WARNING 2024-03-02 23:46:41,463 Not Found: /static/admin/css/base.css
WARNING 2024-03-02 23:46:41,464 Not Found: /static/admin/css/nav_sidebar.css
WARNING 2024-03-02 23:46:41,466 Not Found: /static/admin/css/login.css
WARNING 2024-03-02 23:46:41,467 "GET /static/admin/css/base.css HTTP/1.1" 404 179
WARNING 2024-03-02 23:46:41,467 "GET /static/admin/css/dark_mode.css HTTP/1.1" 404 179
WARNING 2024-03-02 23:46:41,467 Not Found: /static/admin/css/responsive.css
WARNING 2024-03-02 23:46:41,469 "GET /static/admin/css/nav_sidebar.css HTTP/1.1" 404 179
WARNING 2024-03-02 23:46:41,469 "GET /static/admin/css/login.css HTTP/1.1" 404 179
WARNING 2024-03-02 23:46:41,470 "GET /static/admin/css/responsive.css HTTP/1.1" 404 179
WARNING 2024-03-02 23:46:41,471 Not Found: /static/admin/js/theme.js
WARNING 2024-03-02 23:46:41,471 Not Found: /static/admin/js/nav_sidebar.js
WARNING 2024-03-02 23:46:41,472 "GET /static/admin/js/theme.js HTTP/1.1" 404 179
WARNING 2024-03-02 23:46:41,472 "GET /static/admin/js/nav_sidebar.js HTTP/1.1" 404 179
INFO 2024-03-02 23:47:07,811 "POST /admin/login/?next=/admin/ HTTP/1.1" 200 4319
WARNING 2024-03-02 23:47:07,818 Not Found: /static/admin/css/dark_mode.css
WARNING 2024-03-02 23:47:07,819 Not Found: /static/admin/css/base.css
WARNING 2024-03-02 23:47:07,819 Not Found: /static/admin/css/login.css
WARNING 2024-03-02 23:47:07,820 Not Found: /static/admin/css/nav_sidebar.css
WARNING 2024-03-02 23:47:07,821 Not Found: /static/admin/css/responsive.css
WARNING 2024-03-02 23:47:07,822 Not Found: /static/admin/js/theme.js
WARNING 2024-03-02 23:47:07,822 "GET /static/admin/css/dark_mode.css HTTP/1.1" 404 179
WARNING 2024-03-02 23:47:07,822 "GET /static/admin/css/base.css HTTP/1.1" 404 179
WARNING 2024-03-02 23:47:07,823 "GET /static/admin/css/login.css HTTP/1.1" 404 179
WARNING 2024-03-02 23:47:07,823 Not Found: /static/admin/js/nav_sidebar.js
WARNING 2024-03-02 23:47:07,823 "GET /static/admin/css/responsive.css HTTP/1.1" 404 179
WARNING 2024-03-02 23:47:07,824 "GET /static/admin/css/nav_sidebar.css HTTP/1.1" 404 179
WARNING 2024-03-02 23:47:07,824 "GET /static/admin/js/theme.js HTTP/1.1" 404 179
WARNING 2024-03-02 23:47:07,825 "GET /static/admin/js/nav_sidebar.js HTTP/1.1" 404 179
INFO 2024-03-02 23:47:20,634 "POST /admin/login/?next=/admin/ HTTP/1.1" 200 4319
WARNING 2024-03-02 23:47:20,640 Not Found: /static/admin/css/base.css
WARNING 2024-03-02 23:47:20,641 Not Found: /static/admin/css/dark_mode.css
WARNING 2024-03-02 23:47:20,641 Not Found: /static/admin/css/nav_sidebar.css
WARNING 2024-03-02 23:47:20,641 Not Found: /static/admin/css/login.css
WARNING 2024-03-02 23:47:20,642 Not Found: /static/admin/css/responsive.css
WARNING 2024-03-02 23:47:20,642 Not Found: /static/admin/js/theme.js
WARNING 2024-03-02 23:47:20,643 "GET /static/admin/css/base.css HTTP/1.1" 404 179
WARNING 2024-03-02 23:47:20,643 "GET /static/admin/css/nav_sidebar.css HTTP/1.1" 404 179
WARNING 2024-03-02 23:47:20,644 "GET /static/admin/css/login.css HTTP/1.1" 404 179
WARNING 2024-03-02 23:47:20,644 "GET /static/admin/css/dark_mode.css HTTP/1.1" 404 179
WARNING 2024-03-02 23:47:20,644 "GET /static/admin/css/responsive.css HTTP/1.1" 404 179
WARNING 2024-03-02 23:47:20,644 "GET /static/admin/js/theme.js HTTP/1.1" 404 179
WARNING 2024-03-02 23:47:20,646 Not Found: /static/admin/js/nav_sidebar.js
WARNING 2024-03-02 23:47:20,647 "GET /static/admin/js/nav_sidebar.js HTTP/1.1" 404 179
INFO 2024-03-02 23:48:24,762 "POST /admin/login/?next=/admin/ HTTP/1.1" 200 4319
WARNING 2024-03-02 23:48:24,767 Not Found: /static/admin/css/dark_mode.css
WARNING 2024-03-02 23:48:24,768 Not Found: /static/admin/css/base.css
WARNING 2024-03-02 23:48:24,768 Not Found: /static/admin/css/nav_sidebar.css
WARNING 2024-03-02 23:48:24,769 Not Found: /static/admin/css/login.css
WARNING 2024-03-02 23:48:24,769 Not Found: /static/admin/css/responsive.css
WARNING 2024-03-02 23:48:24,770 Not Found: /static/admin/js/theme.js
WARNING 2024-03-02 23:48:24,770 "GET /static/admin/css/dark_mode.css HTTP/1.1" 404 179
WARNING 2024-03-02 23:48:24,770 "GET /static/admin/css/base.css HTTP/1.1" 404 179
WARNING 2024-03-02 23:48:24,771 "GET /static/admin/css/login.css HTTP/1.1" 404 179
WARNING 2024-03-02 23:48:24,771 "GET /static/admin/css/nav_sidebar.css HTTP/1.1" 404 179
WARNING 2024-03-02 23:48:24,771 "GET /static/admin/css/responsive.css HTTP/1.1" 404 179
WARNING 2024-03-02 23:48:24,772 "GET /static/admin/js/theme.js HTTP/1.1" 404 179
WARNING 2024-03-02 23:48:24,773 Not Found: /static/admin/js/nav_sidebar.js
WARNING 2024-03-02 23:48:24,774 "GET /static/admin/js/nav_sidebar.js HTTP/1.1" 404 179
INFO 2024-03-02 23:48:40,573 "GET /admin/storeapp/client/ HTTP/1.1" 200 14727
WARNING 2024-03-02 23:48:40,607 Not Found: /static/admin/css/base.css
WARNING 2024-03-02 23:48:40,608 Not Found: /static/admin/css/dark_mode.css
WARNING 2024-03-02 23:48:40,611 "GET /static/admin/css/base.css HTTP/1.1" 404 179
WARNING 2024-03-02 23:48:40,612 Not Found: /static/admin/js/theme.js
WARNING 2024-03-02 23:48:40,614 Not Found: /static/admin/css/nav_sidebar.css
WARNING 2024-03-02 23:48:40,614 "GET /static/admin/css/dark_mode.css HTTP/1.1" 404 179
WARNING 2024-03-02 23:48:40,614 "GET /static/admin/js/theme.js HTTP/1.1" 404 179
WARNING 2024-03-02 23:48:40,616 Not Found: /static/admin/css/changelists.css
WARNING 2024-03-02 23:48:40,617 Not Found: /static/admin/js/nav_sidebar.js
WARNING 2024-03-02 23:48:40,618 Not Found: /static/admin/js/vendor/jquery/jquery.min.js
WARNING 2024-03-02 23:48:40,619 Not Found: /static/admin/js/jquery.init.js
WARNING 2024-03-02 23:48:40,620 "GET /static/admin/css/nav_sidebar.css HTTP/1.1" 404 179
WARNING 2024-03-02 23:48:40,621 "GET /static/admin/css/changelists.css HTTP/1.1" 404 179
WARNING 2024-03-02 23:48:40,623 Not Found: /static/admin/js/core.js
WARNING 2024-03-02 23:48:40,623 "GET /static/admin/js/nav_sidebar.js HTTP/1.1" 404 179
WARNING 2024-03-02 23:48:40,625 Not Found: /static/admin/js/admin/RelatedObjectLookups.js
WARNING 2024-03-02 23:48:40,625 "GET /static/admin/js/vendor/jquery/jquery.min.js HTTP/1.1" 404 179
WARNING 2024-03-02 23:48:40,626 "GET /static/admin/js/jquery.init.js HTTP/1.1" 404 179
WARNING 2024-03-02 23:48:40,626 Not Found: /static/admin/js/actions.js
WARNING 2024-03-02 23:48:40,627 Not Found: /static/admin/js/urlify.js
WARNING 2024-03-02 23:48:40,627 "GET /static/admin/js/core.js HTTP/1.1" 404 179
WARNING 2024-03-02 23:48:40,628 Not Found: /static/admin/js/prepopulate.js
WARNING 2024-03-02 23:48:40,629 "GET /static/admin/js/admin/RelatedObjectLookups.js HTTP/1.1" 404 179
WARNING 2024-03-02 23:48:40,630 Not Found: /static/admin/js/vendor/xregexp/xregexp.min.js
WARNING 2024-03-02 23:48:40,630 "GET /static/admin/js/actions.js HTTP/1.1" 404 179
WARNING 2024-03-02 23:48:40,630 "GET /static/admin/js/urlify.js HTTP/1.1" 404 179
WARNING 2024-03-02 23:48:40,632 Not Found: /static/admin/js/filters.js
WARNING 2024-03-02 23:48:40,632 "GET /static/admin/js/prepopulate.js HTTP/1.1" 404 179
WARNING 2024-03-02 23:48:40,633 Not Found: /static/admin/css/responsive.css
INFO 2024-03-02 23:48:40,633 "GET /admin/jsi18n/ HTTP/1.1" 200 3342
WARNING 2024-03-02 23:48:40,633 "GET /static/admin/js/vendor/xregexp/xregexp.min.js HTTP/1.1" 404 179
WARNING 2024-03-02 23:48:40,634 "GET /static/admin/js/filters.js HTTP/1.1" 404 179
WARNING 2024-03-02 23:48:40,634 "GET /static/admin/css/responsive.css HTTP/1.1" 404 179
WARNING 2024-03-02 23:48:40,636 Not Found: /static/admin/img/search.svg
WARNING 2024-03-02 23:48:40,636 Not Found: /static/admin/js/vendor/jquery/jquery.min.js
WARNING 2024-03-02 23:48:40,637 "GET /static/admin/img/search.svg HTTP/1.1" 404 179
WARNING 2024-03-02 23:48:40,637 "GET /static/admin/js/vendor/jquery/jquery.min.js HTTP/1.1" 404 179
WARNING 2024-03-02 23:48:40,639 Not Found: /static/admin/js/jquery.init.js
WARNING 2024-03-02 23:48:40,639 "GET /static/admin/js/jquery.init.js HTTP/1.1" 404 179
WARNING 2024-03-02 23:48:40,641 Not Found: /static/admin/js/core.js
WARNING 2024-03-02 23:48:40,642 "GET /static/admin/js/core.js HTTP/1.1" 404 179
WARNING 2024-03-02 23:48:40,643 Not Found: /static/admin/js/admin/RelatedObjectLookups.js
WARNING 2024-03-02 23:48:40,645 "GET /static/admin/js/admin/RelatedObjectLookups.js HTTP/1.1" 404 179
WARNING 2024-03-02 23:48:40,646 Not Found: /static/admin/js/actions.js
WARNING 2024-03-02 23:48:40,647 "GET /static/admin/js/actions.js HTTP/1.1" 404 179
WARNING 2024-03-02 23:48:40,648 Not Found: /static/admin/js/urlify.js
WARNING 2024-03-02 23:48:40,649 "GET /static/admin/js/urlify.js HTTP/1.1" 404 179
WARNING 2024-03-02 23:48:40,651 Not Found: /static/admin/js/prepopulate.js
WARNING 2024-03-02 23:48:40,651 "GET /static/admin/js/prepopulate.js HTTP/1.1" 404 179
WARNING 2024-03-02 23:48:40,653 Not Found: /static/admin/js/vendor/xregexp/xregexp.min.js
WARNING 2024-03-02 23:48:40,653 "GET /static/admin/js/vendor/xregexp/xregexp.min.js HTTP/1.1" 404 179
WARNING 2024-03-02 23:48:40,656 Not Found: /static/admin/js/filters.js
WARNING 2024-03-02 23:48:40,656 Not Found: /static/admin/css/responsive.css
WARNING 2024-03-02 23:48:40,657 "GET /static/admin/js/filters.js HTTP/1.1" 404 179
WARNING 2024-03-02 23:48:40,657 "GET /static/admin/css/responsive.css HTTP/1.1" 404 179
WARNING 2024-03-02 23:48:40,658 Not Found: /static/admin/img/search.svg
WARNING 2024-03-02 23:48:40,659 "GET /static/admin/img/search.svg HTTP/1.1" 404 179
INFO 2024-03-02 23:49:47,043 "POST /admin/login/?next=/admin/ HTTP/1.1" 200 4319
WARNING 2024-03-02 23:49:47,048 Not Found: /static/admin/css/base.css
WARNING 2024-03-02 23:49:47,049 Not Found: /static/admin/css/nav_sidebar.css
WARNING 2024-03-02 23:49:47,049 Not Found: /static/admin/css/login.css
WARNING 2024-03-02 23:49:47,050 Not Found: /static/admin/css/dark_mode.css
WARNING 2024-03-02 23:49:47,050 Not Found: /static/admin/css/responsive.css
WARNING 2024-03-02 23:49:47,051 Not Found: /static/admin/js/theme.js
WARNING 2024-03-02 23:49:47,051 "GET /static/admin/css/base.css HTTP/1.1" 404 179
WARNING 2024-03-02 23:49:47,051 "GET /static/admin/css/nav_sidebar.css HTTP/1.1" 404 179
WARNING 2024-03-02 23:49:47,051 "GET /static/admin/css/login.css HTTP/1.1" 404 179
WARNING 2024-03-02 23:49:47,053 "GET /static/admin/css/dark_mode.css HTTP/1.1" 404 179
WARNING 2024-03-02 23:49:47,053 "GET /static/admin/css/responsive.css HTTP/1.1" 404 179
WARNING 2024-03-02 23:49:47,053 "GET /static/admin/js/theme.js HTTP/1.1" 404 179
WARNING 2024-03-02 23:49:47,055 Not Found: /static/admin/js/nav_sidebar.js
WARNING 2024-03-02 23:49:47,055 "GET /static/admin/js/nav_sidebar.js HTTP/1.1" 404 179
INFO 2024-03-02 23:49:57,232 "GET /admin/ HTTP/1.1" 302 0
INFO 2024-03-02 23:49:57,243 "GET /admin/login/?next=/admin/ HTTP/1.1" 200 4158
WARNING 2024-03-02 23:49:57,248 Not Found: /static/admin/css/base.css
WARNING 2024-03-02 23:49:57,249 Not Found: /static/admin/css/dark_mode.css
WARNING 2024-03-02 23:49:57,249 Not Found: /static/admin/css/login.css
WARNING 2024-03-02 23:49:57,249 Not Found: /static/admin/css/nav_sidebar.css
WARNING 2024-03-02 23:49:57,249 Not Found: /static/admin/css/responsive.css
WARNING 2024-03-02 23:49:57,251 Not Found: /static/admin/js/theme.js
WARNING 2024-03-02 23:49:57,252 "GET /static/admin/css/base.css HTTP/1.1" 404 179
WARNING 2024-03-02 23:49:57,252 "GET /static/admin/css/login.css HTTP/1.1" 404 179
WARNING 2024-03-02 23:49:57,252 "GET /static/admin/css/dark_mode.css HTTP/1.1" 404 179
WARNING 2024-03-02 23:49:57,252 "GET /static/admin/css/nav_sidebar.css HTTP/1.1" 404 179
WARNING 2024-03-02 23:49:57,253 "GET /static/admin/css/responsive.css HTTP/1.1" 404 179
WARNING 2024-03-02 23:49:57,253 "GET /static/admin/js/theme.js HTTP/1.1" 404 179
WARNING 2024-03-02 23:49:57,254 Not Found: /static/admin/js/nav_sidebar.js
WARNING 2024-03-02 23:49:57,254 "GET /static/admin/js/nav_sidebar.js HTTP/1.1" 404 179
INFO 2024-03-02 23:50:16,613 "POST /admin/login/?next=/admin/ HTTP/1.1" 302 0
INFO 2024-03-02 23:50:16,621 "GET /admin/ HTTP/1.1" 200 7052
WARNING 2024-03-02 23:50:16,626 Not Found: /static/admin/css/base.css
WARNING 2024-03-02 23:50:16,627 Not Found: /static/admin/css/nav_sidebar.css
WARNING 2024-03-02 23:50:16,627 Not Found: /static/admin/css/dark_mode.css
WARNING 2024-03-02 23:50:16,628 Not Found: /static/admin/css/dashboard.css
WARNING 2024-03-02 23:50:16,628 Not Found: /static/admin/css/responsive.css
WARNING 2024-03-02 23:50:16,629 Not Found: /static/admin/js/theme.js
WARNING 2024-03-02 23:50:16,629 "GET /static/admin/css/base.css HTTP/1.1" 404 179
WARNING 2024-03-02 23:50:16,630 "GET /static/admin/css/nav_sidebar.css HTTP/1.1" 404 179
WARNING 2024-03-02 23:50:16,630 "GET /static/admin/css/dark_mode.css HTTP/1.1" 404 179
WARNING 2024-03-02 23:50:16,630 "GET /static/admin/css/dashboard.css HTTP/1.1" 404 179
WARNING 2024-03-02 23:50:16,630 "GET /static/admin/css/responsive.css HTTP/1.1" 404 179
WARNING 2024-03-02 23:50:16,630 "GET /static/admin/js/theme.js HTTP/1.1" 404 179
WARNING 2024-03-02 23:50:16,632 Not Found: /static/admin/js/nav_sidebar.js
WARNING 2024-03-02 23:50:16,632 "GET /static/admin/js/nav_sidebar.js HTTP/1.1" 404 179
INFO 2024-03-02 23:50:52,700 "GET /admin/storeapp/client/ HTTP/1.1" 200 14727
WARNING 2024-03-02 23:50:52,706 Not Found: /static/admin/css/dark_mode.css
WARNING 2024-03-02 23:50:52,706 Not Found: /static/admin/css/base.css
WARNING 2024-03-02 23:50:52,706 Not Found: /static/admin/css/nav_sidebar.css
WARNING 2024-03-02 23:50:52,707 Not Found: /static/admin/js/vendor/jquery/jquery.min.js
WARNING 2024-03-02 23:50:52,708 Not Found: /static/admin/css/changelists.css
WARNING 2024-03-02 23:50:52,708 "GET /static/admin/css/dark_mode.css HTTP/1.1" 404 179
WARNING 2024-03-02 23:50:52,710 "GET /static/admin/css/nav_sidebar.css HTTP/1.1" 404 179
WARNING 2024-03-02 23:50:52,710 "GET /static/admin/css/base.css HTTP/1.1" 404 179
WARNING 2024-03-02 23:50:52,711 "GET /static/admin/js/vendor/jquery/jquery.min.js HTTP/1.1" 404 179
WARNING 2024-03-02 23:50:52,711 "GET /static/admin/css/changelists.css HTTP/1.1" 404 179
WARNING 2024-03-02 23:50:52,712 Not Found: /static/admin/js/jquery.init.js
WARNING 2024-03-02 23:50:52,713 Not Found: /static/admin/css/responsive.css
WARNING 2024-03-02 23:50:52,713 Not Found: /static/admin/js/core.js
WARNING 2024-03-02 23:50:52,714 Not Found: /static/admin/js/actions.js
WARNING 2024-03-02 23:50:52,715 Not Found: /static/admin/js/admin/RelatedObjectLookups.js
WARNING 2024-03-02 23:50:52,716 "GET /static/admin/js/jquery.init.js HTTP/1.1" 404 179
WARNING 2024-03-02 23:50:52,716 "GET /static/admin/css/responsive.css HTTP/1.1" 404 179
WARNING 2024-03-02 23:50:52,716 "GET /static/admin/js/core.js HTTP/1.1" 404 179
WARNING 2024-03-02 23:50:52,718 Not Found: /static/admin/css/dark_mode.css
WARNING 2024-03-02 23:50:52,718 Not Found: /static/admin/css/nav_sidebar.css
WARNING 2024-03-02 23:50:52,719 "GET /static/admin/js/actions.js HTTP/1.1" 404 179
INFO 2024-03-02 23:50:52,719 "GET /admin/jsi18n/ HTTP/1.1" 200 3342
WARNING 2024-03-02 23:50:52,719 "GET /static/admin/js/admin/RelatedObjectLookups.js HTTP/1.1" 404 179
WARNING 2024-03-02 23:50:52,720 Not Found: /static/admin/js/urlify.js
WARNING 2024-03-02 23:50:52,721 Not Found: /static/admin/js/vendor/xregexp/xregexp.min.js
WARNING 2024-03-02 23:50:52,721 "GET /static/admin/css/nav_sidebar.css HTTP/1.1" 404 179
WARNING 2024-03-02 23:50:52,721 Not Found: /static/admin/img/search.svg
WARNING 2024-03-02 23:50:52,723 "GET /static/admin/css/dark_mode.css HTTP/1.1" 404 179
WARNING 2024-03-02 23:50:52,723 "GET /static/admin/js/urlify.js HTTP/1.1" 404 179
INFO 2024-03-02 23:50:52,724 - Broken pipe from ('127.0.0.1', 59077)
WARNING 2024-03-02 23:50:52,724 "GET /static/admin/js/vendor/xregexp/xregexp.min.js HTTP/1.1" 404 179
WARNING 2024-03-02 23:50:52,725 Not Found: /static/admin/js/prepopulate.js
WARNING 2024-03-02 23:50:52,725 "GET /static/admin/img/search.svg HTTP/1.1" 404 179
WARNING 2024-03-02 23:50:52,725 "GET /static/admin/js/prepopulate.js HTTP/1.1" 404 179
WARNING 2024-03-02 23:50:52,726 Not Found: /static/admin/js/theme.js
WARNING 2024-03-02 23:50:52,726 Not Found: /static/admin/js/nav_sidebar.js
WARNING 2024-03-02 23:50:52,728 Not Found: /static/admin/css/responsive.css
WARNING 2024-03-02 23:50:52,728 Not Found: /static/admin/js/filters.js
WARNING 2024-03-02 23:50:52,729 "GET /static/admin/js/theme.js HTTP/1.1" 404 179
WARNING 2024-03-02 23:50:52,729 "GET /static/admin/js/nav_sidebar.js HTTP/1.1" 404 179
WARNING 2024-03-02 23:50:52,729 "GET /static/admin/css/responsive.css HTTP/1.1" 404 179
WARNING 2024-03-02 23:50:52,729 "GET /static/admin/js/filters.js HTTP/1.1" 404 179
INFO 2024-03-02 23:50:55,288 "GET /admin/storeapp/client/1/change/ HTTP/1.1" 200 11831
WARNING 2024-03-02 23:50:55,294 Not Found: /static/admin/css/dark_mode.css
WARNING 2024-03-02 23:50:55,295 Not Found: /static/admin/css/base.css
WARNING 2024-03-02 23:50:55,296 Not Found: /static/admin/css/nav_sidebar.css
WARNING 2024-03-02 23:50:55,297 Not Found: /static/admin/css/forms.css
WARNING 2024-03-02 23:50:55,298 "GET /static/admin/css/base.css HTTP/1.1" 404 179
WARNING 2024-03-02 23:50:55,298 "GET /static/admin/css/dark_mode.css HTTP/1.1" 404 179
WARNING 2024-03-02 23:50:55,299 Not Found: /static/admin/js/vendor/jquery/jquery.min.js
WARNING 2024-03-02 23:50:55,299 Not Found: /static/admin/js/jquery.init.js
WARNING 2024-03-02 23:50:55,300 "GET /static/admin/css/nav_sidebar.css HTTP/1.1" 404 179
WARNING 2024-03-02 23:50:55,300 Not Found: /static/admin/css/responsive.css
INFO 2024-03-02 23:50:55,301 - Broken pipe from ('127.0.0.1', 59085)
WARNING 2024-03-02 23:50:55,301 "GET /static/admin/css/forms.css HTTP/1.1" 404 179
WARNING 2024-03-02 23:50:55,303 Not Found: /static/admin/js/core.js
WARNING 2024-03-02 23:50:55,304 Not Found: /static/admin/js/admin/RelatedObjectLookups.js
WARNING 2024-03-02 23:50:55,305 "GET /static/admin/js/vendor/jquery/jquery.min.js HTTP/1.1" 404 179
INFO 2024-03-02 23:50:55,305 - Broken pipe from ('127.0.0.1', 59086)
WARNING 2024-03-02 23:50:55,306 Not Found: /static/admin/js/actions.js
WARNING 2024-03-02 23:50:55,307 "GET /static/admin/js/jquery.init.js HTTP/1.1" 404 179
INFO 2024-03-02 23:50:55,307 - Broken pipe from ('127.0.0.1', 59076)
WARNING 2024-03-02 23:50:55,308 Not Found: /static/admin/js/urlify.js
WARNING 2024-03-02 23:50:55,308 "GET /static/admin/css/responsive.css HTTP/1.1" 404 179
INFO 2024-03-02 23:50:55,309 - Broken pipe from ('127.0.0.1', 59106)
WARNING 2024-03-02 23:50:55,311 Not Found: /static/admin/js/prepopulate.js
WARNING 2024-03-02 23:50:55,311 "GET /static/admin/js/admin/RelatedObjectLookups.js HTTP/1.1" 404 179
WARNING 2024-03-02 23:50:55,311 "GET /static/admin/js/core.js HTTP/1.1" 404 179
INFO 2024-03-02 23:50:55,312 - Broken pipe from ('127.0.0.1', 59078)
WARNING 2024-03-02 23:50:55,313 "GET /static/admin/js/actions.js HTTP/1.1" 404 179
INFO 2024-03-02 23:50:55,313 "GET /admin/jsi18n/ HTTP/1.1" 200 3342
INFO 2024-03-02 23:50:55,313 - Broken pipe from ('127.0.0.1', 59107)
WARNING 2024-03-02 23:50:55,313 "GET /static/admin/js/urlify.js HTTP/1.1" 404 179
WARNING 2024-03-02 23:50:55,314 Not Found: /static/admin/js/prepopulate_init.js
WARNING 2024-03-02 23:50:55,316 Not Found: /static/admin/js/vendor/xregexp/xregexp.min.js
WARNING 2024-03-02 23:50:55,316 "GET /static/admin/js/prepopulate.js HTTP/1.1" 404 179
INFO 2024-03-02 23:50:55,317 - Broken pipe from ('127.0.0.1', 59112)
WARNING 2024-03-02 23:50:55,317 "GET /static/admin/js/prepopulate_init.js HTTP/1.1" 404 179
WARNING 2024-03-02 23:50:55,317 "GET /static/admin/js/vendor/xregexp/xregexp.min.js HTTP/1.1" 404 179
WARNING 2024-03-02 23:50:55,318 Not Found: /static/admin/js/theme.js
WARNING 2024-03-02 23:50:55,319 Not Found: /static/admin/js/nav_sidebar.js
WARNING 2024-03-02 23:50:55,319 Not Found: /static/admin/css/responsive.css
WARNING 2024-03-02 23:50:55,320 Not Found: /static/admin/js/change_form.js
WARNING 2024-03-02 23:50:55,321 "GET /static/admin/js/theme.js HTTP/1.1" 404 179
WARNING 2024-03-02 23:50:55,321 "GET /static/admin/js/nav_sidebar.js HTTP/1.1" 404 179
WARNING 2024-03-02 23:50:55,322 "GET /static/admin/css/responsive.css HTTP/1.1" 404 179
WARNING 2024-03-02 23:50:55,322 "GET /static/admin/js/change_form.js HTTP/1.1" 404 179
INFO 2024-03-02 23:54:44,971 C:\Users\shuri\PycharmProjects\Homework6\hw6\hw6\urls.py changed, reloading.
INFO 2024-03-02 23:54:45,439 Watching for file changes with StatReloader
INFO 2024-03-02 23:54:46,277 "GET /admin/storeapp/client/1/change/ HTTP/1.1" 200 12574
WARNING 2024-03-02 23:54:46,284 Not Found: /static/admin/css/base.css
WARNING 2024-03-02 23:54:46,284 Not Found: /static/admin/css/dark_mode.css
WARNING 2024-03-02 23:54:46,285 "GET /static/admin/css/base.css HTTP/1.1" 404 179
WARNING 2024-03-02 23:54:46,285 "GET /static/admin/css/dark_mode.css HTTP/1.1" 404 179
WARNING 2024-03-02 23:54:46,286 Not Found: /static/admin/css/nav_sidebar.css
WARNING 2024-03-02 23:54:46,286 Not Found: /static/admin/css/forms.css
WARNING 2024-03-02 23:54:46,288 Not Found: /static/admin/js/vendor/jquery/jquery.min.js
WARNING 2024-03-02 23:54:46,288 Not Found: /static/admin/js/jquery.init.js
WARNING 2024-03-02 23:54:46,288 Not Found: /static/admin/css/responsive.css
WARNING 2024-03-02 23:54:46,289 Not Found: /static/admin/js/prepopulate.js
WARNING 2024-03-02 23:54:46,290 "GET /static/admin/css/nav_sidebar.css HTTP/1.1" 404 179
WARNING 2024-03-02 23:54:46,290 "GET /static/admin/css/forms.css HTTP/1.1" 404 179
WARNING 2024-03-02 23:54:46,290 "GET /static/admin/js/vendor/jquery/jquery.min.js HTTP/1.1" 404 179
WARNING 2024-03-02 23:54:46,290 "GET /static/admin/js/jquery.init.js HTTP/1.1" 404 179
WARNING 2024-03-02 23:54:46,291 "GET /static/admin/css/responsive.css HTTP/1.1" 404 179
WARNING 2024-03-02 23:54:46,291 "GET /static/admin/js/prepopulate.js HTTP/1.1" 404 179
WARNING 2024-03-02 23:54:46,291 Not Found: /static/admin/js/core.js
WARNING 2024-03-02 23:54:46,293 Not Found: /static/admin/js/actions.js
WARNING 2024-03-02 23:54:46,293 Not Found: /static/admin/js/admin/RelatedObjectLookups.js
WARNING 2024-03-02 23:54:46,294 Not Found: /static/admin/js/urlify.js
WARNING 2024-03-02 23:54:46,295 Not Found: /static/admin/js/vendor/xregexp/xregexp.min.js
WARNING 2024-03-02 23:54:46,296 "GET /static/admin/js/core.js HTTP/1.1" 404 179
WARNING 2024-03-02 23:54:46,298 "GET /static/admin/js/actions.js HTTP/1.1" 404 179
WARNING 2024-03-02 23:54:46,298 "GET /static/admin/js/urlify.js HTTP/1.1" 404 179
WARNING 2024-03-02 23:54:46,298 "GET /static/admin/js/admin/RelatedObjectLookups.js HTTP/1.1" 404 179
WARNING 2024-03-02 23:54:46,299 Not Found: /static/admin/js/prepopulate_init.js
WARNING 2024-03-02 23:54:46,299 "GET /static/admin/js/vendor/xregexp/xregexp.min.js HTTP/1.1" 404 179
WARNING 2024-03-02 23:54:46,302 "GET /static/admin/js/prepopulate_init.js HTTP/1.1" 404 179
INFO 2024-03-02 23:54:46,302 "GET /admin/jsi18n/ HTTP/1.1" 200 17546
WARNING 2024-03-02 23:54:46,303 Not Found: /static/admin/js/theme.js
WARNING 2024-03-02 23:54:46,304 "GET /static/admin/js/theme.js HTTP/1.1" 404 179
WARNING 2024-03-02 23:54:46,305 Not Found: /static/admin/js/nav_sidebar.js
WARNING 2024-03-02 23:54:46,306 Not Found: /static/admin/css/responsive.css
WARNING 2024-03-02 23:54:46,306 Not Found: /static/admin/js/change_form.js
WARNING 2024-03-02 23:54:46,306 "GET /static/admin/js/nav_sidebar.js HTTP/1.1" 404 179
WARNING 2024-03-02 23:54:46,307 "GET /static/admin/css/responsive.css HTTP/1.1" 404 179
WARNING 2024-03-02 23:54:46,307 "GET /static/admin/js/change_form.js HTTP/1.1" 404 179
WARNING 2024-03-02 23:55:01,964 Not Found: /static/admin/css/base.css
WARNING 2024-03-02 23:55:01,965 Not Found: /static/admin/css/responsive.css
WARNING 2024-03-02 23:55:01,966 Not Found: /static/admin/css/forms.css
WARNING 2024-03-02 23:55:01,966 Not Found: /static/admin/css/nav_sidebar.css
WARNING 2024-03-02 23:55:01,967 Not Found: /static/admin/css/dark_mode.css
WARNING 2024-03-02 23:55:01,968 "GET /static/admin/css/responsive.css HTTP/1.1" 404 179
WARNING 2024-03-02 23:55:01,968 "GET /static/admin/css/forms.css HTTP/1.1" 404 179
WARNING 2024-03-02 23:55:01,968 "GET /static/admin/css/base.css HTTP/1.1" 404 179
WARNING 2024-03-02 23:55:01,968 "GET /static/admin/css/nav_sidebar.css HTTP/1.1" 404 179
WARNING 2024-03-02 23:55:01,968 "GET /static/admin/css/dark_mode.css HTTP/1.1" 404 179
INFO 2024-03-02 23:57:29,698 "GET /admin/storeapp/order/ HTTP/1.1" 200 18635
WARNING 2024-03-02 23:57:29,705 Not Found: /static/admin/css/base.css
WARNING 2024-03-02 23:57:29,706 Not Found: /static/admin/css/dark_mode.css
WARNING 2024-03-02 23:57:29,707 Not Found: /static/admin/css/nav_sidebar.css
WARNING 2024-03-02 23:57:29,708 Not Found: /static/admin/js/vendor/jquery/jquery.min.js
WARNING 2024-03-02 23:57:29,709 Not Found: /static/admin/css/changelists.css
WARNING 2024-03-02 23:57:29,709 "GET /static/admin/css/base.css HTTP/1.1" 404 179
WARNING 2024-03-02 23:57:29,710 "GET /static/admin/css/dark_mode.css HTTP/1.1" 404 179
WARNING 2024-03-02 23:57:29,710 "GET /static/admin/css/nav_sidebar.css HTTP/1.1" 404 179
WARNING 2024-03-02 23:57:29,712 Not Found: /static/admin/css/responsive.css
WARNING 2024-03-02 23:57:29,712 "GET /static/admin/js/vendor/jquery/jquery.min.js HTTP/1.1" 404 179
WARNING 2024-03-02 23:57:29,713 Not Found: /static/admin/js/jquery.init.js
WARNING 2024-03-02 23:57:29,715 Not Found: /static/admin/js/core.js
WARNING 2024-03-02 23:57:29,716 "GET /static/admin/css/changelists.css HTTP/1.1" 404 179
WARNING 2024-03-02 23:57:29,716 Not Found: /static/admin/js/admin/RelatedObjectLookups.js
WARNING 2024-03-02 23:57:29,717 Not Found: /static/admin/js/actions.js
WARNING 2024-03-02 23:57:29,717 "GET /static/admin/css/responsive.css HTTP/1.1" 404 179
INFO 2024-03-02 23:57:29,719 - Broken pipe from ('127.0.0.1', 59181)
WARNING 2024-03-02 23:57:29,720 "GET /static/admin/js/jquery.init.js HTTP/1.1" 404 179
WARNING 2024-03-02 23:57:29,720 "GET /static/admin/js/core.js HTTP/1.1" 404 179
WARNING 2024-03-02 23:57:29,722 Not Found: /static/admin/js/urlify.js
WARNING 2024-03-02 23:57:29,722 "GET /static/admin/js/actions.js HTTP/1.1" 404 179
WARNING 2024-03-02 23:57:29,724 Not Found: /static/admin/js/prepopulate.js
WARNING 2024-03-02 23:57:29,724 "GET /static/admin/js/admin/RelatedObjectLookups.js HTTP/1.1" 404 179
WARNING 2024-03-02 23:57:29,725 Not Found: /static/admin/js/vendor/xregexp/xregexp.min.js
INFO 2024-03-02 23:57:29,725 "GET /admin/jsi18n/ HTTP/1.1" 200 17546
WARNING 2024-03-02 23:57:29,725 "GET /static/admin/js/urlify.js HTTP/1.1" 404 179
WARNING 2024-03-02 23:57:29,725 "GET /static/admin/js/prepopulate.js HTTP/1.1" 404 179
WARNING 2024-03-02 23:57:29,726 "GET /static/admin/js/vendor/xregexp/xregexp.min.js HTTP/1.1" 404 179
WARNING 2024-03-02 23:57:29,730 Not Found: /static/admin/img/search.svg
WARNING 2024-03-02 23:57:29,730 Not Found: /static/admin/js/theme.js
WARNING 2024-03-02 23:57:29,731 Not Found: /static/admin/css/responsive.css
WARNING 2024-03-02 23:57:29,731 Not Found: /static/admin/js/nav_sidebar.js
WARNING 2024-03-02 23:57:29,732 Not Found: /static/admin/js/filters.js
WARNING 2024-03-02 23:57:29,732 "GET /static/admin/img/search.svg HTTP/1.1" 404 179
WARNING 2024-03-02 23:57:29,732 "GET /static/admin/js/theme.js HTTP/1.1" 404 179
WARNING 2024-03-02 23:57:29,734 "GET /static/admin/js/filters.js HTTP/1.1" 404 179
WARNING 2024-03-02 23:57:29,734 "GET /static/admin/css/responsive.css HTTP/1.1" 404 179
WARNING 2024-03-02 23:57:29,734 "GET /static/admin/js/nav_sidebar.js HTTP/1.1" 404 179
INFO 2024-03-02 23:57:42,133 "GET /admin/storeapp/order/6/change/ HTTP/1.1" 200 11864
WARNING 2024-03-02 23:57:42,139 Not Found: /static/admin/css/base.css
WARNING 2024-03-02 23:57:42,140 Not Found: /static/admin/css/dark_mode.css
WARNING 2024-03-02 23:57:42,141 Not Found: /static/admin/css/nav_sidebar.css
WARNING 2024-03-02 23:57:42,141 Not Found: /static/admin/css/forms.css
WARNING 2024-03-02 23:57:42,141 Not Found: /static/admin/js/vendor/jquery/jquery.min.js
WARNING 2024-03-02 23:57:42,142 "GET /static/admin/css/dark_mode.css HTTP/1.1" 404 179
WARNING 2024-03-02 23:57:42,143 "GET /static/admin/css/base.css HTTP/1.1" 404 179
WARNING 2024-03-02 23:57:42,143 "GET /static/admin/css/nav_sidebar.css HTTP/1.1" 404 179
WARNING 2024-03-02 23:57:42,144 Not Found: /static/admin/css/responsive.css
WARNING 2024-03-02 23:57:42,144 "GET /static/admin/js/vendor/jquery/jquery.min.js HTTP/1.1" 404 179
WARNING 2024-03-02 23:57:42,144 "GET /static/admin/css/forms.css HTTP/1.1" 404 179
WARNING 2024-03-02 23:57:42,145 Not Found: /static/admin/js/jquery.init.js
WARNING 2024-03-02 23:57:42,147 Not Found: /static/admin/js/core.js
WARNING 2024-03-02 23:57:42,147 Not Found: /static/admin/js/admin/RelatedObjectLookups.js
WARNING 2024-03-02 23:57:42,148 Not Found: /static/admin/js/actions.js
WARNING 2024-03-02 23:57:42,148 "GET /static/admin/css/responsive.css HTTP/1.1" 404 179
WARNING 2024-03-02 23:57:42,150 Not Found: /static/admin/js/urlify.js
WARNING 2024-03-02 23:57:42,151 "GET /static/admin/js/jquery.init.js HTTP/1.1" 404 179
WARNING 2024-03-02 23:57:42,151 "GET /static/admin/js/admin/RelatedObjectLookups.js HTTP/1.1" 404 179
INFO 2024-03-02 23:57:42,151 - Broken pipe from ('127.0.0.1', 59279)
WARNING 2024-03-02 23:57:42,151 "GET /static/admin/js/core.js HTTP/1.1" 404 179
WARNING 2024-03-02 23:57:42,152 Not Found: /static/admin/js/prepopulate.js
WARNING 2024-03-02 23:57:42,152 "GET /static/admin/js/actions.js HTTP/1.1" 404 179
WARNING 2024-03-02 23:57:42,153 Not Found: /static/admin/js/vendor/xregexp/xregexp.min.js
WARNING 2024-03-02 23:57:42,154 "GET /static/admin/js/urlify.js HTTP/1.1" 404 179
WARNING 2024-03-02 23:57:42,155 Not Found: /static/admin/js/prepopulate_init.js
INFO 2024-03-02 23:57:42,155 "GET /admin/jsi18n/ HTTP/1.1" 200 17546
WARNING 2024-03-02 23:57:42,157 "GET /static/admin/js/prepopulate.js HTTP/1.1" 404 179
WARNING 2024-03-02 23:57:42,157 "GET /static/admin/js/vendor/xregexp/xregexp.min.js HTTP/1.1" 404 179
WARNING 2024-03-02 23:57:42,157 "GET /static/admin/js/prepopulate_init.js HTTP/1.1" 404 179
WARNING 2024-03-02 23:57:42,161 Not Found: /static/admin/js/theme.js
WARNING 2024-03-02 23:57:42,161 Not Found: /static/admin/css/responsive.css
WARNING 2024-03-02 23:57:42,162 Not Found: /static/admin/js/nav_sidebar.js
WARNING 2024-03-02 23:57:42,163 Not Found: /static/admin/js/change_form.js
WARNING 2024-03-02 23:57:42,164 "GET /static/admin/js/theme.js HTTP/1.1" 404 179
WARNING 2024-03-02 23:57:42,164 "GET /static/admin/css/responsive.css HTTP/1.1" 404 179
WARNING 2024-03-02 23:57:42,164 "GET /static/admin/js/nav_sidebar.js HTTP/1.1" 404 179
WARNING 2024-03-02 23:57:42,164 "GET /static/admin/js/change_form.js HTTP/1.1" 404 179
INFO 2024-03-02 23:58:24,214 C:\Users\shuri\PycharmProjects\Homework6\hw6\storeapp\admin.py changed, reloading.
INFO 2024-03-02 23:58:24,681 Watching for file changes with StatReloader
INFO 2024-03-02 23:59:51,509 "GET /admin/ HTTP/1.1" 200 7543
WARNING 2024-03-02 23:59:51,523 Not Found: /static/admin/css/dark_mode.css
WARNING 2024-03-02 23:59:51,524 Not Found: /static/admin/css/base.css
WARNING 2024-03-02 23:59:51,524 Not Found: /static/admin/css/dashboard.css
WARNING 2024-03-02 23:59:51,525 Not Found: /static/admin/css/responsive.css
WARNING 2024-03-02 23:59:51,526 Not Found: /static/admin/css/nav_sidebar.css
WARNING 2024-03-02 23:59:51,527 Not Found: /static/admin/js/theme.js
WARNING 2024-03-02 23:59:51,528 "GET /static/admin/css/dark_mode.css HTTP/1.1" 404 179
WARNING 2024-03-02 23:59:51,528 "GET /static/admin/css/base.css HTTP/1.1" 404 179
WARNING 2024-03-02 23:59:51,528 "GET /static/admin/css/dashboard.css HTTP/1.1" 404 179
WARNING 2024-03-02 23:59:51,528 "GET /static/admin/css/responsive.css HTTP/1.1" 404 179
WARNING 2024-03-02 23:59:51,529 "GET /static/admin/css/nav_sidebar.css HTTP/1.1" 404 179
WARNING 2024-03-02 23:59:51,529 Not Found: /static/admin/js/nav_sidebar.js
WARNING 2024-03-02 23:59:51,530 "GET /static/admin/js/theme.js HTTP/1.1" 404 179
WARNING 2024-03-02 23:59:51,531 "GET /static/admin/js/nav_sidebar.js HTTP/1.1" 404 179
INFO 2024-03-03 00:00:21,272 "GET /admin/storeapp/products/add/ HTTP/1.1" 200 12756
WARNING 2024-03-03 00:00:21,278 Not Found: /static/admin/css/base.css
WARNING 2024-03-03 00:00:21,279 Not Found: /static/admin/css/dark_mode.css
WARNING 2024-03-03 00:00:21,280 Not Found: /static/admin/css/nav_sidebar.css
WARNING 2024-03-03 00:00:21,280 Not Found: /static/admin/js/core.js
WARNING 2024-03-03 00:00:21,281 Not Found: /static/admin/js/admin/RelatedObjectLookups.js
WARNING 2024-03-03 00:00:21,282 Not Found: /static/admin/css/forms.css
WARNING 2024-03-03 00:00:21,282 "GET /static/admin/css/base.css HTTP/1.1" 404 179
WARNING 2024-03-03 00:00:21,283 "GET /static/admin/css/dark_mode.css HTTP/1.1" 404 179
WARNING 2024-03-03 00:00:21,283 Not Found: /static/admin/css/responsive.css
WARNING 2024-03-03 00:00:21,284 "GET /static/admin/css/nav_sidebar.css HTTP/1.1" 404 179
INFO 2024-03-03 00:00:21,284 - Broken pipe from ('127.0.0.1', 59435)
WARNING 2024-03-03 00:00:21,284 "GET /static/admin/js/core.js HTTP/1.1" 404 179
WARNING 2024-03-03 00:00:21,286 "GET /static/admin/css/forms.css HTTP/1.1" 404 179
WARNING 2024-03-03 00:00:21,286 "GET /static/admin/js/admin/RelatedObjectLookups.js HTTP/1.1" 404 179
WARNING 2024-03-03 00:00:21,287 Not Found: /static/admin/js/vendor/jquery/jquery.min.js
WARNING 2024-03-03 00:00:21,289 Not Found: /static/admin/js/actions.js
WARNING 2024-03-03 00:00:21,289 "GET /static/admin/css/responsive.css HTTP/1.1" 404 179
WARNING 2024-03-03 00:00:21,291 Not Found: /static/admin/js/jquery.init.js
WARNING 2024-03-03 00:00:21,291 Not Found: /static/admin/js/urlify.js
WARNING 2024-03-03 00:00:21,294 Not Found: /static/admin/js/prepopulate.js
WARNING 2024-03-03 00:00:21,294 "GET /static/admin/js/vendor/jquery/jquery.min.js HTTP/1.1" 404 179
WARNING 2024-03-03 00:00:21,295 "GET /static/admin/js/actions.js HTTP/1.1" 404 179
WARNING 2024-03-03 00:00:21,296 Not Found: /static/admin/js/vendor/xregexp/xregexp.min.js
WARNING 2024-03-03 00:00:21,296 "GET /static/admin/js/jquery.init.js HTTP/1.1" 404 179
WARNING 2024-03-03 00:00:21,297 "GET /static/admin/js/prepopulate.js HTTP/1.1" 404 179
WARNING 2024-03-03 00:00:21,297 Not Found: /static/admin/js/prepopulate_init.js
WARNING 2024-03-03 00:00:21,297 "GET /static/admin/js/urlify.js HTTP/1.1" 404 179
WARNING 2024-03-03 00:00:21,300 "GET /static/admin/js/vendor/xregexp/xregexp.min.js HTTP/1.1" 404 179
INFO 2024-03-03 00:00:21,301 - Broken pipe from ('127.0.0.1', 59443)
WARNING 2024-03-03 00:00:21,301 "GET /static/admin/js/prepopulate_init.js HTTP/1.1" 404 179
INFO 2024-03-03 00:00:21,301 "GET /admin/jsi18n/ HTTP/1.1" 200 17546
WARNING 2024-03-03 00:00:21,304 Not Found: /static/admin/js/theme.js
WARNING 2024-03-03 00:00:21,305 Not Found: /static/admin/js/nav_sidebar.js
WARNING 2024-03-03 00:00:21,305 "GET /static/admin/js/theme.js HTTP/1.1" 404 179
WARNING 2024-03-03 00:00:21,309 Not Found: /static/admin/css/responsive.css
WARNING 2024-03-03 00:00:21,310 Not Found: /static/admin/js/change_form.js
WARNING 2024-03-03 00:00:21,310 "GET /static/admin/js/nav_sidebar.js HTTP/1.1" 404 179
WARNING 2024-03-03 00:00:21,311 "GET /static/admin/css/responsive.css HTTP/1.1" 404 179
WARNING 2024-03-03 00:00:21,311 "GET /static/admin/js/change_form.js HTTP/1.1" 404 179
INFO 2024-03-03 00:01:22,955 "GET /admin/storeapp/ HTTP/1.1" 200 6330
WARNING 2024-03-03 00:01:22,961 Not Found: /static/admin/css/base.css
WARNING 2024-03-03 00:01:22,962 Not Found: /static/admin/css/nav_sidebar.css
WARNING 2024-03-03 00:01:22,962 Not Found: /static/admin/css/dark_mode.css
WARNING 2024-03-03 00:01:22,963 Not Found: /static/admin/css/dashboard.css
WARNING 2024-03-03 00:01:22,965 Not Found: /static/admin/css/responsive.css
WARNING 2024-03-03 00:01:22,965 Not Found: /static/admin/js/theme.js
WARNING 2024-03-03 00:01:22,965 "GET /static/admin/css/nav_sidebar.css HTTP/1.1" 404 179
WARNING 2024-03-03 00:01:22,965 "GET /static/admin/css/base.css HTTP/1.1" 404 179
WARNING 2024-03-03 00:01:22,966 "GET /static/admin/css/dark_mode.css HTTP/1.1" 404 179
WARNING 2024-03-03 00:01:22,967 Not Found: /static/admin/js/nav_sidebar.js
WARNING 2024-03-03 00:01:22,967 "GET /static/admin/css/responsive.css HTTP/1.1" 404 179
WARNING 2024-03-03 00:01:22,967 "GET /static/admin/js/theme.js HTTP/1.1" 404 179
WARNING 2024-03-03 00:01:22,967 "GET /static/admin/css/dashboard.css HTTP/1.1" 404 179
WARNING 2024-03-03 00:01:22,968 "GET /static/admin/js/nav_sidebar.js HTTP/1.1" 404 179
INFO 2024-03-03 00:02:04,398 Watching for file changes with StatReloader
INFO 2024-03-03 00:02:12,435 "GET /admin/storeapp/ HTTP/1.1" 200 6330
WARNING 2024-03-03 00:02:12,442 Not Found: /static/admin/css/base.css
WARNING 2024-03-03 00:02:12,442 Not Found: /static/admin/css/dark_mode.css
WARNING 2024-03-03 00:02:12,443 Not Found: /static/admin/css/nav_sidebar.css
WARNING 2024-03-03 00:02:12,445 Not Found: /static/admin/css/dashboard.css
WARNING 2024-03-03 00:02:12,447 Not Found: /static/admin/css/responsive.css
WARNING 2024-03-03 00:02:12,447 "GET /static/admin/css/nav_sidebar.css HTTP/1.1" 404 179
WARNING 2024-03-03 00:02:12,447 "GET /static/admin/css/base.css HTTP/1.1" 404 179
WARNING 2024-03-03 00:02:12,447 "GET /static/admin/css/dark_mode.css HTTP/1.1" 404 179
WARNING 2024-03-03 00:02:12,447 "GET /static/admin/css/dashboard.css HTTP/1.1" 404 179
WARNING 2024-03-03 00:02:12,448 Not Found: /static/admin/js/theme.js
WARNING 2024-03-03 00:02:12,448 "GET /static/admin/css/responsive.css HTTP/1.1" 404 179
WARNING 2024-03-03 00:02:12,449 Not Found: /static/admin/js/nav_sidebar.js
WARNING 2024-03-03 00:02:12,450 "GET /static/admin/js/theme.js HTTP/1.1" 404 179
WARNING 2024-03-03 00:02:12,451 "GET /static/admin/js/nav_sidebar.js HTTP/1.1" 404 179
INFO 2024-03-03 00:02:14,176 "GET /admin/storeapp/ HTTP/1.1" 200 6330
WARNING 2024-03-03 00:02:14,182 Not Found: /static/admin/css/base.css
WARNING 2024-03-03 00:02:14,183 Not Found: /static/admin/css/nav_sidebar.css
WARNING 2024-03-03 00:02:14,183 Not Found: /static/admin/css/dashboard.css
WARNING 2024-03-03 00:02:14,183 Not Found: /static/admin/css/dark_mode.css
WARNING 2024-03-03 00:02:14,184 Not Found: /static/admin/js/theme.js
WARNING 2024-03-03 00:02:14,185 Not Found: /static/admin/css/responsive.css
WARNING 2024-03-03 00:02:14,185 "GET /static/admin/css/base.css HTTP/1.1" 404 179
WARNING 2024-03-03 00:02:14,186 "GET /static/admin/css/nav_sidebar.css HTTP/1.1" 404 179
WARNING 2024-03-03 00:02:14,186 "GET /static/admin/css/dark_mode.css HTTP/1.1" 404 179
WARNING 2024-03-03 00:02:14,186 "GET /static/admin/css/dashboard.css HTTP/1.1" 404 179
WARNING 2024-03-03 00:02:14,187 "GET /static/admin/css/responsive.css HTTP/1.1" 404 179
WARNING 2024-03-03 00:02:14,187 "GET /static/admin/js/theme.js HTTP/1.1" 404 179
WARNING 2024-03-03 00:02:14,188 Not Found: /static/admin/js/nav_sidebar.js
WARNING 2024-03-03 00:02:14,189 "GET /static/admin/js/nav_sidebar.js HTTP/1.1" 404 179
INFO 2024-03-03 00:02:15,327 "GET /admin/storeapp/ HTTP/1.1" 200 6330
WARNING 2024-03-03 00:02:15,333 Not Found: /static/admin/css/base.css
WARNING 2024-03-03 00:02:15,334 Not Found: /static/admin/css/dark_mode.css
WARNING 2024-03-03 00:02:15,334 Not Found: /static/admin/css/nav_sidebar.css
WARNING 2024-03-03 00:02:15,335 Not Found: /static/admin/css/dashboard.css
WARNING 2024-03-03 00:02:15,336 Not Found: /static/admin/css/responsive.css
WARNING 2024-03-03 00:02:15,336 Not Found: /static/admin/js/theme.js
WARNING 2024-03-03 00:02:15,337 "GET /static/admin/css/base.css HTTP/1.1" 404 179
WARNING 2024-03-03 00:02:15,337 "GET /static/admin/css/dark_mode.css HTTP/1.1" 404 179
WARNING 2024-03-03 00:02:15,337 "GET /static/admin/css/nav_sidebar.css HTTP/1.1" 404 179
WARNING 2024-03-03 00:02:15,337 "GET /static/admin/css/dashboard.css HTTP/1.1" 404 179
WARNING 2024-03-03 00:02:15,338 "GET /static/admin/css/responsive.css HTTP/1.1" 404 179
WARNING 2024-03-03 00:02:15,338 "GET /static/admin/js/theme.js HTTP/1.1" 404 179
WARNING 2024-03-03 00:02:15,339 Not Found: /static/admin/js/nav_sidebar.js
WARNING 2024-03-03 00:02:15,340 "GET /static/admin/js/nav_sidebar.js HTTP/1.1" 404 179
INFO 2024-03-03 00:02:15,807 "GET /admin/storeapp/ HTTP/1.1" 200 6330
WARNING 2024-03-03 00:02:15,813 Not Found: /static/admin/css/base.css
WARNING 2024-03-03 00:02:15,813 Not Found: /static/admin/css/dark_mode.css
WARNING 2024-03-03 00:02:15,814 Not Found: /static/admin/css/nav_sidebar.css
WARNING 2024-03-03 00:02:15,815 Not Found: /static/admin/css/dashboard.css
WARNING 2024-03-03 00:02:15,815 Not Found: /static/admin/css/responsive.css
WARNING 2024-03-03 00:02:15,815 Not Found: /static/admin/js/theme.js
WARNING 2024-03-03 00:02:15,816 "GET /static/admin/css/base.css HTTP/1.1" 404 179
WARNING 2024-03-03 00:02:15,816 "GET /static/admin/css/dark_mode.css HTTP/1.1" 404 179
WARNING 2024-03-03 00:02:15,816 "GET /static/admin/css/nav_sidebar.css HTTP/1.1" 404 179
WARNING 2024-03-03 00:02:15,816 "GET /static/admin/css/dashboard.css HTTP/1.1" 404 179
WARNING 2024-03-03 00:02:15,817 "GET /static/admin/css/responsive.css HTTP/1.1" 404 179
WARNING 2024-03-03 00:02:15,817 "GET /static/admin/js/theme.js HTTP/1.1" 404 179
WARNING 2024-03-03 00:02:15,819 Not Found: /static/admin/js/nav_sidebar.js
WARNING 2024-03-03 00:02:15,820 "GET /static/admin/js/nav_sidebar.js HTTP/1.1" 404 179
INFO 2024-03-03 00:02:16,095 "GET /admin/storeapp/ HTTP/1.1" 200 6330
WARNING 2024-03-03 00:02:16,099 Not Found: /static/admin/css/dark_mode.css
WARNING 2024-03-03 00:02:16,100 Not Found: /static/admin/css/base.css
WARNING 2024-03-03 00:02:16,100 Not Found: /static/admin/css/nav_sidebar.css
WARNING 2024-03-03 00:02:16,101 Not Found: /static/admin/css/dashboard.css
WARNING 2024-03-03 00:02:16,101 Not Found: /static/admin/css/responsive.css
WARNING 2024-03-03 00:02:16,102 Not Found: /static/admin/js/theme.js
WARNING 2024-03-03 00:02:16,103 "GET /static/admin/css/base.css HTTP/1.1" 404 179
WARNING 2024-03-03 00:02:16,103 "GET /static/admin/css/dark_mode.css HTTP/1.1" 404 179
WARNING 2024-03-03 00:02:16,103 "GET /static/admin/css/nav_sidebar.css HTTP/1.1" 404 179
WARNING 2024-03-03 00:02:16,103 "GET /static/admin/css/dashboard.css HTTP/1.1" 404 179
WARNING 2024-03-03 00:02:16,103 "GET /static/admin/css/responsive.css HTTP/1.1" 404 179
WARNING 2024-03-03 00:02:16,103 "GET /static/admin/js/theme.js HTTP/1.1" 404 179
WARNING 2024-03-03 00:02:16,105 Not Found: /static/admin/js/nav_sidebar.js
WARNING 2024-03-03 00:02:16,106 "GET /static/admin/js/nav_sidebar.js HTTP/1.1" 404 179
INFO 2024-03-03 00:02:16,301 "GET /admin/storeapp/ HTTP/1.1" 200 6330
WARNING 2024-03-03 00:02:16,306 Not Found: /static/admin/css/base.css
WARNING 2024-03-03 00:02:16,307 Not Found: /static/admin/css/dark_mode.css
WARNING 2024-03-03 00:02:16,307 Not Found: /static/admin/css/dashboard.css
WARNING 2024-03-03 00:02:16,308 Not Found: /static/admin/css/nav_sidebar.css
WARNING 2024-03-03 00:02:16,308 Not Found: /static/admin/css/responsive.css
WARNING 2024-03-03 00:02:16,309 Not Found: /static/admin/js/theme.js
WARNING 2024-03-03 00:02:16,309 "GET /static/admin/css/base.css HTTP/1.1" 404 179
WARNING 2024-03-03 00:02:16,310 "GET /static/admin/css/dark_mode.css HTTP/1.1" 404 179
WARNING 2024-03-03 00:02:16,310 "GET /static/admin/css/nav_sidebar.css HTTP/1.1" 404 179
WARNING 2024-03-03 00:02:16,310 "GET /static/admin/css/responsive.css HTTP/1.1" 404 179
WARNING 2024-03-03 00:02:16,310 "GET /static/admin/css/dashboard.css HTTP/1.1" 404 179
WARNING 2024-03-03 00:02:16,310 "GET /static/admin/js/theme.js HTTP/1.1" 404 179
WARNING 2024-03-03 00:02:16,312 Not Found: /static/admin/js/nav_sidebar.js
WARNING 2024-03-03 00:02:16,312 "GET /static/admin/js/nav_sidebar.js HTTP/1.1" 404 179
INFO 2024-03-03 00:02:16,535 "GET /admin/storeapp/ HTTP/1.1" 200 6330
WARNING 2024-03-03 00:02:16,540 Not Found: /static/admin/css/base.css
WARNING 2024-03-03 00:02:16,541 Not Found: /static/admin/css/dark_mode.css
WARNING 2024-03-03 00:02:16,541 Not Found: /static/admin/css/nav_sidebar.css
WARNING 2024-03-03 00:02:16,541 Not Found: /static/admin/css/dashboard.css
WARNING 2024-03-03 00:02:16,542 Not Found: /static/admin/css/responsive.css
WARNING 2024-03-03 00:02:16,543 Not Found: /static/admin/js/theme.js
WARNING 2024-03-03 00:02:16,543 "GET /static/admin/css/dark_mode.css HTTP/1.1" 404 179
WARNING 2024-03-03 00:02:16,543 "GET /static/admin/css/base.css HTTP/1.1" 404 179
WARNING 2024-03-03 00:02:16,543 "GET /static/admin/css/dashboard.css HTTP/1.1" 404 179
WARNING 2024-03-03 00:02:16,544 "GET /static/admin/css/nav_sidebar.css HTTP/1.1" 404 179
WARNING 2024-03-03 00:02:16,544 "GET /static/admin/css/responsive.css HTTP/1.1" 404 179
WARNING 2024-03-03 00:02:16,544 "GET /static/admin/js/theme.js HTTP/1.1" 404 179
WARNING 2024-03-03 00:02:16,545 Not Found: /static/admin/js/nav_sidebar.js
WARNING 2024-03-03 00:02:16,547 "GET /static/admin/js/nav_sidebar.js HTTP/1.1" 404 179
INFO 2024-03-03 00:02:24,840 "GET /admin/ HTTP/1.1" 200 7543
WARNING 2024-03-03 00:02:24,846 Not Found: /static/admin/css/base.css
WARNING 2024-03-03 00:02:24,847 Not Found: /static/admin/css/dark_mode.css
WARNING 2024-03-03 00:02:24,847 Not Found: /static/admin/css/dashboard.css
WARNING 2024-03-03 00:02:24,848 Not Found: /static/admin/css/nav_sidebar.css
WARNING 2024-03-03 00:02:24,848 Not Found: /static/admin/css/responsive.css
WARNING 2024-03-03 00:02:24,849 Not Found: /static/admin/js/theme.js
WARNING 2024-03-03 00:02:24,850 "GET /static/admin/css/base.css HTTP/1.1" 404 179
WARNING 2024-03-03 00:02:24,850 "GET /static/admin/css/dashboard.css HTTP/1.1" 404 179
WARNING 2024-03-03 00:02:24,850 "GET /static/admin/css/nav_sidebar.css HTTP/1.1" 404 179
WARNING 2024-03-03 00:02:24,850 "GET /static/admin/css/dark_mode.css HTTP/1.1" 404 179
WARNING 2024-03-03 00:02:24,851 "GET /static/admin/css/responsive.css HTTP/1.1" 404 179
WARNING 2024-03-03 00:02:24,851 "GET /static/admin/js/theme.js HTTP/1.1" 404 179
WARNING 2024-03-03 00:02:24,853 Not Found: /static/admin/js/nav_sidebar.js
WARNING 2024-03-03 00:02:24,853 "GET /static/admin/js/nav_sidebar.js HTTP/1.1" 404 179
WARNING 2024-03-03 00:05:14,636 Not Found: /static/admin/css/base.css
WARNING 2024-03-03 00:05:14,637 Not Found: /static/admin/css/responsive.css
WARNING 2024-03-03 00:05:14,637 Not Found: /static/admin/css/nav_sidebar.css
WARNING 2024-03-03 00:05:14,638 Not Found: /static/admin/css/dashboard.css
WARNING 2024-03-03 00:05:14,638 Not Found: /static/admin/css/dark_mode.css
WARNING 2024-03-03 00:05:14,639 "GET /static/admin/css/base.css HTTP/1.1" 404 179
WARNING 2024-03-03 00:05:14,639 "GET /static/admin/css/nav_sidebar.css HTTP/1.1" 404 179
WARNING 2024-03-03 00:05:14,640 "GET /static/admin/css/responsive.css HTTP/1.1" 404 179
WARNING 2024-03-03 00:05:14,640 "GET /static/admin/css/dark_mode.css HTTP/1.1" 404 179
WARNING 2024-03-03 00:05:14,640 "GET /static/admin/css/dashboard.css HTTP/1.1" 404 179
WARNING 2024-03-03 00:07:23,301 Not Found: /static/admin/css/base.css
WARNING 2024-03-03 00:07:23,302 "GET /static/admin/css/base.css HTTP/1.1" 404 179
INFO 2024-03-03 00:08:50,035 "GET /admin/storeapp/client/ HTTP/1.1" 200 16242
WARNING 2024-03-03 00:08:50,059 Not Found: /static/admin/css/base.css
WARNING 2024-03-03 00:08:50,061 Not Found: /static/admin/css/dark_mode.css
WARNING 2024-03-03 00:08:50,062 Not Found: /static/admin/css/nav_sidebar.css
WARNING 2024-03-03 00:08:50,062 "GET /static/admin/css/base.css HTTP/1.1" 404 179
WARNING 2024-03-03 00:08:50,064 Not Found: /static/admin/js/theme.js
WARNING 2024-03-03 00:08:50,065 "GET /static/admin/css/dark_mode.css HTTP/1.1" 404 179
WARNING 2024-03-03 00:08:50,065 "GET /static/admin/css/nav_sidebar.css HTTP/1.1" 404 179
WARNING 2024-03-03 00:08:50,065 Not Found: /static/admin/js/nav_sidebar.js
WARNING 2024-03-03 00:08:50,066 Not Found: /static/admin/css/changelists.css
WARNING 2024-03-03 00:08:50,067 Not Found: /static/admin/js/vendor/jquery/jquery.min.js
WARNING 2024-03-03 00:08:50,067 "GET /static/admin/js/theme.js HTTP/1.1" 404 179
WARNING 2024-03-03 00:08:50,068 Not Found: /static/admin/js/jquery.init.js
WARNING 2024-03-03 00:08:50,069 Not Found: /static/admin/js/admin/RelatedObjectLookups.js
WARNING 2024-03-03 00:08:50,070 Not Found: /static/admin/js/core.js
WARNING 2024-03-03 00:08:50,070 "GET /static/admin/css/changelists.css HTTP/1.1" 404 179
WARNING 2024-03-03 00:08:50,070 "GET /static/admin/js/nav_sidebar.js HTTP/1.1" 404 179
WARNING 2024-03-03 00:08:50,070 "GET /static/admin/js/vendor/jquery/jquery.min.js HTTP/1.1" 404 179
WARNING 2024-03-03 00:08:50,071 Not Found: /static/admin/js/urlify.js
WARNING 2024-03-03 00:08:50,071 "GET /static/admin/js/admin/RelatedObjectLookups.js HTTP/1.1" 404 179
WARNING 2024-03-03 00:08:50,073 Not Found: /static/admin/js/actions.js
WARNING 2024-03-03 00:08:50,073 Not Found: /static/admin/js/prepopulate.js
WARNING 2024-03-03 00:08:50,073 "GET /static/admin/js/core.js HTTP/1.1" 404 179
WARNING 2024-03-03 00:08:50,073 "GET /static/admin/js/jquery.init.js HTTP/1.1" 404 179
WARNING 2024-03-03 00:08:50,074 Not Found: /static/admin/js/vendor/xregexp/xregexp.min.js
WARNING 2024-03-03 00:08:50,075 "GET /static/admin/js/urlify.js HTTP/1.1" 404 179
WARNING 2024-03-03 00:08:50,075 Not Found: /static/admin/css/responsive.css
WARNING 2024-03-03 00:08:50,076 Not Found: /static/admin/js/filters.js
WARNING 2024-03-03 00:08:50,077 "GET /static/admin/js/actions.js HTTP/1.1" 404 179
WARNING 2024-03-03 00:08:50,077 "GET /static/admin/js/prepopulate.js HTTP/1.1" 404 179
WARNING 2024-03-03 00:08:50,078 "GET /static/admin/js/vendor/xregexp/xregexp.min.js HTTP/1.1" 404 179
WARNING 2024-03-03 00:08:50,079 "GET /static/admin/js/filters.js HTTP/1.1" 404 179
WARNING 2024-03-03 00:08:50,079 "GET /static/admin/css/responsive.css HTTP/1.1" 404 179
INFO 2024-03-03 00:08:50,083 "GET /admin/jsi18n/ HTTP/1.1" 200 17546
WARNING 2024-03-03 00:08:50,084 Not Found: /static/admin/img/search.svg
WARNING 2024-03-03 00:08:50,085 "GET /static/admin/img/search.svg HTTP/1.1" 404 179
WARNING 2024-03-03 00:08:50,086 Not Found: /static/admin/js/vendor/jquery/jquery.min.js
WARNING 2024-03-03 00:08:50,087 "GET /static/admin/js/vendor/jquery/jquery.min.js HTTP/1.1" 404 179
WARNING 2024-03-03 00:08:50,089 Not Found: /static/admin/js/jquery.init.js
WARNING 2024-03-03 00:08:50,090 "GET /static/admin/js/jquery.init.js HTTP/1.1" 404 179
WARNING 2024-03-03 00:08:50,091 Not Found: /static/admin/js/core.js
WARNING 2024-03-03 00:08:50,092 "GET /static/admin/js/core.js HTTP/1.1" 404 179
WARNING 2024-03-03 00:08:50,094 Not Found: /static/admin/js/admin/RelatedObjectLookups.js
WARNING 2024-03-03 00:08:50,094 "GET /static/admin/js/admin/RelatedObjectLookups.js HTTP/1.1" 404 179
WARNING 2024-03-03 00:08:50,096 Not Found: /static/admin/js/actions.js
WARNING 2024-03-03 00:08:50,096 "GET /static/admin/js/actions.js HTTP/1.1" 404 179
WARNING 2024-03-03 00:08:50,098 Not Found: /static/admin/js/urlify.js
WARNING 2024-03-03 00:08:50,099 "GET /static/admin/js/urlify.js HTTP/1.1" 404 179
WARNING 2024-03-03 00:08:50,100 Not Found: /static/admin/js/prepopulate.js
WARNING 2024-03-03 00:08:50,101 "GET /static/admin/js/prepopulate.js HTTP/1.1" 404 179
WARNING 2024-03-03 00:08:50,103 Not Found: /static/admin/js/vendor/xregexp/xregexp.min.js
WARNING 2024-03-03 00:08:50,103 "GET /static/admin/js/vendor/xregexp/xregexp.min.js HTTP/1.1" 404 179
WARNING 2024-03-03 00:08:50,105 Not Found: /static/admin/js/filters.js
WARNING 2024-03-03 00:08:50,105 Not Found: /static/admin/css/responsive.css
WARNING 2024-03-03 00:08:50,106 "GET /static/admin/js/filters.js HTTP/1.1" 404 179
WARNING 2024-03-03 00:08:50,106 "GET /static/admin/css/responsive.css HTTP/1.1" 404 179
WARNING 2024-03-03 00:08:50,107 Not Found: /static/admin/img/search.svg
WARNING 2024-03-03 00:08:50,107 "GET /static/admin/img/search.svg HTTP/1.1" 404 179
INFO 2024-03-03 00:08:50,892 "GET /admin/storeapp/client/ HTTP/1.1" 200 16242
WARNING 2024-03-03 00:08:50,912 Not Found: /static/admin/css/base.css
WARNING 2024-03-03 00:08:50,913 Not Found: /static/admin/css/dark_mode.css
WARNING 2024-03-03 00:08:50,913 Not Found: /static/admin/css/nav_sidebar.css
WARNING 2024-03-03 00:08:50,914 Not Found: /static/admin/js/theme.js
WARNING 2024-03-03 00:08:50,914 Not Found: /static/admin/js/nav_sidebar.js
WARNING 2024-03-03 00:08:50,915 Not Found: /static/admin/css/changelists.css
WARNING 2024-03-03 00:08:50,916 "GET /static/admin/css/dark_mode.css HTTP/1.1" 404 179
WARNING 2024-03-03 00:08:50,916 "GET /static/admin/js/theme.js HTTP/1.1" 404 179
WARNING 2024-03-03 00:08:50,916 "GET /static/admin/css/base.css HTTP/1.1" 404 179
WARNING 2024-03-03 00:08:50,919 "GET /static/admin/js/nav_sidebar.js HTTP/1.1" 404 179
WARNING 2024-03-03 00:08:50,919 "GET /static/admin/css/nav_sidebar.css HTTP/1.1" 404 179
WARNING 2024-03-03 00:08:50,920 Not Found: /static/admin/js/core.js
WARNING 2024-03-03 00:08:50,920 "GET /static/admin/css/changelists.css HTTP/1.1" 404 179
WARNING 2024-03-03 00:08:50,921 Not Found: /static/admin/js/vendor/jquery/jquery.min.js
WARNING 2024-03-03 00:08:50,921 Not Found: /static/admin/js/admin/RelatedObjectLookups.js
WARNING 2024-03-03 00:08:50,922 Not Found: /static/admin/js/jquery.init.js
WARNING 2024-03-03 00:08:50,924 Not Found: /static/admin/js/actions.js
WARNING 2024-03-03 00:08:50,925 "GET /static/admin/js/core.js HTTP/1.1" 404 179
WARNING 2024-03-03 00:08:50,925 "GET /static/admin/js/vendor/jquery/jquery.min.js HTTP/1.1" 404 179
WARNING 2024-03-03 00:08:50,926 "GET /static/admin/js/admin/RelatedObjectLookups.js HTTP/1.1" 404 179
WARNING 2024-03-03 00:08:50,927 Not Found: /static/admin/js/urlify.js
WARNING 2024-03-03 00:08:50,927 "GET /static/admin/js/actions.js HTTP/1.1" 404 179
WARNING 2024-03-03 00:08:50,928 Not Found: /static/admin/js/prepopulate.js
WARNING 2024-03-03 00:08:50,928 "GET /static/admin/js/jquery.init.js HTTP/1.1" 404 179
WARNING 2024-03-03 00:08:50,929 Not Found: /static/admin/js/vendor/xregexp/xregexp.min.js
WARNING 2024-03-03 00:08:50,930 Not Found: /static/admin/js/filters.js
INFO 2024-03-03 00:08:50,930 "GET /admin/jsi18n/ HTTP/1.1" 200 17546
WARNING 2024-03-03 00:08:50,931 Not Found: /static/admin/css/responsive.css
WARNING 2024-03-03 00:08:50,931 "GET /static/admin/js/urlify.js HTTP/1.1" 404 179
WARNING 2024-03-03 00:08:50,932 "GET /static/admin/js/prepopulate.js HTTP/1.1" 404 179
WARNING 2024-03-03 00:08:50,932 "GET /static/admin/js/vendor/xregexp/xregexp.min.js HTTP/1.1" 404 179
WARNING 2024-03-03 00:08:50,933 "GET /static/admin/js/filters.js HTTP/1.1" 404 179
WARNING 2024-03-03 00:08:50,933 "GET /static/admin/css/responsive.css HTTP/1.1" 404 179
WARNING 2024-03-03 00:08:50,934 Not Found: /static/admin/js/vendor/jquery/jquery.min.js
WARNING 2024-03-03 00:08:50,934 Not Found: /static/admin/img/search.svg
WARNING 2024-03-03 00:08:50,935 "GET /static/admin/img/search.svg HTTP/1.1" 404 179
WARNING 2024-03-03 00:08:50,935 "GET /static/admin/js/vendor/jquery/jquery.min.js HTTP/1.1" 404 179
WARNING 2024-03-03 00:08:50,938 Not Found: /static/admin/js/jquery.init.js
WARNING 2024-03-03 00:08:50,938 "GET /static/admin/js/jquery.init.js HTTP/1.1" 404 179
WARNING 2024-03-03 00:08:50,940 Not Found: /static/admin/js/core.js
WARNING 2024-03-03 00:08:50,940 "GET /static/admin/js/core.js HTTP/1.1" 404 179
WARNING 2024-03-03 00:08:50,942 Not Found: /static/admin/js/admin/RelatedObjectLookups.js
WARNING 2024-03-03 00:08:50,943 "GET /static/admin/js/admin/RelatedObjectLookups.js HTTP/1.1" 404 179
WARNING 2024-03-03 00:08:50,945 Not Found: /static/admin/js/actions.js
WARNING 2024-03-03 00:08:50,946 "GET /static/admin/js/actions.js HTTP/1.1" 404 179
WARNING 2024-03-03 00:08:50,949 Not Found: /static/admin/js/urlify.js
WARNING 2024-03-03 00:08:50,949 "GET /static/admin/js/urlify.js HTTP/1.1" 404 179
WARNING 2024-03-03 00:08:50,952 Not Found: /static/admin/js/prepopulate.js
WARNING 2024-03-03 00:08:50,952 "GET /static/admin/js/prepopulate.js HTTP/1.1" 404 179
WARNING 2024-03-03 00:08:50,954 Not Found: /static/admin/js/vendor/xregexp/xregexp.min.js
WARNING 2024-03-03 00:08:50,955 "GET /static/admin/js/vendor/xregexp/xregexp.min.js HTTP/1.1" 404 179
WARNING 2024-03-03 00:08:50,958 Not Found: /static/admin/js/filters.js
WARNING 2024-03-03 00:08:50,958 Not Found: /static/admin/css/responsive.css
WARNING 2024-03-03 00:08:50,959 "GET /static/admin/js/filters.js HTTP/1.1" 404 179
WARNING 2024-03-03 00:08:50,959 "GET /static/admin/css/responsive.css HTTP/1.1" 404 179
WARNING 2024-03-03 00:08:50,960 Not Found: /static/admin/img/search.svg
WARNING 2024-03-03 00:08:50,960 "GET /static/admin/img/search.svg HTTP/1.1" 404 179
INFO 2024-03-03 00:08:51,739 "GET /admin/storeapp/client/ HTTP/1.1" 200 16242
WARNING 2024-03-03 00:08:51,756 Not Found: /static/admin/css/base.css
WARNING 2024-03-03 00:08:51,757 Not Found: /static/admin/css/dark_mode.css
WARNING 2024-03-03 00:08:51,757 Not Found: /static/admin/js/theme.js
WARNING 2024-03-03 00:08:51,758 Not Found: /static/admin/css/nav_sidebar.css
WARNING 2024-03-03 00:08:51,758 Not Found: /static/admin/js/nav_sidebar.js
WARNING 2024-03-03 00:08:51,759 Not Found: /static/admin/css/changelists.css
WARNING 2024-03-03 00:08:51,760 "GET /static/admin/css/base.css HTTP/1.1" 404 179
WARNING 2024-03-03 00:08:51,760 "GET /static/admin/css/dark_mode.css HTTP/1.1" 404 179
WARNING 2024-03-03 00:08:51,760 "GET /static/admin/js/theme.js HTTP/1.1" 404 179
WARNING 2024-03-03 00:08:51,761 "GET /static/admin/css/nav_sidebar.css HTTP/1.1" 404 179
WARNING 2024-03-03 00:08:51,763 "GET /static/admin/js/nav_sidebar.js HTTP/1.1" 404 179
WARNING 2024-03-03 00:08:51,763 "GET /static/admin/css/changelists.css HTTP/1.1" 404 179
WARNING 2024-03-03 00:08:51,764 Not Found: /static/admin/js/vendor/jquery/jquery.min.js
WARNING 2024-03-03 00:08:51,764 Not Found: /static/admin/js/core.js
WARNING 2024-03-03 00:08:51,765 Not Found: /static/admin/js/admin/RelatedObjectLookups.js
WARNING 2024-03-03 00:08:51,766 Not Found: /static/admin/js/jquery.init.js
WARNING 2024-03-03 00:08:51,767 Not Found: /static/admin/js/actions.js
WARNING 2024-03-03 00:08:51,768 "GET /static/admin/js/core.js HTTP/1.1" 404 179
WARNING 2024-03-03 00:08:51,769 "GET /static/admin/js/jquery.init.js HTTP/1.1" 404 179
WARNING 2024-03-03 00:08:51,769 "GET /static/admin/js/admin/RelatedObjectLookups.js HTTP/1.1" 404 179
WARNING 2024-03-03 00:08:51,770 Not Found: /static/admin/js/urlify.js
WARNING 2024-03-03 00:08:51,770 "GET /static/admin/js/vendor/jquery/jquery.min.js HTTP/1.1" 404 179
WARNING 2024-03-03 00:08:51,770 "GET /static/admin/js/actions.js HTTP/1.1" 404 179
WARNING 2024-03-03 00:08:51,770 Not Found: /static/admin/js/vendor/xregexp/xregexp.min.js
WARNING 2024-03-03 00:08:51,771 Not Found: /static/admin/js/filters.js
WARNING 2024-03-03 00:08:51,772 Not Found: /static/admin/js/prepopulate.js
WARNING 2024-03-03 00:08:51,773 "GET /static/admin/js/urlify.js HTTP/1.1" 404 179
INFO 2024-03-03 00:08:51,773 "GET /admin/jsi18n/ HTTP/1.1" 200 17546
WARNING 2024-03-03 00:08:51,773 Not Found: /static/admin/css/responsive.css
WARNING 2024-03-03 00:08:51,775 "GET /static/admin/js/filters.js HTTP/1.1" 404 179
WARNING 2024-03-03 00:08:51,775 "GET /static/admin/js/vendor/xregexp/xregexp.min.js HTTP/1.1" 404 179
WARNING 2024-03-03 00:08:51,775 "GET /static/admin/js/prepopulate.js HTTP/1.1" 404 179
WARNING 2024-03-03 00:08:51,776 "GET /static/admin/css/responsive.css HTTP/1.1" 404 179
WARNING 2024-03-03 00:08:51,776 Not Found: /static/admin/img/search.svg
WARNING 2024-03-03 00:08:51,777 Not Found: /static/admin/js/vendor/jquery/jquery.min.js
WARNING 2024-03-03 00:08:51,777 "GET /static/admin/img/search.svg HTTP/1.1" 404 179
WARNING 2024-03-03 00:08:51,778 "GET /static/admin/js/vendor/jquery/jquery.min.js HTTP/1.1" 404 179
WARNING 2024-03-03 00:08:51,781 Not Found: /static/admin/js/jquery.init.js
WARNING 2024-03-03 00:08:51,781 "GET /static/admin/js/jquery.init.js HTTP/1.1" 404 179
WARNING 2024-03-03 00:08:51,783 Not Found: /static/admin/js/core.js
WARNING 2024-03-03 00:08:51,783 "GET /static/admin/js/core.js HTTP/1.1" 404 179
WARNING 2024-03-03 00:08:51,785 Not Found: /static/admin/js/admin/RelatedObjectLookups.js
WARNING 2024-03-03 00:08:51,785 "GET /static/admin/js/admin/RelatedObjectLookups.js HTTP/1.1" 404 179
WARNING 2024-03-03 00:08:51,787 Not Found: /static/admin/js/actions.js
WARNING 2024-03-03 00:08:51,787 "GET /static/admin/js/actions.js HTTP/1.1" 404 179
WARNING 2024-03-03 00:08:51,790 Not Found: /static/admin/js/urlify.js
WARNING 2024-03-03 00:08:51,791 "GET /static/admin/js/urlify.js HTTP/1.1" 404 179
WARNING 2024-03-03 00:08:51,793 Not Found: /static/admin/js/prepopulate.js
WARNING 2024-03-03 00:08:51,793 "GET /static/admin/js/prepopulate.js HTTP/1.1" 404 179
WARNING 2024-03-03 00:08:51,794 Not Found: /static/admin/js/vendor/xregexp/xregexp.min.js
WARNING 2024-03-03 00:08:51,795 "GET /static/admin/js/vendor/xregexp/xregexp.min.js HTTP/1.1" 404 179
WARNING 2024-03-03 00:08:51,797 Not Found: /static/admin/js/filters.js
WARNING 2024-03-03 00:08:51,798 Not Found: /static/admin/css/responsive.css
WARNING 2024-03-03 00:08:51,799 "GET /static/admin/js/filters.js HTTP/1.1" 404 179
WARNING 2024-03-03 00:08:51,799 "GET /static/admin/css/responsive.css HTTP/1.1" 404 179
WARNING 2024-03-03 00:08:51,799 Not Found: /static/admin/img/search.svg
WARNING 2024-03-03 00:08:51,801 "GET /static/admin/img/search.svg HTTP/1.1" 404 179
INFO 2024-03-03 00:08:52,419 "GET /admin/storeapp/client/ HTTP/1.1" 200 16242
WARNING 2024-03-03 00:08:52,437 Not Found: /static/admin/css/base.css
WARNING 2024-03-03 00:08:52,437 Not Found: /static/admin/css/dark_mode.css
WARNING 2024-03-03 00:08:52,438 Not Found: /static/admin/js/theme.js
WARNING 2024-03-03 00:08:52,438 Not Found: /static/admin/css/nav_sidebar.css
WARNING 2024-03-03 00:08:52,439 Not Found: /static/admin/js/nav_sidebar.js
WARNING 2024-03-03 00:08:52,439 Not Found: /static/admin/css/changelists.css
WARNING 2024-03-03 00:08:52,440 "GET /static/admin/css/base.css HTTP/1.1" 404 179
WARNING 2024-03-03 00:08:52,440 "GET /static/admin/css/dark_mode.css HTTP/1.1" 404 179
WARNING 2024-03-03 00:08:52,440 "GET /static/admin/js/theme.js HTTP/1.1" 404 179
WARNING 2024-03-03 00:08:52,441 "GET /static/admin/css/nav_sidebar.css HTTP/1.1" 404 179
WARNING 2024-03-03 00:08:52,443 Not Found: /static/admin/js/jquery.init.js
WARNING 2024-03-03 00:08:52,443 "GET /static/admin/js/nav_sidebar.js HTTP/1.1" 404 179
WARNING 2024-03-03 00:08:52,443 Not Found: /static/admin/js/vendor/jquery/jquery.min.js
WARNING 2024-03-03 00:08:52,444 "GET /static/admin/css/changelists.css HTTP/1.1" 404 179
WARNING 2024-03-03 00:08:52,444 Not Found: /static/admin/js/core.js
WARNING 2024-03-03 00:08:52,447 Not Found: /static/admin/js/admin/RelatedObjectLookups.js
WARNING 2024-03-03 00:08:52,448 Not Found: /static/admin/js/actions.js
WARNING 2024-03-03 00:08:52,448 "GET /static/admin/js/jquery.init.js HTTP/1.1" 404 179
WARNING 2024-03-03 00:08:52,449 "GET /static/admin/js/vendor/jquery/jquery.min.js HTTP/1.1" 404 179
WARNING 2024-03-03 00:08:52,450 Not Found: /static/admin/js/urlify.js
WARNING 2024-03-03 00:08:52,450 "GET /static/admin/js/core.js HTTP/1.1" 404 179
WARNING 2024-03-03 00:08:52,450 "GET /static/admin/js/admin/RelatedObjectLookups.js HTTP/1.1" 404 179
WARNING 2024-03-03 00:08:52,451 Not Found: /static/admin/js/prepopulate.js
WARNING 2024-03-03 00:08:52,452 "GET /static/admin/js/actions.js HTTP/1.1" 404 179
WARNING 2024-03-03 00:08:52,452 Not Found: /static/admin/js/vendor/xregexp/xregexp.min.js
WARNING 2024-03-03 00:08:52,453 "GET /static/admin/js/urlify.js HTTP/1.1" 404 179
WARNING 2024-03-03 00:08:52,453 Not Found: /static/admin/js/filters.js
INFO 2024-03-03 00:08:52,453 "GET /admin/jsi18n/ HTTP/1.1" 200 17546
WARNING 2024-03-03 00:08:52,454 Not Found: /static/admin/css/responsive.css
WARNING 2024-03-03 00:08:52,454 "GET /static/admin/js/prepopulate.js HTTP/1.1" 404 179
WARNING 2024-03-03 00:08:52,454 "GET /static/admin/js/vendor/xregexp/xregexp.min.js HTTP/1.1" 404 179
WARNING 2024-03-03 00:08:52,456 "GET /static/admin/js/filters.js HTTP/1.1" 404 179
WARNING 2024-03-03 00:08:52,456 Not Found: /static/admin/js/vendor/jquery/jquery.min.js
WARNING 2024-03-03 00:08:52,457 "GET /static/admin/css/responsive.css HTTP/1.1" 404 179
WARNING 2024-03-03 00:08:52,457 Not Found: /static/admin/img/search.svg
WARNING 2024-03-03 00:08:52,457 "GET /static/admin/js/vendor/jquery/jquery.min.js HTTP/1.1" 404 179
WARNING 2024-03-03 00:08:52,459 "GET /static/admin/img/search.svg HTTP/1.1" 404 179
WARNING 2024-03-03 00:08:52,460 Not Found: /static/admin/js/jquery.init.js
WARNING 2024-03-03 00:08:52,460 "GET /static/admin/js/jquery.init.js HTTP/1.1" 404 179
WARNING 2024-03-03 00:08:52,462 Not Found: /static/admin/js/core.js
WARNING 2024-03-03 00:08:52,463 "GET /static/admin/js/core.js HTTP/1.1" 404 179
WARNING 2024-03-03 00:08:52,465 Not Found: /static/admin/js/admin/RelatedObjectLookups.js
WARNING 2024-03-03 00:08:52,465 "GET /static/admin/js/admin/RelatedObjectLookups.js HTTP/1.1" 404 179
WARNING 2024-03-03 00:08:52,467 Not Found: /static/admin/js/actions.js
WARNING 2024-03-03 00:08:52,468 "GET /static/admin/js/actions.js HTTP/1.1" 404 179
WARNING 2024-03-03 00:08:52,470 Not Found: /static/admin/js/urlify.js
WARNING 2024-03-03 00:08:52,470 "GET /static/admin/js/urlify.js HTTP/1.1" 404 179
WARNING 2024-03-03 00:08:52,472 Not Found: /static/admin/js/prepopulate.js
WARNING 2024-03-03 00:08:52,472 "GET /static/admin/js/prepopulate.js HTTP/1.1" 404 179
WARNING 2024-03-03 00:08:52,475 Not Found: /static/admin/js/vendor/xregexp/xregexp.min.js
WARNING 2024-03-03 00:08:52,475 "GET /static/admin/js/vendor/xregexp/xregexp.min.js HTTP/1.1" 404 179
WARNING 2024-03-03 00:08:52,477 Not Found: /static/admin/js/filters.js
WARNING 2024-03-03 00:08:52,478 Not Found: /static/admin/css/responsive.css
WARNING 2024-03-03 00:08:52,478 "GET /static/admin/css/responsive.css HTTP/1.1" 404 179
WARNING 2024-03-03 00:08:52,478 "GET /static/admin/js/filters.js HTTP/1.1" 404 179
WARNING 2024-03-03 00:08:52,479 Not Found: /static/admin/img/search.svg
WARNING 2024-03-03 00:08:52,479 "GET /static/admin/img/search.svg HTTP/1.1" 404 179
INFO 2024-03-03 00:10:13,039 Watching for file changes with StatReloader
INFO 2024-03-03 00:10:39,146 "GET /admin/ HTTP/1.1" 200 7543
WARNING 2024-03-03 00:10:39,154 Not Found: /static/admin/css/base.css
WARNING 2024-03-03 00:10:39,155 Not Found: /static/admin/css/dark_mode.css
WARNING 2024-03-03 00:10:39,155 Not Found: /static/admin/css/dashboard.css
WARNING 2024-03-03 00:10:39,156 Not Found: /static/admin/css/nav_sidebar.css
WARNING 2024-03-03 00:10:39,157 Not Found: /static/admin/css/responsive.css
WARNING 2024-03-03 00:10:39,158 "GET /static/admin/css/base.css HTTP/1.1" 404 179
WARNING 2024-03-03 00:10:39,158 "GET /static/admin/css/dark_mode.css HTTP/1.1" 404 179
WARNING 2024-03-03 00:10:39,160 Not Found: /static/admin/js/theme.js
WARNING 2024-03-03 00:10:39,161 Not Found: /static/admin/js/nav_sidebar.js
WARNING 2024-03-03 00:10:39,161 "GET /static/admin/css/dashboard.css HTTP/1.1" 404 179
WARNING 2024-03-03 00:10:39,161 "GET /static/admin/css/responsive.css HTTP/1.1" 404 179
WARNING 2024-03-03 00:10:39,161 "GET /static/admin/css/nav_sidebar.css HTTP/1.1" 404 179
INFO 2024-03-03 00:10:39,162 - Broken pipe from ('127.0.0.1', 59777)
WARNING 2024-03-03 00:10:39,162 "GET /static/admin/js/theme.js HTTP/1.1" 404 179
INFO 2024-03-03 00:10:39,164 - Broken pipe from ('127.0.0.1', 59778)
WARNING 2024-03-03 00:10:39,164 "GET /static/admin/js/nav_sidebar.js HTTP/1.1" 404 179
INFO 2024-03-03 00:10:41,505 "GET /admin/ HTTP/1.1" 200 7543
WARNING 2024-03-03 00:10:41,511 Not Found: /static/admin/css/base.css
WARNING 2024-03-03 00:10:41,511 Not Found: /static/admin/css/dark_mode.css
WARNING 2024-03-03 00:10:41,512 Not Found: /static/admin/css/dashboard.css
WARNING 2024-03-03 00:10:41,512 Not Found: /static/admin/css/responsive.css
WARNING 2024-03-03 00:10:41,513 Not Found: /static/admin/css/nav_sidebar.css
WARNING 2024-03-03 00:10:41,514 "GET /static/admin/css/base.css HTTP/1.1" 404 179
WARNING 2024-03-03 00:10:41,514 "GET /static/admin/css/dashboard.css HTTP/1.1" 404 179
WARNING 2024-03-03 00:10:41,514 "GET /static/admin/css/dark_mode.css HTTP/1.1" 404 179
WARNING 2024-03-03 00:10:41,515 Not Found: /static/admin/js/theme.js
WARNING 2024-03-03 00:10:41,515 "GET /static/admin/css/responsive.css HTTP/1.1" 404 179
WARNING 2024-03-03 00:10:41,516 Not Found: /static/admin/js/nav_sidebar.js
WARNING 2024-03-03 00:10:41,516 "GET /static/admin/css/nav_sidebar.css HTTP/1.1" 404 179
WARNING 2024-03-03 00:10:41,517 "GET /static/admin/js/theme.js HTTP/1.1" 404 179
WARNING 2024-03-03 00:10:41,517 "GET /static/admin/js/nav_sidebar.js HTTP/1.1" 404 179
INFO 2024-03-03 00:10:42,512 "GET /admin/ HTTP/1.1" 200 7543
WARNING 2024-03-03 00:10:42,517 Not Found: /static/admin/css/base.css
WARNING 2024-03-03 00:10:42,518 Not Found: /static/admin/css/nav_sidebar.css
WARNING 2024-03-03 00:10:42,519 Not Found: /static/admin/css/dark_mode.css
WARNING 2024-03-03 00:10:42,519 Not Found: /static/admin/css/dashboard.css
WARNING 2024-03-03 00:10:42,520 Not Found: /static/admin/css/responsive.css
WARNING 2024-03-03 00:10:42,520 Not Found: /static/admin/js/theme.js
WARNING 2024-03-03 00:10:42,521 "GET /static/admin/css/base.css HTTP/1.1" 404 179
WARNING 2024-03-03 00:10:42,521 "GET /static/admin/css/nav_sidebar.css HTTP/1.1" 404 179
WARNING 2024-03-03 00:10:42,522 "GET /static/admin/css/dark_mode.css HTTP/1.1" 404 179
WARNING 2024-03-03 00:10:42,522 "GET /static/admin/css/dashboard.css HTTP/1.1" 404 179
WARNING 2024-03-03 00:10:42,522 "GET /static/admin/js/theme.js HTTP/1.1" 404 179
WARNING 2024-03-03 00:10:42,522 "GET /static/admin/css/responsive.css HTTP/1.1" 404 179
WARNING 2024-03-03 00:10:42,525 Not Found: /static/admin/js/nav_sidebar.js
WARNING 2024-03-03 00:10:42,525 "GET /static/admin/js/nav_sidebar.js HTTP/1.1" 404 179
INFO 2024-03-03 00:10:43,280 "GET /admin/ HTTP/1.1" 200 7543
WARNING 2024-03-03 00:10:43,286 Not Found: /static/admin/css/base.css
WARNING 2024-03-03 00:10:43,287 Not Found: /static/admin/css/dark_mode.css
WARNING 2024-03-03 00:10:43,287 Not Found: /static/admin/css/nav_sidebar.css
WARNING 2024-03-03 00:10:43,288 Not Found: /static/admin/css/dashboard.css
WARNING 2024-03-03 00:10:43,290 Not Found: /static/admin/css/responsive.css
WARNING 2024-03-03 00:10:43,290 Not Found: /static/admin/js/theme.js
WARNING 2024-03-03 00:10:43,291 "GET /static/admin/css/base.css HTTP/1.1" 404 179
WARNING 2024-03-03 00:10:43,291 "GET /static/admin/css/dark_mode.css HTTP/1.1" 404 179
WARNING 2024-03-03 00:10:43,291 "GET /static/admin/css/nav_sidebar.css HTTP/1.1" 404 179
WARNING 2024-03-03 00:10:43,292 "GET /static/admin/css/dashboard.css HTTP/1.1" 404 179
WARNING 2024-03-03 00:10:43,292 "GET /static/admin/css/responsive.css HTTP/1.1" 404 179
WARNING 2024-03-03 00:10:43,292 "GET /static/admin/js/theme.js HTTP/1.1" 404 179
WARNING 2024-03-03 00:10:43,294 Not Found: /static/admin/js/nav_sidebar.js
WARNING 2024-03-03 00:10:43,295 "GET /static/admin/js/nav_sidebar.js HTTP/1.1" 404 179
INFO 2024-03-03 00:10:50,097 "GET /admin/storeapp/client/ HTTP/1.1" 200 16242
WARNING 2024-03-03 00:10:50,164 Not Found: /static/admin/css/base.css
WARNING 2024-03-03 00:10:50,166 Not Found: /static/admin/css/dark_mode.css
WARNING 2024-03-03 00:10:50,167 Not Found: /static/admin/css/nav_sidebar.css
WARNING 2024-03-03 00:10:50,167 "GET /static/admin/css/base.css HTTP/1.1" 404 179
WARNING 2024-03-03 00:10:50,170 Not Found: /static/admin/js/theme.js
WARNING 2024-03-03 00:10:50,170 "GET /static/admin/css/dark_mode.css HTTP/1.1" 404 179
WARNING 2024-03-03 00:10:50,171 Not Found: /static/admin/js/nav_sidebar.js
WARNING 2024-03-03 00:10:50,172 "GET /static/admin/css/nav_sidebar.css HTTP/1.1" 404 179
WARNING 2024-03-03 00:10:50,173 Not Found: /static/admin/css/changelists.css
WARNING 2024-03-03 00:10:50,174 Not Found: /static/admin/js/vendor/jquery/jquery.min.js
WARNING 2024-03-03 00:10:50,175 Not Found: /static/admin/js/jquery.init.js
WARNING 2024-03-03 00:10:50,175 "GET /static/admin/js/theme.js HTTP/1.1" 404 179
WARNING 2024-03-03 00:10:50,178 "GET /static/admin/js/nav_sidebar.js HTTP/1.1" 404 179
WARNING 2024-03-03 00:10:50,178 "GET /static/admin/css/changelists.css HTTP/1.1" 404 179
WARNING 2024-03-03 00:10:50,179 Not Found: /static/admin/js/core.js
WARNING 2024-03-03 00:10:50,179 "GET /static/admin/js/vendor/jquery/jquery.min.js HTTP/1.1" 404 179
WARNING 2024-03-03 00:10:50,180 Not Found: /static/admin/js/admin/RelatedObjectLookups.js
WARNING 2024-03-03 00:10:50,180 "GET /static/admin/js/jquery.init.js HTTP/1.1" 404 179
WARNING 2024-03-03 00:10:50,181 Not Found: /static/admin/js/actions.js
WARNING 2024-03-03 00:10:50,183 Not Found: /static/admin/js/urlify.js
WARNING 2024-03-03 00:10:50,184 Not Found: /static/admin/js/prepopulate.js
WARNING 2024-03-03 00:10:50,184 "GET /static/admin/js/core.js HTTP/1.1" 404 179
WARNING 2024-03-03 00:10:50,185 "GET /static/admin/js/admin/RelatedObjectLookups.js HTTP/1.1" 404 179
WARNING 2024-03-03 00:10:50,186 Not Found: /static/admin/js/vendor/xregexp/xregexp.min.js
WARNING 2024-03-03 00:10:50,186 "GET /static/admin/js/urlify.js HTTP/1.1" 404 179
WARNING 2024-03-03 00:10:50,186 "GET /static/admin/js/actions.js HTTP/1.1" 404 179
WARNING 2024-03-03 00:10:50,187 Not Found: /static/admin/js/filters.js
WARNING 2024-03-03 00:10:50,188 "GET /static/admin/js/prepopulate.js HTTP/1.1" 404 179
WARNING 2024-03-03 00:10:50,189 Not Found: /static/admin/css/responsive.css
WARNING 2024-03-03 00:10:50,190 "GET /static/admin/js/vendor/xregexp/xregexp.min.js HTTP/1.1" 404 179
WARNING 2024-03-03 00:10:50,191 "GET /static/admin/js/filters.js HTTP/1.1" 404 179
WARNING 2024-03-03 00:10:50,191 "GET /static/admin/css/responsive.css HTTP/1.1" 404 179
INFO 2024-03-03 00:10:50,191 "GET /admin/jsi18n/ HTTP/1.1" 200 17546
WARNING 2024-03-03 00:10:50,192 Not Found: /static/admin/img/search.svg
WARNING 2024-03-03 00:10:50,193 "GET /static/admin/img/search.svg HTTP/1.1" 404 179
WARNING 2024-03-03 00:10:50,220 Not Found: /static/admin/js/vendor/jquery/jquery.min.js
WARNING 2024-03-03 00:10:50,221 "GET /static/admin/js/vendor/jquery/jquery.min.js HTTP/1.1" 404 179
WARNING 2024-03-03 00:10:50,227 Not Found: /static/admin/js/jquery.init.js
WARNING 2024-03-03 00:10:50,228 "GET /static/admin/js/jquery.init.js HTTP/1.1" 404 179
WARNING 2024-03-03 00:10:50,232 Not Found: /static/admin/js/core.js
WARNING 2024-03-03 00:10:50,233 "GET /static/admin/js/core.js HTTP/1.1" 404 179
WARNING 2024-03-03 00:10:50,237 Not Found: /static/admin/js/admin/RelatedObjectLookups.js
WARNING 2024-03-03 00:10:50,238 "GET /static/admin/js/admin/RelatedObjectLookups.js HTTP/1.1" 404 179
WARNING 2024-03-03 00:10:50,241 Not Found: /static/admin/js/actions.js
WARNING 2024-03-03 00:10:50,242 "GET /static/admin/js/actions.js HTTP/1.1" 404 179
WARNING 2024-03-03 00:10:50,245 Not Found: /static/admin/js/urlify.js
WARNING 2024-03-03 00:10:50,246 "GET /static/admin/js/urlify.js HTTP/1.1" 404 179
WARNING 2024-03-03 00:10:50,251 Not Found: /static/admin/js/prepopulate.js
WARNING 2024-03-03 00:10:50,252 "GET /static/admin/js/prepopulate.js HTTP/1.1" 404 179
WARNING 2024-03-03 00:10:50,258 Not Found: /static/admin/js/vendor/xregexp/xregexp.min.js
WARNING 2024-03-03 00:10:50,258 "GET /static/admin/js/vendor/xregexp/xregexp.min.js HTTP/1.1" 404 179
WARNING 2024-03-03 00:10:50,310 Not Found: /static/admin/js/filters.js
WARNING 2024-03-03 00:10:50,311 Not Found: /static/admin/css/responsive.css
WARNING 2024-03-03 00:10:50,311 "GET /static/admin/js/filters.js HTTP/1.1" 404 179
WARNING 2024-03-03 00:10:50,311 "GET /static/admin/css/responsive.css HTTP/1.1" 404 179
WARNING 2024-03-03 00:10:50,316 Not Found: /static/admin/img/search.svg
WARNING 2024-03-03 00:10:50,317 "GET /static/admin/img/search.svg HTTP/1.1" 404 179
INFO 2024-03-03 00:10:52,685 "GET /admin/storeapp/client/ HTTP/1.1" 200 16242
WARNING 2024-03-03 00:10:52,722 Not Found: /static/admin/css/base.css
WARNING 2024-03-03 00:10:52,723 Not Found: /static/admin/css/dark_mode.css
WARNING 2024-03-03 00:10:52,724 Not Found: /static/admin/css/nav_sidebar.css
WARNING 2024-03-03 00:10:52,724 Not Found: /static/admin/js/theme.js
WARNING 2024-03-03 00:10:52,724 Not Found: /static/admin/js/nav_sidebar.js
WARNING 2024-03-03 00:10:52,725 Not Found: /static/admin/css/changelists.css
WARNING 2024-03-03 00:10:52,726 "GET /static/admin/css/base.css HTTP/1.1" 404 179
WARNING 2024-03-03 00:10:52,726 "GET /static/admin/css/dark_mode.css HTTP/1.1" 404 179
WARNING 2024-03-03 00:10:52,726 "GET /static/admin/css/nav_sidebar.css HTTP/1.1" 404 179
WARNING 2024-03-03 00:10:52,726 "GET /static/admin/js/theme.js HTTP/1.1" 404 179
WARNING 2024-03-03 00:10:52,729 Not Found: /static/admin/js/core.js
WARNING 2024-03-03 00:10:52,729 "GET /static/admin/js/nav_sidebar.js HTTP/1.1" 404 179
WARNING 2024-03-03 00:10:52,730 "GET /static/admin/css/changelists.css HTTP/1.1" 404 179
WARNING 2024-03-03 00:10:52,730 Not Found: /static/admin/js/jquery.init.js
WARNING 2024-03-03 00:10:52,731 Not Found: /static/admin/js/vendor/jquery/jquery.min.js
WARNING 2024-03-03 00:10:52,732 Not Found: /static/admin/js/admin/RelatedObjectLookups.js
WARNING 2024-03-03 00:10:52,732 Not Found: /static/admin/js/actions.js
WARNING 2024-03-03 00:10:52,733 "GET /static/admin/js/core.js HTTP/1.1" 404 179
WARNING 2024-03-03 00:10:52,733 "GET /static/admin/js/jquery.init.js HTTP/1.1" 404 179
WARNING 2024-03-03 00:10:52,734 "GET /static/admin/js/vendor/jquery/jquery.min.js HTTP/1.1" 404 179
WARNING 2024-03-03 00:10:52,735 Not Found: /static/admin/js/urlify.js
WARNING 2024-03-03 00:10:52,735 "GET /static/admin/js/admin/RelatedObjectLookups.js HTTP/1.1" 404 179
WARNING 2024-03-03 00:10:52,736 Not Found: /static/admin/js/prepopulate.js
WARNING 2024-03-03 00:10:52,736 "GET /static/admin/js/actions.js HTTP/1.1" 404 179
WARNING 2024-03-03 00:10:52,737 Not Found: /static/admin/js/vendor/xregexp/xregexp.min.js
WARNING 2024-03-03 00:10:52,738 Not Found: /static/admin/js/filters.js
WARNING 2024-03-03 00:10:52,739 Not Found: /static/admin/css/responsive.css
WARNING 2024-03-03 00:10:52,739 "GET /static/admin/js/urlify.js HTTP/1.1" 404 179
WARNING 2024-03-03 00:10:52,739 "GET /static/admin/js/prepopulate.js HTTP/1.1" 404 179
INFO 2024-03-03 00:10:52,739 "GET /admin/jsi18n/ HTTP/1.1" 200 17546
WARNING 2024-03-03 00:10:52,741 "GET /static/admin/js/vendor/xregexp/xregexp.min.js HTTP/1.1" 404 179
WARNING 2024-03-03 00:10:52,741 "GET /static/admin/js/filters.js HTTP/1.1" 404 179
WARNING 2024-03-03 00:10:52,741 "GET /static/admin/css/responsive.css HTTP/1.1" 404 179
WARNING 2024-03-03 00:10:52,742 Not Found: /static/admin/img/search.svg
WARNING 2024-03-03 00:10:52,743 "GET /static/admin/img/search.svg HTTP/1.1" 404 179
WARNING 2024-03-03 00:10:52,766 Not Found: /static/admin/js/vendor/jquery/jquery.min.js
WARNING 2024-03-03 00:10:52,767 "GET /static/admin/js/vendor/jquery/jquery.min.js HTTP/1.1" 404 179
WARNING 2024-03-03 00:10:52,773 Not Found: /static/admin/js/jquery.init.js
WARNING 2024-03-03 00:10:52,773 "GET /static/admin/js/jquery.init.js HTTP/1.1" 404 179
WARNING 2024-03-03 00:10:52,776 Not Found: /static/admin/js/core.js
WARNING 2024-03-03 00:10:52,777 "GET /static/admin/js/core.js HTTP/1.1" 404 179
WARNING 2024-03-03 00:10:52,779 Not Found: /static/admin/js/admin/RelatedObjectLookups.js
WARNING 2024-03-03 00:10:52,780 "GET /static/admin/js/admin/RelatedObjectLookups.js HTTP/1.1" 404 179
WARNING 2024-03-03 00:10:52,783 Not Found: /static/admin/js/actions.js
WARNING 2024-03-03 00:10:52,784 "GET /static/admin/js/actions.js HTTP/1.1" 404 179
WARNING 2024-03-03 00:10:52,786 Not Found: /static/admin/js/urlify.js
WARNING 2024-03-03 00:10:52,787 "GET /static/admin/js/urlify.js HTTP/1.1" 404 179
WARNING 2024-03-03 00:10:52,789 Not Found: /static/admin/js/prepopulate.js
WARNING 2024-03-03 00:10:52,790 "GET /static/admin/js/prepopulate.js HTTP/1.1" 404 179
WARNING 2024-03-03 00:10:52,793 Not Found: /static/admin/js/vendor/xregexp/xregexp.min.js
WARNING 2024-03-03 00:10:52,794 "GET /static/admin/js/vendor/xregexp/xregexp.min.js HTTP/1.1" 404 179
WARNING 2024-03-03 00:10:52,797 Not Found: /static/admin/js/filters.js
WARNING 2024-03-03 00:10:52,797 Not Found: /static/admin/css/responsive.css
WARNING 2024-03-03 00:10:52,798 "GET /static/admin/js/filters.js HTTP/1.1" 404 179
WARNING 2024-03-03 00:10:52,798 "GET /static/admin/css/responsive.css HTTP/1.1" 404 179
WARNING 2024-03-03 00:10:52,800 Not Found: /static/admin/img/search.svg
WARNING 2024-03-03 00:10:52,800 "GET /static/admin/img/search.svg HTTP/1.1" 404 179
INFO 2024-03-03 00:10:54,434 "GET /admin/storeapp/client/ HTTP/1.1" 200 16242
WARNING 2024-03-03 00:10:54,470 Not Found: /static/admin/css/base.css
WARNING 2024-03-03 00:10:54,471 Not Found: /static/admin/css/dark_mode.css
WARNING 2024-03-03 00:10:54,472 Not Found: /static/admin/js/theme.js
WARNING 2024-03-03 00:10:54,473 "GET /static/admin/css/dark_mode.css HTTP/1.1" 404 179
WARNING 2024-03-03 00:10:54,473 "GET /static/admin/css/base.css HTTP/1.1" 404 179
WARNING 2024-03-03 00:10:54,473 "GET /static/admin/js/theme.js HTTP/1.1" 404 179
WARNING 2024-03-03 00:10:54,475 Not Found: /static/admin/css/nav_sidebar.css
WARNING 2024-03-03 00:10:54,476 Not Found: /static/admin/js/nav_sidebar.js
WARNING 2024-03-03 00:10:54,478 Not Found: /static/admin/css/changelists.css
WARNING 2024-03-03 00:10:54,478 Not Found: /static/admin/js/vendor/jquery/jquery.min.js
WARNING 2024-03-03 00:10:54,478 Not Found: /static/admin/js/jquery.init.js
WARNING 2024-03-03 00:10:54,479 "GET /static/admin/css/nav_sidebar.css HTTP/1.1" 404 179
WARNING 2024-03-03 00:10:54,480 "GET /static/admin/js/nav_sidebar.js HTTP/1.1" 404 179
WARNING 2024-03-03 00:10:54,480 "GET /static/admin/css/changelists.css HTTP/1.1" 404 179
WARNING 2024-03-03 00:10:54,481 Not Found: /static/admin/js/admin/RelatedObjectLookups.js
WARNING 2024-03-03 00:10:54,481 "GET /static/admin/js/vendor/jquery/jquery.min.js HTTP/1.1" 404 179
WARNING 2024-03-03 00:10:54,482 Not Found: /static/admin/js/core.js
WARNING 2024-03-03 00:10:54,482 "GET /static/admin/js/jquery.init.js HTTP/1.1" 404 179
WARNING 2024-03-03 00:10:54,482 Not Found: /static/admin/js/actions.js
WARNING 2024-03-03 00:10:54,485 Not Found: /static/admin/js/urlify.js
WARNING 2024-03-03 00:10:54,485 "GET /static/admin/js/admin/RelatedObjectLookups.js HTTP/1.1" 404 179
WARNING 2024-03-03 00:10:54,486 Not Found: /static/admin/js/prepopulate.js
WARNING 2024-03-03 00:10:54,487 "GET /static/admin/js/core.js HTTP/1.1" 404 179
WARNING 2024-03-03 00:10:54,489 Not Found: /static/admin/js/vendor/xregexp/xregexp.min.js
WARNING 2024-03-03 00:10:54,489 "GET /static/admin/js/actions.js HTTP/1.1" 404 179
WARNING 2024-03-03 00:10:54,489 Not Found: /static/admin/js/filters.js
WARNING 2024-03-03 00:10:54,489 "GET /static/admin/js/urlify.js HTTP/1.1" 404 179
INFO 2024-03-03 00:10:54,490 "GET /admin/jsi18n/ HTTP/1.1" 200 17546
WARNING 2024-03-03 00:10:54,491 Not Found: /static/admin/css/responsive.css
WARNING 2024-03-03 00:10:54,491 "GET /static/admin/js/prepopulate.js HTTP/1.1" 404 179
WARNING 2024-03-03 00:10:54,491 "GET /static/admin/js/vendor/xregexp/xregexp.min.js HTTP/1.1" 404 179
WARNING 2024-03-03 00:10:54,492 "GET /static/admin/js/filters.js HTTP/1.1" 404 179
WARNING 2024-03-03 00:10:54,492 "GET /static/admin/css/responsive.css HTTP/1.1" 404 179
WARNING 2024-03-03 00:10:54,493 Not Found: /static/admin/img/search.svg
WARNING 2024-03-03 00:10:54,494 "GET /static/admin/img/search.svg HTTP/1.1" 404 179
WARNING 2024-03-03 00:10:54,511 Not Found: /static/admin/js/vendor/jquery/jquery.min.js
WARNING 2024-03-03 00:10:54,511 "GET /static/admin/js/vendor/jquery/jquery.min.js HTTP/1.1" 404 179
WARNING 2024-03-03 00:10:54,514 Not Found: /static/admin/js/jquery.init.js
WARNING 2024-03-03 00:10:54,515 "GET /static/admin/js/jquery.init.js HTTP/1.1" 404 179
WARNING 2024-03-03 00:10:54,517 Not Found: /static/admin/js/core.js
WARNING 2024-03-03 00:10:54,517 "GET /static/admin/js/core.js HTTP/1.1" 404 179
WARNING 2024-03-03 00:10:54,521 Not Found: /static/admin/js/admin/RelatedObjectLookups.js
WARNING 2024-03-03 00:10:54,521 "GET /static/admin/js/admin/RelatedObjectLookups.js HTTP/1.1" 404 179
WARNING 2024-03-03 00:10:54,524 Not Found: /static/admin/js/actions.js
WARNING 2024-03-03 00:10:54,525 "GET /static/admin/js/actions.js HTTP/1.1" 404 179
WARNING 2024-03-03 00:10:54,528 Not Found: /static/admin/js/urlify.js
WARNING 2024-03-03 00:10:54,530 "GET /static/admin/js/urlify.js HTTP/1.1" 404 179
WARNING 2024-03-03 00:10:54,532 Not Found: /static/admin/js/prepopulate.js
WARNING 2024-03-03 00:10:54,533 "GET /static/admin/js/prepopulate.js HTTP/1.1" 404 179
WARNING 2024-03-03 00:10:54,537 Not Found: /static/admin/js/vendor/xregexp/xregexp.min.js
WARNING 2024-03-03 00:10:54,538 "GET /static/admin/js/vendor/xregexp/xregexp.min.js HTTP/1.1" 404 179
WARNING 2024-03-03 00:10:54,542 Not Found: /static/admin/js/filters.js
WARNING 2024-03-03 00:10:54,542 Not Found: /static/admin/css/responsive.css
WARNING 2024-03-03 00:10:54,543 "GET /static/admin/js/filters.js HTTP/1.1" 404 179
WARNING 2024-03-03 00:10:54,543 "GET /static/admin/css/responsive.css HTTP/1.1" 404 179
WARNING 2024-03-03 00:10:54,544 Not Found: /static/admin/img/search.svg
WARNING 2024-03-03 00:10:54,545 "GET /static/admin/img/search.svg HTTP/1.1" 404 179
INFO 2024-03-03 00:11:53,640 C:\Users\shuri\PycharmProjects\Homework6\hw6\hw6\settings.py changed, reloading.
INFO 2024-03-03 00:11:54,198 Watching for file changes with StatReloader
ERROR 2024-03-03 00:11:55,235 Internal Server Error: /admin/
Traceback (most recent call last):
  File "C:\Users\shuri\PycharmProjects\Homework6\venv\Lib\site-packages\django\core\files\storage\handler.py", line 35, in __getitem__
    return self._storages[alias]
           ~~~~~~~~~~~~~~^^^^^^^
KeyError: 'staticfiles'

During handling of the above exception, another exception occurred:

Traceback (most recent call last):
  File "C:\Users\shuri\PycharmProjects\Homework6\venv\Lib\site-packages\django\core\handlers\exception.py", line 55, in inner
    response = get_response(request)
               ^^^^^^^^^^^^^^^^^^^^^
  File "C:\Users\shuri\PycharmProjects\Homework6\venv\Lib\site-packages\django\core\handlers\base.py", line 220, in _get_response
    response = response.render()
               ^^^^^^^^^^^^^^^^^
  File "C:\Users\shuri\PycharmProjects\Homework6\venv\Lib\site-packages\django\template\response.py", line 114, in render
    self.content = self.rendered_content
                   ^^^^^^^^^^^^^^^^^^^^^
  File "C:\Users\shuri\PycharmProjects\Homework6\venv\Lib\site-packages\django\template\response.py", line 92, in rendered_content
    return template.render(context, self._request)
           ^^^^^^^^^^^^^^^^^^^^^^^^^^^^^^^^^^^^^^^
  File "C:\Users\shuri\PycharmProjects\Homework6\venv\Lib\site-packages\django\template\backends\django.py", line 61, in render
    return self.template.render(context)
           ^^^^^^^^^^^^^^^^^^^^^^^^^^^^^
  File "C:\Users\shuri\PycharmProjects\Homework6\venv\Lib\site-packages\django\template\base.py", line 171, in render
    return self._render(context)
           ^^^^^^^^^^^^^^^^^^^^^
  File "C:\Users\shuri\PycharmProjects\Homework6\venv\Lib\site-packages\django\template\base.py", line 163, in _render
    return self.nodelist.render(context)
           ^^^^^^^^^^^^^^^^^^^^^^^^^^^^^
  File "C:\Users\shuri\PycharmProjects\Homework6\venv\Lib\site-packages\django\template\base.py", line 1000, in render
    return SafeString("".join([node.render_annotated(context) for node in self]))
                              ^^^^^^^^^^^^^^^^^^^^^^^^^^^^^^^^^^^^^^^^^^^^^^^^^
  File "C:\Users\shuri\PycharmProjects\Homework6\venv\Lib\site-packages\django\template\base.py", line 1000, in <listcomp>
    return SafeString("".join([node.render_annotated(context) for node in self]))
                               ^^^^^^^^^^^^^^^^^^^^^^^^^^^^^^
  File "C:\Users\shuri\PycharmProjects\Homework6\venv\Lib\site-packages\django\template\base.py", line 961, in render_annotated
    return self.render(context)
           ^^^^^^^^^^^^^^^^^^^^
  File "C:\Users\shuri\PycharmProjects\Homework6\venv\Lib\site-packages\django\template\loader_tags.py", line 159, in render
    return compiled_parent._render(context)
           ^^^^^^^^^^^^^^^^^^^^^^^^^^^^^^^^
  File "C:\Users\shuri\PycharmProjects\Homework6\venv\Lib\site-packages\django\template\base.py", line 163, in _render
    return self.nodelist.render(context)
           ^^^^^^^^^^^^^^^^^^^^^^^^^^^^^
  File "C:\Users\shuri\PycharmProjects\Homework6\venv\Lib\site-packages\django\template\base.py", line 1000, in render
    return SafeString("".join([node.render_annotated(context) for node in self]))
                              ^^^^^^^^^^^^^^^^^^^^^^^^^^^^^^^^^^^^^^^^^^^^^^^^^
  File "C:\Users\shuri\PycharmProjects\Homework6\venv\Lib\site-packages\django\template\base.py", line 1000, in <listcomp>
    return SafeString("".join([node.render_annotated(context) for node in self]))
                               ^^^^^^^^^^^^^^^^^^^^^^^^^^^^^^
  File "C:\Users\shuri\PycharmProjects\Homework6\venv\Lib\site-packages\django\template\base.py", line 961, in render_annotated
    return self.render(context)
           ^^^^^^^^^^^^^^^^^^^^
  File "C:\Users\shuri\PycharmProjects\Homework6\venv\Lib\site-packages\django\template\loader_tags.py", line 159, in render
    return compiled_parent._render(context)
           ^^^^^^^^^^^^^^^^^^^^^^^^^^^^^^^^
  File "C:\Users\shuri\PycharmProjects\Homework6\venv\Lib\site-packages\django\template\base.py", line 163, in _render
    return self.nodelist.render(context)
           ^^^^^^^^^^^^^^^^^^^^^^^^^^^^^
  File "C:\Users\shuri\PycharmProjects\Homework6\venv\Lib\site-packages\django\template\base.py", line 1000, in render
    return SafeString("".join([node.render_annotated(context) for node in self]))
                              ^^^^^^^^^^^^^^^^^^^^^^^^^^^^^^^^^^^^^^^^^^^^^^^^^
  File "C:\Users\shuri\PycharmProjects\Homework6\venv\Lib\site-packages\django\template\base.py", line 1000, in <listcomp>
    return SafeString("".join([node.render_annotated(context) for node in self]))
                               ^^^^^^^^^^^^^^^^^^^^^^^^^^^^^^
  File "C:\Users\shuri\PycharmProjects\Homework6\venv\Lib\site-packages\django\template\base.py", line 961, in render_annotated
    return self.render(context)
           ^^^^^^^^^^^^^^^^^^^^
  File "C:\Users\shuri\PycharmProjects\Homework6\venv\Lib\site-packages\django\template\loader_tags.py", line 65, in render
    result = block.nodelist.render(context)
             ^^^^^^^^^^^^^^^^^^^^^^^^^^^^^^
  File "C:\Users\shuri\PycharmProjects\Homework6\venv\Lib\site-packages\django\template\base.py", line 1000, in render
    return SafeString("".join([node.render_annotated(context) for node in self]))
                              ^^^^^^^^^^^^^^^^^^^^^^^^^^^^^^^^^^^^^^^^^^^^^^^^^
  File "C:\Users\shuri\PycharmProjects\Homework6\venv\Lib\site-packages\django\template\base.py", line 1000, in <listcomp>
    return SafeString("".join([node.render_annotated(context) for node in self]))
                               ^^^^^^^^^^^^^^^^^^^^^^^^^^^^^^
  File "C:\Users\shuri\PycharmProjects\Homework6\venv\Lib\site-packages\django\template\base.py", line 961, in render_annotated
    return self.render(context)
           ^^^^^^^^^^^^^^^^^^^^
  File "C:\Users\shuri\PycharmProjects\Homework6\venv\Lib\site-packages\django\templatetags\static.py", line 116, in render
    url = self.url(context)
          ^^^^^^^^^^^^^^^^^
  File "C:\Users\shuri\PycharmProjects\Homework6\venv\Lib\site-packages\django\templatetags\static.py", line 113, in url
    return self.handle_simple(path)
           ^^^^^^^^^^^^^^^^^^^^^^^^
  File "C:\Users\shuri\PycharmProjects\Homework6\venv\Lib\site-packages\django\templatetags\static.py", line 129, in handle_simple
    return staticfiles_storage.url(path)
           ^^^^^^^^^^^^^^^^^^^^^^^
  File "C:\Users\shuri\PycharmProjects\Homework6\venv\Lib\site-packages\django\utils\functional.py", line 251, in inner
    self._setup()
  File "C:\Users\shuri\PycharmProjects\Homework6\venv\Lib\site-packages\django\contrib\staticfiles\storage.py", line 540, in _setup
    self._wrapped = storages[STATICFILES_STORAGE_ALIAS]
                    ~~~~~~~~^^^^^^^^^^^^^^^^^^^^^^^^^^^
  File "C:\Users\shuri\PycharmProjects\Homework6\venv\Lib\site-packages\django\core\files\storage\handler.py", line 43, in __getitem__
    storage = self.create_storage(params)
              ^^^^^^^^^^^^^^^^^^^^^^^^^^^
  File "C:\Users\shuri\PycharmProjects\Homework6\venv\Lib\site-packages\django\core\files\storage\handler.py", line 55, in create_storage
    return storage_cls(**options)
           ^^^^^^^^^^^^^^^^^^^^^^
  File "C:\Users\shuri\PycharmProjects\Homework6\venv\Lib\site-packages\django\contrib\staticfiles\storage.py", line 29, in __init__
    check_settings(base_url)
  File "C:\Users\shuri\PycharmProjects\Homework6\venv\Lib\site-packages\django\contrib\staticfiles\utils.py", line 49, in check_settings
    raise ImproperlyConfigured(
django.core.exceptions.ImproperlyConfigured: You're using the staticfiles app without having set the required STATIC_URL setting.
ERROR 2024-03-03 00:11:55,247 "GET /admin/ HTTP/1.1" 500 145
ERROR 2024-03-03 00:11:57,493 Internal Server Error: /admin/
Traceback (most recent call last):
  File "C:\Users\shuri\PycharmProjects\Homework6\venv\Lib\site-packages\django\core\files\storage\handler.py", line 35, in __getitem__
    return self._storages[alias]
           ~~~~~~~~~~~~~~^^^^^^^
KeyError: 'staticfiles'

During handling of the above exception, another exception occurred:

Traceback (most recent call last):
  File "C:\Users\shuri\PycharmProjects\Homework6\venv\Lib\site-packages\django\core\handlers\exception.py", line 55, in inner
    response = get_response(request)
               ^^^^^^^^^^^^^^^^^^^^^
  File "C:\Users\shuri\PycharmProjects\Homework6\venv\Lib\site-packages\django\core\handlers\base.py", line 220, in _get_response
    response = response.render()
               ^^^^^^^^^^^^^^^^^
  File "C:\Users\shuri\PycharmProjects\Homework6\venv\Lib\site-packages\django\template\response.py", line 114, in render
    self.content = self.rendered_content
                   ^^^^^^^^^^^^^^^^^^^^^
  File "C:\Users\shuri\PycharmProjects\Homework6\venv\Lib\site-packages\django\template\response.py", line 92, in rendered_content
    return template.render(context, self._request)
           ^^^^^^^^^^^^^^^^^^^^^^^^^^^^^^^^^^^^^^^
  File "C:\Users\shuri\PycharmProjects\Homework6\venv\Lib\site-packages\django\template\backends\django.py", line 61, in render
    return self.template.render(context)
           ^^^^^^^^^^^^^^^^^^^^^^^^^^^^^
  File "C:\Users\shuri\PycharmProjects\Homework6\venv\Lib\site-packages\django\template\base.py", line 171, in render
    return self._render(context)
           ^^^^^^^^^^^^^^^^^^^^^
  File "C:\Users\shuri\PycharmProjects\Homework6\venv\Lib\site-packages\django\template\base.py", line 163, in _render
    return self.nodelist.render(context)
           ^^^^^^^^^^^^^^^^^^^^^^^^^^^^^
  File "C:\Users\shuri\PycharmProjects\Homework6\venv\Lib\site-packages\django\template\base.py", line 1000, in render
    return SafeString("".join([node.render_annotated(context) for node in self]))
                              ^^^^^^^^^^^^^^^^^^^^^^^^^^^^^^^^^^^^^^^^^^^^^^^^^
  File "C:\Users\shuri\PycharmProjects\Homework6\venv\Lib\site-packages\django\template\base.py", line 1000, in <listcomp>
    return SafeString("".join([node.render_annotated(context) for node in self]))
                               ^^^^^^^^^^^^^^^^^^^^^^^^^^^^^^
  File "C:\Users\shuri\PycharmProjects\Homework6\venv\Lib\site-packages\django\template\base.py", line 961, in render_annotated
    return self.render(context)
           ^^^^^^^^^^^^^^^^^^^^
  File "C:\Users\shuri\PycharmProjects\Homework6\venv\Lib\site-packages\django\template\loader_tags.py", line 159, in render
    return compiled_parent._render(context)
           ^^^^^^^^^^^^^^^^^^^^^^^^^^^^^^^^
  File "C:\Users\shuri\PycharmProjects\Homework6\venv\Lib\site-packages\django\template\base.py", line 163, in _render
    return self.nodelist.render(context)
           ^^^^^^^^^^^^^^^^^^^^^^^^^^^^^
  File "C:\Users\shuri\PycharmProjects\Homework6\venv\Lib\site-packages\django\template\base.py", line 1000, in render
    return SafeString("".join([node.render_annotated(context) for node in self]))
                              ^^^^^^^^^^^^^^^^^^^^^^^^^^^^^^^^^^^^^^^^^^^^^^^^^
  File "C:\Users\shuri\PycharmProjects\Homework6\venv\Lib\site-packages\django\template\base.py", line 1000, in <listcomp>
    return SafeString("".join([node.render_annotated(context) for node in self]))
                               ^^^^^^^^^^^^^^^^^^^^^^^^^^^^^^
  File "C:\Users\shuri\PycharmProjects\Homework6\venv\Lib\site-packages\django\template\base.py", line 961, in render_annotated
    return self.render(context)
           ^^^^^^^^^^^^^^^^^^^^
  File "C:\Users\shuri\PycharmProjects\Homework6\venv\Lib\site-packages\django\template\loader_tags.py", line 159, in render
    return compiled_parent._render(context)
           ^^^^^^^^^^^^^^^^^^^^^^^^^^^^^^^^
  File "C:\Users\shuri\PycharmProjects\Homework6\venv\Lib\site-packages\django\template\base.py", line 163, in _render
    return self.nodelist.render(context)
           ^^^^^^^^^^^^^^^^^^^^^^^^^^^^^
  File "C:\Users\shuri\PycharmProjects\Homework6\venv\Lib\site-packages\django\template\base.py", line 1000, in render
    return SafeString("".join([node.render_annotated(context) for node in self]))
                              ^^^^^^^^^^^^^^^^^^^^^^^^^^^^^^^^^^^^^^^^^^^^^^^^^
  File "C:\Users\shuri\PycharmProjects\Homework6\venv\Lib\site-packages\django\template\base.py", line 1000, in <listcomp>
    return SafeString("".join([node.render_annotated(context) for node in self]))
                               ^^^^^^^^^^^^^^^^^^^^^^^^^^^^^^
  File "C:\Users\shuri\PycharmProjects\Homework6\venv\Lib\site-packages\django\template\base.py", line 961, in render_annotated
    return self.render(context)
           ^^^^^^^^^^^^^^^^^^^^
  File "C:\Users\shuri\PycharmProjects\Homework6\venv\Lib\site-packages\django\template\loader_tags.py", line 65, in render
    result = block.nodelist.render(context)
             ^^^^^^^^^^^^^^^^^^^^^^^^^^^^^^
  File "C:\Users\shuri\PycharmProjects\Homework6\venv\Lib\site-packages\django\template\base.py", line 1000, in render
    return SafeString("".join([node.render_annotated(context) for node in self]))
                              ^^^^^^^^^^^^^^^^^^^^^^^^^^^^^^^^^^^^^^^^^^^^^^^^^
  File "C:\Users\shuri\PycharmProjects\Homework6\venv\Lib\site-packages\django\template\base.py", line 1000, in <listcomp>
    return SafeString("".join([node.render_annotated(context) for node in self]))
                               ^^^^^^^^^^^^^^^^^^^^^^^^^^^^^^
  File "C:\Users\shuri\PycharmProjects\Homework6\venv\Lib\site-packages\django\template\base.py", line 961, in render_annotated
    return self.render(context)
           ^^^^^^^^^^^^^^^^^^^^
  File "C:\Users\shuri\PycharmProjects\Homework6\venv\Lib\site-packages\django\templatetags\static.py", line 116, in render
    url = self.url(context)
          ^^^^^^^^^^^^^^^^^
  File "C:\Users\shuri\PycharmProjects\Homework6\venv\Lib\site-packages\django\templatetags\static.py", line 113, in url
    return self.handle_simple(path)
           ^^^^^^^^^^^^^^^^^^^^^^^^
  File "C:\Users\shuri\PycharmProjects\Homework6\venv\Lib\site-packages\django\templatetags\static.py", line 129, in handle_simple
    return staticfiles_storage.url(path)
           ^^^^^^^^^^^^^^^^^^^^^^^
  File "C:\Users\shuri\PycharmProjects\Homework6\venv\Lib\site-packages\django\utils\functional.py", line 251, in inner
    self._setup()
  File "C:\Users\shuri\PycharmProjects\Homework6\venv\Lib\site-packages\django\contrib\staticfiles\storage.py", line 540, in _setup
    self._wrapped = storages[STATICFILES_STORAGE_ALIAS]
                    ~~~~~~~~^^^^^^^^^^^^^^^^^^^^^^^^^^^
  File "C:\Users\shuri\PycharmProjects\Homework6\venv\Lib\site-packages\django\core\files\storage\handler.py", line 43, in __getitem__
    storage = self.create_storage(params)
              ^^^^^^^^^^^^^^^^^^^^^^^^^^^
  File "C:\Users\shuri\PycharmProjects\Homework6\venv\Lib\site-packages\django\core\files\storage\handler.py", line 55, in create_storage
    return storage_cls(**options)
           ^^^^^^^^^^^^^^^^^^^^^^
  File "C:\Users\shuri\PycharmProjects\Homework6\venv\Lib\site-packages\django\contrib\staticfiles\storage.py", line 29, in __init__
    check_settings(base_url)
  File "C:\Users\shuri\PycharmProjects\Homework6\venv\Lib\site-packages\django\contrib\staticfiles\utils.py", line 49, in check_settings
    raise ImproperlyConfigured(
django.core.exceptions.ImproperlyConfigured: You're using the staticfiles app without having set the required STATIC_URL setting.
ERROR 2024-03-03 00:11:57,497 "GET /admin/ HTTP/1.1" 500 145
ERROR 2024-03-03 00:11:58,613 Internal Server Error: /admin/
Traceback (most recent call last):
  File "C:\Users\shuri\PycharmProjects\Homework6\venv\Lib\site-packages\django\core\files\storage\handler.py", line 35, in __getitem__
    return self._storages[alias]
           ~~~~~~~~~~~~~~^^^^^^^
KeyError: 'staticfiles'

During handling of the above exception, another exception occurred:

Traceback (most recent call last):
  File "C:\Users\shuri\PycharmProjects\Homework6\venv\Lib\site-packages\django\core\handlers\exception.py", line 55, in inner
    response = get_response(request)
               ^^^^^^^^^^^^^^^^^^^^^
  File "C:\Users\shuri\PycharmProjects\Homework6\venv\Lib\site-packages\django\core\handlers\base.py", line 220, in _get_response
    response = response.render()
               ^^^^^^^^^^^^^^^^^
  File "C:\Users\shuri\PycharmProjects\Homework6\venv\Lib\site-packages\django\template\response.py", line 114, in render
    self.content = self.rendered_content
                   ^^^^^^^^^^^^^^^^^^^^^
  File "C:\Users\shuri\PycharmProjects\Homework6\venv\Lib\site-packages\django\template\response.py", line 92, in rendered_content
    return template.render(context, self._request)
           ^^^^^^^^^^^^^^^^^^^^^^^^^^^^^^^^^^^^^^^
  File "C:\Users\shuri\PycharmProjects\Homework6\venv\Lib\site-packages\django\template\backends\django.py", line 61, in render
    return self.template.render(context)
           ^^^^^^^^^^^^^^^^^^^^^^^^^^^^^
  File "C:\Users\shuri\PycharmProjects\Homework6\venv\Lib\site-packages\django\template\base.py", line 171, in render
    return self._render(context)
           ^^^^^^^^^^^^^^^^^^^^^
  File "C:\Users\shuri\PycharmProjects\Homework6\venv\Lib\site-packages\django\template\base.py", line 163, in _render
    return self.nodelist.render(context)
           ^^^^^^^^^^^^^^^^^^^^^^^^^^^^^
  File "C:\Users\shuri\PycharmProjects\Homework6\venv\Lib\site-packages\django\template\base.py", line 1000, in render
    return SafeString("".join([node.render_annotated(context) for node in self]))
                              ^^^^^^^^^^^^^^^^^^^^^^^^^^^^^^^^^^^^^^^^^^^^^^^^^
  File "C:\Users\shuri\PycharmProjects\Homework6\venv\Lib\site-packages\django\template\base.py", line 1000, in <listcomp>
    return SafeString("".join([node.render_annotated(context) for node in self]))
                               ^^^^^^^^^^^^^^^^^^^^^^^^^^^^^^
  File "C:\Users\shuri\PycharmProjects\Homework6\venv\Lib\site-packages\django\template\base.py", line 961, in render_annotated
    return self.render(context)
           ^^^^^^^^^^^^^^^^^^^^
  File "C:\Users\shuri\PycharmProjects\Homework6\venv\Lib\site-packages\django\template\loader_tags.py", line 159, in render
    return compiled_parent._render(context)
           ^^^^^^^^^^^^^^^^^^^^^^^^^^^^^^^^
  File "C:\Users\shuri\PycharmProjects\Homework6\venv\Lib\site-packages\django\template\base.py", line 163, in _render
    return self.nodelist.render(context)
           ^^^^^^^^^^^^^^^^^^^^^^^^^^^^^
  File "C:\Users\shuri\PycharmProjects\Homework6\venv\Lib\site-packages\django\template\base.py", line 1000, in render
    return SafeString("".join([node.render_annotated(context) for node in self]))
                              ^^^^^^^^^^^^^^^^^^^^^^^^^^^^^^^^^^^^^^^^^^^^^^^^^
  File "C:\Users\shuri\PycharmProjects\Homework6\venv\Lib\site-packages\django\template\base.py", line 1000, in <listcomp>
    return SafeString("".join([node.render_annotated(context) for node in self]))
                               ^^^^^^^^^^^^^^^^^^^^^^^^^^^^^^
  File "C:\Users\shuri\PycharmProjects\Homework6\venv\Lib\site-packages\django\template\base.py", line 961, in render_annotated
    return self.render(context)
           ^^^^^^^^^^^^^^^^^^^^
  File "C:\Users\shuri\PycharmProjects\Homework6\venv\Lib\site-packages\django\template\loader_tags.py", line 159, in render
    return compiled_parent._render(context)
           ^^^^^^^^^^^^^^^^^^^^^^^^^^^^^^^^
  File "C:\Users\shuri\PycharmProjects\Homework6\venv\Lib\site-packages\django\template\base.py", line 163, in _render
    return self.nodelist.render(context)
           ^^^^^^^^^^^^^^^^^^^^^^^^^^^^^
  File "C:\Users\shuri\PycharmProjects\Homework6\venv\Lib\site-packages\django\template\base.py", line 1000, in render
    return SafeString("".join([node.render_annotated(context) for node in self]))
                              ^^^^^^^^^^^^^^^^^^^^^^^^^^^^^^^^^^^^^^^^^^^^^^^^^
  File "C:\Users\shuri\PycharmProjects\Homework6\venv\Lib\site-packages\django\template\base.py", line 1000, in <listcomp>
    return SafeString("".join([node.render_annotated(context) for node in self]))
                               ^^^^^^^^^^^^^^^^^^^^^^^^^^^^^^
  File "C:\Users\shuri\PycharmProjects\Homework6\venv\Lib\site-packages\django\template\base.py", line 961, in render_annotated
    return self.render(context)
           ^^^^^^^^^^^^^^^^^^^^
  File "C:\Users\shuri\PycharmProjects\Homework6\venv\Lib\site-packages\django\template\loader_tags.py", line 65, in render
    result = block.nodelist.render(context)
             ^^^^^^^^^^^^^^^^^^^^^^^^^^^^^^
  File "C:\Users\shuri\PycharmProjects\Homework6\venv\Lib\site-packages\django\template\base.py", line 1000, in render
    return SafeString("".join([node.render_annotated(context) for node in self]))
                              ^^^^^^^^^^^^^^^^^^^^^^^^^^^^^^^^^^^^^^^^^^^^^^^^^
  File "C:\Users\shuri\PycharmProjects\Homework6\venv\Lib\site-packages\django\template\base.py", line 1000, in <listcomp>
    return SafeString("".join([node.render_annotated(context) for node in self]))
                               ^^^^^^^^^^^^^^^^^^^^^^^^^^^^^^
  File "C:\Users\shuri\PycharmProjects\Homework6\venv\Lib\site-packages\django\template\base.py", line 961, in render_annotated
    return self.render(context)
           ^^^^^^^^^^^^^^^^^^^^
  File "C:\Users\shuri\PycharmProjects\Homework6\venv\Lib\site-packages\django\templatetags\static.py", line 116, in render
    url = self.url(context)
          ^^^^^^^^^^^^^^^^^
  File "C:\Users\shuri\PycharmProjects\Homework6\venv\Lib\site-packages\django\templatetags\static.py", line 113, in url
    return self.handle_simple(path)
           ^^^^^^^^^^^^^^^^^^^^^^^^
  File "C:\Users\shuri\PycharmProjects\Homework6\venv\Lib\site-packages\django\templatetags\static.py", line 129, in handle_simple
    return staticfiles_storage.url(path)
           ^^^^^^^^^^^^^^^^^^^^^^^
  File "C:\Users\shuri\PycharmProjects\Homework6\venv\Lib\site-packages\django\utils\functional.py", line 251, in inner
    self._setup()
  File "C:\Users\shuri\PycharmProjects\Homework6\venv\Lib\site-packages\django\contrib\staticfiles\storage.py", line 540, in _setup
    self._wrapped = storages[STATICFILES_STORAGE_ALIAS]
                    ~~~~~~~~^^^^^^^^^^^^^^^^^^^^^^^^^^^
  File "C:\Users\shuri\PycharmProjects\Homework6\venv\Lib\site-packages\django\core\files\storage\handler.py", line 43, in __getitem__
    storage = self.create_storage(params)
              ^^^^^^^^^^^^^^^^^^^^^^^^^^^
  File "C:\Users\shuri\PycharmProjects\Homework6\venv\Lib\site-packages\django\core\files\storage\handler.py", line 55, in create_storage
    return storage_cls(**options)
           ^^^^^^^^^^^^^^^^^^^^^^
  File "C:\Users\shuri\PycharmProjects\Homework6\venv\Lib\site-packages\django\contrib\staticfiles\storage.py", line 29, in __init__
    check_settings(base_url)
  File "C:\Users\shuri\PycharmProjects\Homework6\venv\Lib\site-packages\django\contrib\staticfiles\utils.py", line 49, in check_settings
    raise ImproperlyConfigured(
django.core.exceptions.ImproperlyConfigured: You're using the staticfiles app without having set the required STATIC_URL setting.
ERROR 2024-03-03 00:11:58,618 "GET /admin/ HTTP/1.1" 500 145
ERROR 2024-03-03 00:11:59,820 Internal Server Error: /admin/
Traceback (most recent call last):
  File "C:\Users\shuri\PycharmProjects\Homework6\venv\Lib\site-packages\django\core\files\storage\handler.py", line 35, in __getitem__
    return self._storages[alias]
           ~~~~~~~~~~~~~~^^^^^^^
KeyError: 'staticfiles'

During handling of the above exception, another exception occurred:

Traceback (most recent call last):
  File "C:\Users\shuri\PycharmProjects\Homework6\venv\Lib\site-packages\django\core\handlers\exception.py", line 55, in inner
    response = get_response(request)
               ^^^^^^^^^^^^^^^^^^^^^
  File "C:\Users\shuri\PycharmProjects\Homework6\venv\Lib\site-packages\django\core\handlers\base.py", line 220, in _get_response
    response = response.render()
               ^^^^^^^^^^^^^^^^^
  File "C:\Users\shuri\PycharmProjects\Homework6\venv\Lib\site-packages\django\template\response.py", line 114, in render
    self.content = self.rendered_content
                   ^^^^^^^^^^^^^^^^^^^^^
  File "C:\Users\shuri\PycharmProjects\Homework6\venv\Lib\site-packages\django\template\response.py", line 92, in rendered_content
    return template.render(context, self._request)
           ^^^^^^^^^^^^^^^^^^^^^^^^^^^^^^^^^^^^^^^
  File "C:\Users\shuri\PycharmProjects\Homework6\venv\Lib\site-packages\django\template\backends\django.py", line 61, in render
    return self.template.render(context)
           ^^^^^^^^^^^^^^^^^^^^^^^^^^^^^
  File "C:\Users\shuri\PycharmProjects\Homework6\venv\Lib\site-packages\django\template\base.py", line 171, in render
    return self._render(context)
           ^^^^^^^^^^^^^^^^^^^^^
  File "C:\Users\shuri\PycharmProjects\Homework6\venv\Lib\site-packages\django\template\base.py", line 163, in _render
    return self.nodelist.render(context)
           ^^^^^^^^^^^^^^^^^^^^^^^^^^^^^
  File "C:\Users\shuri\PycharmProjects\Homework6\venv\Lib\site-packages\django\template\base.py", line 1000, in render
    return SafeString("".join([node.render_annotated(context) for node in self]))
                              ^^^^^^^^^^^^^^^^^^^^^^^^^^^^^^^^^^^^^^^^^^^^^^^^^
  File "C:\Users\shuri\PycharmProjects\Homework6\venv\Lib\site-packages\django\template\base.py", line 1000, in <listcomp>
    return SafeString("".join([node.render_annotated(context) for node in self]))
                               ^^^^^^^^^^^^^^^^^^^^^^^^^^^^^^
  File "C:\Users\shuri\PycharmProjects\Homework6\venv\Lib\site-packages\django\template\base.py", line 961, in render_annotated
    return self.render(context)
           ^^^^^^^^^^^^^^^^^^^^
  File "C:\Users\shuri\PycharmProjects\Homework6\venv\Lib\site-packages\django\template\loader_tags.py", line 159, in render
    return compiled_parent._render(context)
           ^^^^^^^^^^^^^^^^^^^^^^^^^^^^^^^^
  File "C:\Users\shuri\PycharmProjects\Homework6\venv\Lib\site-packages\django\template\base.py", line 163, in _render
    return self.nodelist.render(context)
           ^^^^^^^^^^^^^^^^^^^^^^^^^^^^^
  File "C:\Users\shuri\PycharmProjects\Homework6\venv\Lib\site-packages\django\template\base.py", line 1000, in render
    return SafeString("".join([node.render_annotated(context) for node in self]))
                              ^^^^^^^^^^^^^^^^^^^^^^^^^^^^^^^^^^^^^^^^^^^^^^^^^
  File "C:\Users\shuri\PycharmProjects\Homework6\venv\Lib\site-packages\django\template\base.py", line 1000, in <listcomp>
    return SafeString("".join([node.render_annotated(context) for node in self]))
                               ^^^^^^^^^^^^^^^^^^^^^^^^^^^^^^
  File "C:\Users\shuri\PycharmProjects\Homework6\venv\Lib\site-packages\django\template\base.py", line 961, in render_annotated
    return self.render(context)
           ^^^^^^^^^^^^^^^^^^^^
  File "C:\Users\shuri\PycharmProjects\Homework6\venv\Lib\site-packages\django\template\loader_tags.py", line 159, in render
    return compiled_parent._render(context)
           ^^^^^^^^^^^^^^^^^^^^^^^^^^^^^^^^
  File "C:\Users\shuri\PycharmProjects\Homework6\venv\Lib\site-packages\django\template\base.py", line 163, in _render
    return self.nodelist.render(context)
           ^^^^^^^^^^^^^^^^^^^^^^^^^^^^^
  File "C:\Users\shuri\PycharmProjects\Homework6\venv\Lib\site-packages\django\template\base.py", line 1000, in render
    return SafeString("".join([node.render_annotated(context) for node in self]))
                              ^^^^^^^^^^^^^^^^^^^^^^^^^^^^^^^^^^^^^^^^^^^^^^^^^
  File "C:\Users\shuri\PycharmProjects\Homework6\venv\Lib\site-packages\django\template\base.py", line 1000, in <listcomp>
    return SafeString("".join([node.render_annotated(context) for node in self]))
                               ^^^^^^^^^^^^^^^^^^^^^^^^^^^^^^
  File "C:\Users\shuri\PycharmProjects\Homework6\venv\Lib\site-packages\django\template\base.py", line 961, in render_annotated
    return self.render(context)
           ^^^^^^^^^^^^^^^^^^^^
  File "C:\Users\shuri\PycharmProjects\Homework6\venv\Lib\site-packages\django\template\loader_tags.py", line 65, in render
    result = block.nodelist.render(context)
             ^^^^^^^^^^^^^^^^^^^^^^^^^^^^^^
  File "C:\Users\shuri\PycharmProjects\Homework6\venv\Lib\site-packages\django\template\base.py", line 1000, in render
    return SafeString("".join([node.render_annotated(context) for node in self]))
                              ^^^^^^^^^^^^^^^^^^^^^^^^^^^^^^^^^^^^^^^^^^^^^^^^^
  File "C:\Users\shuri\PycharmProjects\Homework6\venv\Lib\site-packages\django\template\base.py", line 1000, in <listcomp>
    return SafeString("".join([node.render_annotated(context) for node in self]))
                               ^^^^^^^^^^^^^^^^^^^^^^^^^^^^^^
  File "C:\Users\shuri\PycharmProjects\Homework6\venv\Lib\site-packages\django\template\base.py", line 961, in render_annotated
    return self.render(context)
           ^^^^^^^^^^^^^^^^^^^^
  File "C:\Users\shuri\PycharmProjects\Homework6\venv\Lib\site-packages\django\templatetags\static.py", line 116, in render
    url = self.url(context)
          ^^^^^^^^^^^^^^^^^
  File "C:\Users\shuri\PycharmProjects\Homework6\venv\Lib\site-packages\django\templatetags\static.py", line 113, in url
    return self.handle_simple(path)
           ^^^^^^^^^^^^^^^^^^^^^^^^
  File "C:\Users\shuri\PycharmProjects\Homework6\venv\Lib\site-packages\django\templatetags\static.py", line 129, in handle_simple
    return staticfiles_storage.url(path)
           ^^^^^^^^^^^^^^^^^^^^^^^
  File "C:\Users\shuri\PycharmProjects\Homework6\venv\Lib\site-packages\django\utils\functional.py", line 251, in inner
    self._setup()
  File "C:\Users\shuri\PycharmProjects\Homework6\venv\Lib\site-packages\django\contrib\staticfiles\storage.py", line 540, in _setup
    self._wrapped = storages[STATICFILES_STORAGE_ALIAS]
                    ~~~~~~~~^^^^^^^^^^^^^^^^^^^^^^^^^^^
  File "C:\Users\shuri\PycharmProjects\Homework6\venv\Lib\site-packages\django\core\files\storage\handler.py", line 43, in __getitem__
    storage = self.create_storage(params)
              ^^^^^^^^^^^^^^^^^^^^^^^^^^^
  File "C:\Users\shuri\PycharmProjects\Homework6\venv\Lib\site-packages\django\core\files\storage\handler.py", line 55, in create_storage
    return storage_cls(**options)
           ^^^^^^^^^^^^^^^^^^^^^^
  File "C:\Users\shuri\PycharmProjects\Homework6\venv\Lib\site-packages\django\contrib\staticfiles\storage.py", line 29, in __init__
    check_settings(base_url)
  File "C:\Users\shuri\PycharmProjects\Homework6\venv\Lib\site-packages\django\contrib\staticfiles\utils.py", line 49, in check_settings
    raise ImproperlyConfigured(
django.core.exceptions.ImproperlyConfigured: You're using the staticfiles app without having set the required STATIC_URL setting.
ERROR 2024-03-03 00:11:59,825 "GET /admin/ HTTP/1.1" 500 145
ERROR 2024-03-03 00:12:12,557 Internal Server Error: /admin/
Traceback (most recent call last):
  File "C:\Users\shuri\PycharmProjects\Homework6\venv\Lib\site-packages\django\core\files\storage\handler.py", line 35, in __getitem__
    return self._storages[alias]
           ~~~~~~~~~~~~~~^^^^^^^
KeyError: 'staticfiles'

During handling of the above exception, another exception occurred:

Traceback (most recent call last):
  File "C:\Users\shuri\PycharmProjects\Homework6\venv\Lib\site-packages\django\core\handlers\exception.py", line 55, in inner
    response = get_response(request)
               ^^^^^^^^^^^^^^^^^^^^^
  File "C:\Users\shuri\PycharmProjects\Homework6\venv\Lib\site-packages\django\core\handlers\base.py", line 220, in _get_response
    response = response.render()
               ^^^^^^^^^^^^^^^^^
  File "C:\Users\shuri\PycharmProjects\Homework6\venv\Lib\site-packages\django\template\response.py", line 114, in render
    self.content = self.rendered_content
                   ^^^^^^^^^^^^^^^^^^^^^
  File "C:\Users\shuri\PycharmProjects\Homework6\venv\Lib\site-packages\django\template\response.py", line 92, in rendered_content
    return template.render(context, self._request)
           ^^^^^^^^^^^^^^^^^^^^^^^^^^^^^^^^^^^^^^^
  File "C:\Users\shuri\PycharmProjects\Homework6\venv\Lib\site-packages\django\template\backends\django.py", line 61, in render
    return self.template.render(context)
           ^^^^^^^^^^^^^^^^^^^^^^^^^^^^^
  File "C:\Users\shuri\PycharmProjects\Homework6\venv\Lib\site-packages\django\template\base.py", line 171, in render
    return self._render(context)
           ^^^^^^^^^^^^^^^^^^^^^
  File "C:\Users\shuri\PycharmProjects\Homework6\venv\Lib\site-packages\django\template\base.py", line 163, in _render
    return self.nodelist.render(context)
           ^^^^^^^^^^^^^^^^^^^^^^^^^^^^^
  File "C:\Users\shuri\PycharmProjects\Homework6\venv\Lib\site-packages\django\template\base.py", line 1000, in render
    return SafeString("".join([node.render_annotated(context) for node in self]))
                              ^^^^^^^^^^^^^^^^^^^^^^^^^^^^^^^^^^^^^^^^^^^^^^^^^
  File "C:\Users\shuri\PycharmProjects\Homework6\venv\Lib\site-packages\django\template\base.py", line 1000, in <listcomp>
    return SafeString("".join([node.render_annotated(context) for node in self]))
                               ^^^^^^^^^^^^^^^^^^^^^^^^^^^^^^
  File "C:\Users\shuri\PycharmProjects\Homework6\venv\Lib\site-packages\django\template\base.py", line 961, in render_annotated
    return self.render(context)
           ^^^^^^^^^^^^^^^^^^^^
  File "C:\Users\shuri\PycharmProjects\Homework6\venv\Lib\site-packages\django\template\loader_tags.py", line 159, in render
    return compiled_parent._render(context)
           ^^^^^^^^^^^^^^^^^^^^^^^^^^^^^^^^
  File "C:\Users\shuri\PycharmProjects\Homework6\venv\Lib\site-packages\django\template\base.py", line 163, in _render
    return self.nodelist.render(context)
           ^^^^^^^^^^^^^^^^^^^^^^^^^^^^^
  File "C:\Users\shuri\PycharmProjects\Homework6\venv\Lib\site-packages\django\template\base.py", line 1000, in render
    return SafeString("".join([node.render_annotated(context) for node in self]))
                              ^^^^^^^^^^^^^^^^^^^^^^^^^^^^^^^^^^^^^^^^^^^^^^^^^
  File "C:\Users\shuri\PycharmProjects\Homework6\venv\Lib\site-packages\django\template\base.py", line 1000, in <listcomp>
    return SafeString("".join([node.render_annotated(context) for node in self]))
                               ^^^^^^^^^^^^^^^^^^^^^^^^^^^^^^
  File "C:\Users\shuri\PycharmProjects\Homework6\venv\Lib\site-packages\django\template\base.py", line 961, in render_annotated
    return self.render(context)
           ^^^^^^^^^^^^^^^^^^^^
  File "C:\Users\shuri\PycharmProjects\Homework6\venv\Lib\site-packages\django\template\loader_tags.py", line 159, in render
    return compiled_parent._render(context)
           ^^^^^^^^^^^^^^^^^^^^^^^^^^^^^^^^
  File "C:\Users\shuri\PycharmProjects\Homework6\venv\Lib\site-packages\django\template\base.py", line 163, in _render
    return self.nodelist.render(context)
           ^^^^^^^^^^^^^^^^^^^^^^^^^^^^^
  File "C:\Users\shuri\PycharmProjects\Homework6\venv\Lib\site-packages\django\template\base.py", line 1000, in render
    return SafeString("".join([node.render_annotated(context) for node in self]))
                              ^^^^^^^^^^^^^^^^^^^^^^^^^^^^^^^^^^^^^^^^^^^^^^^^^
  File "C:\Users\shuri\PycharmProjects\Homework6\venv\Lib\site-packages\django\template\base.py", line 1000, in <listcomp>
    return SafeString("".join([node.render_annotated(context) for node in self]))
                               ^^^^^^^^^^^^^^^^^^^^^^^^^^^^^^
  File "C:\Users\shuri\PycharmProjects\Homework6\venv\Lib\site-packages\django\template\base.py", line 961, in render_annotated
    return self.render(context)
           ^^^^^^^^^^^^^^^^^^^^
  File "C:\Users\shuri\PycharmProjects\Homework6\venv\Lib\site-packages\django\template\loader_tags.py", line 65, in render
    result = block.nodelist.render(context)
             ^^^^^^^^^^^^^^^^^^^^^^^^^^^^^^
  File "C:\Users\shuri\PycharmProjects\Homework6\venv\Lib\site-packages\django\template\base.py", line 1000, in render
    return SafeString("".join([node.render_annotated(context) for node in self]))
                              ^^^^^^^^^^^^^^^^^^^^^^^^^^^^^^^^^^^^^^^^^^^^^^^^^
  File "C:\Users\shuri\PycharmProjects\Homework6\venv\Lib\site-packages\django\template\base.py", line 1000, in <listcomp>
    return SafeString("".join([node.render_annotated(context) for node in self]))
                               ^^^^^^^^^^^^^^^^^^^^^^^^^^^^^^
  File "C:\Users\shuri\PycharmProjects\Homework6\venv\Lib\site-packages\django\template\base.py", line 961, in render_annotated
    return self.render(context)
           ^^^^^^^^^^^^^^^^^^^^
  File "C:\Users\shuri\PycharmProjects\Homework6\venv\Lib\site-packages\django\templatetags\static.py", line 116, in render
    url = self.url(context)
          ^^^^^^^^^^^^^^^^^
  File "C:\Users\shuri\PycharmProjects\Homework6\venv\Lib\site-packages\django\templatetags\static.py", line 113, in url
    return self.handle_simple(path)
           ^^^^^^^^^^^^^^^^^^^^^^^^
  File "C:\Users\shuri\PycharmProjects\Homework6\venv\Lib\site-packages\django\templatetags\static.py", line 129, in handle_simple
    return staticfiles_storage.url(path)
           ^^^^^^^^^^^^^^^^^^^^^^^
  File "C:\Users\shuri\PycharmProjects\Homework6\venv\Lib\site-packages\django\utils\functional.py", line 251, in inner
    self._setup()
  File "C:\Users\shuri\PycharmProjects\Homework6\venv\Lib\site-packages\django\contrib\staticfiles\storage.py", line 540, in _setup
    self._wrapped = storages[STATICFILES_STORAGE_ALIAS]
                    ~~~~~~~~^^^^^^^^^^^^^^^^^^^^^^^^^^^
  File "C:\Users\shuri\PycharmProjects\Homework6\venv\Lib\site-packages\django\core\files\storage\handler.py", line 43, in __getitem__
    storage = self.create_storage(params)
              ^^^^^^^^^^^^^^^^^^^^^^^^^^^
  File "C:\Users\shuri\PycharmProjects\Homework6\venv\Lib\site-packages\django\core\files\storage\handler.py", line 55, in create_storage
    return storage_cls(**options)
           ^^^^^^^^^^^^^^^^^^^^^^
  File "C:\Users\shuri\PycharmProjects\Homework6\venv\Lib\site-packages\django\contrib\staticfiles\storage.py", line 29, in __init__
    check_settings(base_url)
  File "C:\Users\shuri\PycharmProjects\Homework6\venv\Lib\site-packages\django\contrib\staticfiles\utils.py", line 49, in check_settings
    raise ImproperlyConfigured(
django.core.exceptions.ImproperlyConfigured: You're using the staticfiles app without having set the required STATIC_URL setting.
ERROR 2024-03-03 00:12:12,560 "GET /admin/ HTTP/1.1" 500 145
INFO 2024-03-03 00:12:13,100 C:\Users\shuri\PycharmProjects\Homework6\hw6\hw6\settings.py changed, reloading.
INFO 2024-03-03 00:12:13,551 Watching for file changes with StatReloader
INFO 2024-03-03 00:12:14,807 "GET /admin/ HTTP/1.1" 200 7543
WARNING 2024-03-03 00:12:14,813 Not Found: /static/admin/css/base.css
WARNING 2024-03-03 00:12:14,814 Not Found: /static/admin/css/dark_mode.css
WARNING 2024-03-03 00:12:14,814 Not Found: /static/admin/css/nav_sidebar.css
WARNING 2024-03-03 00:12:14,815 Not Found: /static/admin/css/dashboard.css
WARNING 2024-03-03 00:12:14,816 "GET /static/admin/css/base.css HTTP/1.1" 404 179
WARNING 2024-03-03 00:12:14,816 "GET /static/admin/css/dark_mode.css HTTP/1.1" 404 179
WARNING 2024-03-03 00:12:14,816 "GET /static/admin/css/nav_sidebar.css HTTP/1.1" 404 179
WARNING 2024-03-03 00:12:14,816 "GET /static/admin/css/dashboard.css HTTP/1.1" 404 179
WARNING 2024-03-03 00:12:14,818 Not Found: /static/admin/css/responsive.css
WARNING 2024-03-03 00:12:14,819 Not Found: /static/admin/js/theme.js
WARNING 2024-03-03 00:12:14,819 Not Found: /static/admin/js/nav_sidebar.js
WARNING 2024-03-03 00:12:14,820 "GET /static/admin/css/responsive.css HTTP/1.1" 404 179
WARNING 2024-03-03 00:12:14,820 "GET /static/admin/js/theme.js HTTP/1.1" 404 179
WARNING 2024-03-03 00:12:14,820 "GET /static/admin/js/nav_sidebar.js HTTP/1.1" 404 179
INFO 2024-03-03 00:12:17,352 "GET /admin/ HTTP/1.1" 200 7543
WARNING 2024-03-03 00:12:17,358 Not Found: /static/admin/css/base.css
WARNING 2024-03-03 00:12:17,358 Not Found: /static/admin/css/dark_mode.css
WARNING 2024-03-03 00:12:17,359 Not Found: /static/admin/css/nav_sidebar.css
WARNING 2024-03-03 00:12:17,359 Not Found: /static/admin/css/dashboard.css
WARNING 2024-03-03 00:12:17,360 Not Found: /static/admin/css/responsive.css
WARNING 2024-03-03 00:12:17,360 "GET /static/admin/css/dark_mode.css HTTP/1.1" 404 179
WARNING 2024-03-03 00:12:17,360 "GET /static/admin/css/base.css HTTP/1.1" 404 179
WARNING 2024-03-03 00:12:17,360 "GET /static/admin/css/nav_sidebar.css HTTP/1.1" 404 179
WARNING 2024-03-03 00:12:17,361 "GET /static/admin/css/dashboard.css HTTP/1.1" 404 179
WARNING 2024-03-03 00:12:17,361 "GET /static/admin/css/responsive.css HTTP/1.1" 404 179
WARNING 2024-03-03 00:12:17,363 Not Found: /static/admin/js/theme.js
WARNING 2024-03-03 00:12:17,363 Not Found: /static/admin/js/nav_sidebar.js
WARNING 2024-03-03 00:12:17,364 "GET /static/admin/js/theme.js HTTP/1.1" 404 179
WARNING 2024-03-03 00:12:17,364 "GET /static/admin/js/nav_sidebar.js HTTP/1.1" 404 179
INFO 2024-03-03 00:12:28,688 "GET /admin/ HTTP/1.1" 200 7543
WARNING 2024-03-03 00:12:28,693 Not Found: /static/admin/css/base.css
WARNING 2024-03-03 00:12:28,694 Not Found: /static/admin/css/dark_mode.css
WARNING 2024-03-03 00:12:28,694 Not Found: /static/admin/css/nav_sidebar.css
WARNING 2024-03-03 00:12:28,695 Not Found: /static/admin/css/dashboard.css
WARNING 2024-03-03 00:12:28,695 Not Found: /static/admin/css/responsive.css
WARNING 2024-03-03 00:12:28,696 Not Found: /static/admin/js/theme.js
WARNING 2024-03-03 00:12:28,697 "GET /static/admin/css/base.css HTTP/1.1" 404 179
WARNING 2024-03-03 00:12:28,697 "GET /static/admin/css/dark_mode.css HTTP/1.1" 404 179
WARNING 2024-03-03 00:12:28,697 "GET /static/admin/css/dashboard.css HTTP/1.1" 404 179
WARNING 2024-03-03 00:12:28,697 "GET /static/admin/css/nav_sidebar.css HTTP/1.1" 404 179
WARNING 2024-03-03 00:12:28,697 "GET /static/admin/css/responsive.css HTTP/1.1" 404 179
WARNING 2024-03-03 00:12:28,699 "GET /static/admin/js/theme.js HTTP/1.1" 404 179
WARNING 2024-03-03 00:12:28,701 Not Found: /static/admin/js/nav_sidebar.js
WARNING 2024-03-03 00:12:28,701 "GET /static/admin/js/nav_sidebar.js HTTP/1.1" 404 179
INFO 2024-03-03 00:12:29,544 C:\Users\shuri\PycharmProjects\Homework6\hw6\hw6\settings.py changed, reloading.
INFO 2024-03-03 00:12:30,008 Watching for file changes with StatReloader
ERROR 2024-03-03 00:12:31,243 Internal Server Error: /admin/
Traceback (most recent call last):
  File "C:\Users\shuri\PycharmProjects\Homework6\venv\Lib\site-packages\django\core\files\storage\handler.py", line 35, in __getitem__
    return self._storages[alias]
           ~~~~~~~~~~~~~~^^^^^^^
KeyError: 'staticfiles'

During handling of the above exception, another exception occurred:

Traceback (most recent call last):
  File "C:\Users\shuri\PycharmProjects\Homework6\venv\Lib\site-packages\django\core\handlers\exception.py", line 55, in inner
    response = get_response(request)
               ^^^^^^^^^^^^^^^^^^^^^
  File "C:\Users\shuri\PycharmProjects\Homework6\venv\Lib\site-packages\django\core\handlers\base.py", line 220, in _get_response
    response = response.render()
               ^^^^^^^^^^^^^^^^^
  File "C:\Users\shuri\PycharmProjects\Homework6\venv\Lib\site-packages\django\template\response.py", line 114, in render
    self.content = self.rendered_content
                   ^^^^^^^^^^^^^^^^^^^^^
  File "C:\Users\shuri\PycharmProjects\Homework6\venv\Lib\site-packages\django\template\response.py", line 92, in rendered_content
    return template.render(context, self._request)
           ^^^^^^^^^^^^^^^^^^^^^^^^^^^^^^^^^^^^^^^
  File "C:\Users\shuri\PycharmProjects\Homework6\venv\Lib\site-packages\django\template\backends\django.py", line 61, in render
    return self.template.render(context)
           ^^^^^^^^^^^^^^^^^^^^^^^^^^^^^
  File "C:\Users\shuri\PycharmProjects\Homework6\venv\Lib\site-packages\django\template\base.py", line 171, in render
    return self._render(context)
           ^^^^^^^^^^^^^^^^^^^^^
  File "C:\Users\shuri\PycharmProjects\Homework6\venv\Lib\site-packages\django\template\base.py", line 163, in _render
    return self.nodelist.render(context)
           ^^^^^^^^^^^^^^^^^^^^^^^^^^^^^
  File "C:\Users\shuri\PycharmProjects\Homework6\venv\Lib\site-packages\django\template\base.py", line 1000, in render
    return SafeString("".join([node.render_annotated(context) for node in self]))
                              ^^^^^^^^^^^^^^^^^^^^^^^^^^^^^^^^^^^^^^^^^^^^^^^^^
  File "C:\Users\shuri\PycharmProjects\Homework6\venv\Lib\site-packages\django\template\base.py", line 1000, in <listcomp>
    return SafeString("".join([node.render_annotated(context) for node in self]))
                               ^^^^^^^^^^^^^^^^^^^^^^^^^^^^^^
  File "C:\Users\shuri\PycharmProjects\Homework6\venv\Lib\site-packages\django\template\base.py", line 961, in render_annotated
    return self.render(context)
           ^^^^^^^^^^^^^^^^^^^^
  File "C:\Users\shuri\PycharmProjects\Homework6\venv\Lib\site-packages\django\template\loader_tags.py", line 159, in render
    return compiled_parent._render(context)
           ^^^^^^^^^^^^^^^^^^^^^^^^^^^^^^^^
  File "C:\Users\shuri\PycharmProjects\Homework6\venv\Lib\site-packages\django\template\base.py", line 163, in _render
    return self.nodelist.render(context)
           ^^^^^^^^^^^^^^^^^^^^^^^^^^^^^
  File "C:\Users\shuri\PycharmProjects\Homework6\venv\Lib\site-packages\django\template\base.py", line 1000, in render
    return SafeString("".join([node.render_annotated(context) for node in self]))
                              ^^^^^^^^^^^^^^^^^^^^^^^^^^^^^^^^^^^^^^^^^^^^^^^^^
  File "C:\Users\shuri\PycharmProjects\Homework6\venv\Lib\site-packages\django\template\base.py", line 1000, in <listcomp>
    return SafeString("".join([node.render_annotated(context) for node in self]))
                               ^^^^^^^^^^^^^^^^^^^^^^^^^^^^^^
  File "C:\Users\shuri\PycharmProjects\Homework6\venv\Lib\site-packages\django\template\base.py", line 961, in render_annotated
    return self.render(context)
           ^^^^^^^^^^^^^^^^^^^^
  File "C:\Users\shuri\PycharmProjects\Homework6\venv\Lib\site-packages\django\template\loader_tags.py", line 159, in render
    return compiled_parent._render(context)
           ^^^^^^^^^^^^^^^^^^^^^^^^^^^^^^^^
  File "C:\Users\shuri\PycharmProjects\Homework6\venv\Lib\site-packages\django\template\base.py", line 163, in _render
    return self.nodelist.render(context)
           ^^^^^^^^^^^^^^^^^^^^^^^^^^^^^
  File "C:\Users\shuri\PycharmProjects\Homework6\venv\Lib\site-packages\django\template\base.py", line 1000, in render
    return SafeString("".join([node.render_annotated(context) for node in self]))
                              ^^^^^^^^^^^^^^^^^^^^^^^^^^^^^^^^^^^^^^^^^^^^^^^^^
  File "C:\Users\shuri\PycharmProjects\Homework6\venv\Lib\site-packages\django\template\base.py", line 1000, in <listcomp>
    return SafeString("".join([node.render_annotated(context) for node in self]))
                               ^^^^^^^^^^^^^^^^^^^^^^^^^^^^^^
  File "C:\Users\shuri\PycharmProjects\Homework6\venv\Lib\site-packages\django\template\base.py", line 961, in render_annotated
    return self.render(context)
           ^^^^^^^^^^^^^^^^^^^^
  File "C:\Users\shuri\PycharmProjects\Homework6\venv\Lib\site-packages\django\template\loader_tags.py", line 65, in render
    result = block.nodelist.render(context)
             ^^^^^^^^^^^^^^^^^^^^^^^^^^^^^^
  File "C:\Users\shuri\PycharmProjects\Homework6\venv\Lib\site-packages\django\template\base.py", line 1000, in render
    return SafeString("".join([node.render_annotated(context) for node in self]))
                              ^^^^^^^^^^^^^^^^^^^^^^^^^^^^^^^^^^^^^^^^^^^^^^^^^
  File "C:\Users\shuri\PycharmProjects\Homework6\venv\Lib\site-packages\django\template\base.py", line 1000, in <listcomp>
    return SafeString("".join([node.render_annotated(context) for node in self]))
                               ^^^^^^^^^^^^^^^^^^^^^^^^^^^^^^
  File "C:\Users\shuri\PycharmProjects\Homework6\venv\Lib\site-packages\django\template\base.py", line 961, in render_annotated
    return self.render(context)
           ^^^^^^^^^^^^^^^^^^^^
  File "C:\Users\shuri\PycharmProjects\Homework6\venv\Lib\site-packages\django\templatetags\static.py", line 116, in render
    url = self.url(context)
          ^^^^^^^^^^^^^^^^^
  File "C:\Users\shuri\PycharmProjects\Homework6\venv\Lib\site-packages\django\templatetags\static.py", line 113, in url
    return self.handle_simple(path)
           ^^^^^^^^^^^^^^^^^^^^^^^^
  File "C:\Users\shuri\PycharmProjects\Homework6\venv\Lib\site-packages\django\templatetags\static.py", line 129, in handle_simple
    return staticfiles_storage.url(path)
           ^^^^^^^^^^^^^^^^^^^^^^^
  File "C:\Users\shuri\PycharmProjects\Homework6\venv\Lib\site-packages\django\utils\functional.py", line 251, in inner
    self._setup()
  File "C:\Users\shuri\PycharmProjects\Homework6\venv\Lib\site-packages\django\contrib\staticfiles\storage.py", line 540, in _setup
    self._wrapped = storages[STATICFILES_STORAGE_ALIAS]
                    ~~~~~~~~^^^^^^^^^^^^^^^^^^^^^^^^^^^
  File "C:\Users\shuri\PycharmProjects\Homework6\venv\Lib\site-packages\django\core\files\storage\handler.py", line 43, in __getitem__
    storage = self.create_storage(params)
              ^^^^^^^^^^^^^^^^^^^^^^^^^^^
  File "C:\Users\shuri\PycharmProjects\Homework6\venv\Lib\site-packages\django\core\files\storage\handler.py", line 55, in create_storage
    return storage_cls(**options)
           ^^^^^^^^^^^^^^^^^^^^^^
  File "C:\Users\shuri\PycharmProjects\Homework6\venv\Lib\site-packages\django\contrib\staticfiles\storage.py", line 29, in __init__
    check_settings(base_url)
  File "C:\Users\shuri\PycharmProjects\Homework6\venv\Lib\site-packages\django\contrib\staticfiles\utils.py", line 49, in check_settings
    raise ImproperlyConfigured(
django.core.exceptions.ImproperlyConfigured: You're using the staticfiles app without having set the required STATIC_URL setting.
ERROR 2024-03-03 00:12:31,249 "GET /admin/ HTTP/1.1" 500 145
ERROR 2024-03-03 00:12:35,366 Internal Server Error: /admin/storeapp/
Traceback (most recent call last):
  File "C:\Users\shuri\PycharmProjects\Homework6\venv\Lib\site-packages\django\core\files\storage\handler.py", line 35, in __getitem__
    return self._storages[alias]
           ~~~~~~~~~~~~~~^^^^^^^
KeyError: 'staticfiles'

During handling of the above exception, another exception occurred:

Traceback (most recent call last):
  File "C:\Users\shuri\PycharmProjects\Homework6\venv\Lib\site-packages\django\core\handlers\exception.py", line 55, in inner
    response = get_response(request)
               ^^^^^^^^^^^^^^^^^^^^^
  File "C:\Users\shuri\PycharmProjects\Homework6\venv\Lib\site-packages\django\core\handlers\base.py", line 220, in _get_response
    response = response.render()
               ^^^^^^^^^^^^^^^^^
  File "C:\Users\shuri\PycharmProjects\Homework6\venv\Lib\site-packages\django\template\response.py", line 114, in render
    self.content = self.rendered_content
                   ^^^^^^^^^^^^^^^^^^^^^
  File "C:\Users\shuri\PycharmProjects\Homework6\venv\Lib\site-packages\django\template\response.py", line 92, in rendered_content
    return template.render(context, self._request)
           ^^^^^^^^^^^^^^^^^^^^^^^^^^^^^^^^^^^^^^^
  File "C:\Users\shuri\PycharmProjects\Homework6\venv\Lib\site-packages\django\template\backends\django.py", line 61, in render
    return self.template.render(context)
           ^^^^^^^^^^^^^^^^^^^^^^^^^^^^^
  File "C:\Users\shuri\PycharmProjects\Homework6\venv\Lib\site-packages\django\template\base.py", line 171, in render
    return self._render(context)
           ^^^^^^^^^^^^^^^^^^^^^
  File "C:\Users\shuri\PycharmProjects\Homework6\venv\Lib\site-packages\django\template\base.py", line 163, in _render
    return self.nodelist.render(context)
           ^^^^^^^^^^^^^^^^^^^^^^^^^^^^^
  File "C:\Users\shuri\PycharmProjects\Homework6\venv\Lib\site-packages\django\template\base.py", line 1000, in render
    return SafeString("".join([node.render_annotated(context) for node in self]))
                              ^^^^^^^^^^^^^^^^^^^^^^^^^^^^^^^^^^^^^^^^^^^^^^^^^
  File "C:\Users\shuri\PycharmProjects\Homework6\venv\Lib\site-packages\django\template\base.py", line 1000, in <listcomp>
    return SafeString("".join([node.render_annotated(context) for node in self]))
                               ^^^^^^^^^^^^^^^^^^^^^^^^^^^^^^
  File "C:\Users\shuri\PycharmProjects\Homework6\venv\Lib\site-packages\django\template\base.py", line 961, in render_annotated
    return self.render(context)
           ^^^^^^^^^^^^^^^^^^^^
  File "C:\Users\shuri\PycharmProjects\Homework6\venv\Lib\site-packages\django\template\loader_tags.py", line 159, in render
    return compiled_parent._render(context)
           ^^^^^^^^^^^^^^^^^^^^^^^^^^^^^^^^
  File "C:\Users\shuri\PycharmProjects\Homework6\venv\Lib\site-packages\django\template\base.py", line 163, in _render
    return self.nodelist.render(context)
           ^^^^^^^^^^^^^^^^^^^^^^^^^^^^^
  File "C:\Users\shuri\PycharmProjects\Homework6\venv\Lib\site-packages\django\template\base.py", line 1000, in render
    return SafeString("".join([node.render_annotated(context) for node in self]))
                              ^^^^^^^^^^^^^^^^^^^^^^^^^^^^^^^^^^^^^^^^^^^^^^^^^
  File "C:\Users\shuri\PycharmProjects\Homework6\venv\Lib\site-packages\django\template\base.py", line 1000, in <listcomp>
    return SafeString("".join([node.render_annotated(context) for node in self]))
                               ^^^^^^^^^^^^^^^^^^^^^^^^^^^^^^
  File "C:\Users\shuri\PycharmProjects\Homework6\venv\Lib\site-packages\django\template\base.py", line 961, in render_annotated
    return self.render(context)
           ^^^^^^^^^^^^^^^^^^^^
  File "C:\Users\shuri\PycharmProjects\Homework6\venv\Lib\site-packages\django\template\loader_tags.py", line 159, in render
    return compiled_parent._render(context)
           ^^^^^^^^^^^^^^^^^^^^^^^^^^^^^^^^
  File "C:\Users\shuri\PycharmProjects\Homework6\venv\Lib\site-packages\django\template\base.py", line 163, in _render
    return self.nodelist.render(context)
           ^^^^^^^^^^^^^^^^^^^^^^^^^^^^^
  File "C:\Users\shuri\PycharmProjects\Homework6\venv\Lib\site-packages\django\template\base.py", line 1000, in render
    return SafeString("".join([node.render_annotated(context) for node in self]))
                              ^^^^^^^^^^^^^^^^^^^^^^^^^^^^^^^^^^^^^^^^^^^^^^^^^
  File "C:\Users\shuri\PycharmProjects\Homework6\venv\Lib\site-packages\django\template\base.py", line 1000, in <listcomp>
    return SafeString("".join([node.render_annotated(context) for node in self]))
                               ^^^^^^^^^^^^^^^^^^^^^^^^^^^^^^
  File "C:\Users\shuri\PycharmProjects\Homework6\venv\Lib\site-packages\django\template\base.py", line 961, in render_annotated
    return self.render(context)
           ^^^^^^^^^^^^^^^^^^^^
  File "C:\Users\shuri\PycharmProjects\Homework6\venv\Lib\site-packages\django\template\loader_tags.py", line 159, in render
    return compiled_parent._render(context)
           ^^^^^^^^^^^^^^^^^^^^^^^^^^^^^^^^
  File "C:\Users\shuri\PycharmProjects\Homework6\venv\Lib\site-packages\django\template\base.py", line 163, in _render
    return self.nodelist.render(context)
           ^^^^^^^^^^^^^^^^^^^^^^^^^^^^^
  File "C:\Users\shuri\PycharmProjects\Homework6\venv\Lib\site-packages\django\template\base.py", line 1000, in render
    return SafeString("".join([node.render_annotated(context) for node in self]))
                              ^^^^^^^^^^^^^^^^^^^^^^^^^^^^^^^^^^^^^^^^^^^^^^^^^
  File "C:\Users\shuri\PycharmProjects\Homework6\venv\Lib\site-packages\django\template\base.py", line 1000, in <listcomp>
    return SafeString("".join([node.render_annotated(context) for node in self]))
                               ^^^^^^^^^^^^^^^^^^^^^^^^^^^^^^
  File "C:\Users\shuri\PycharmProjects\Homework6\venv\Lib\site-packages\django\template\base.py", line 961, in render_annotated
    return self.render(context)
           ^^^^^^^^^^^^^^^^^^^^
  File "C:\Users\shuri\PycharmProjects\Homework6\venv\Lib\site-packages\django\template\loader_tags.py", line 65, in render
    result = block.nodelist.render(context)
             ^^^^^^^^^^^^^^^^^^^^^^^^^^^^^^
  File "C:\Users\shuri\PycharmProjects\Homework6\venv\Lib\site-packages\django\template\base.py", line 1000, in render
    return SafeString("".join([node.render_annotated(context) for node in self]))
                              ^^^^^^^^^^^^^^^^^^^^^^^^^^^^^^^^^^^^^^^^^^^^^^^^^
  File "C:\Users\shuri\PycharmProjects\Homework6\venv\Lib\site-packages\django\template\base.py", line 1000, in <listcomp>
    return SafeString("".join([node.render_annotated(context) for node in self]))
                               ^^^^^^^^^^^^^^^^^^^^^^^^^^^^^^
  File "C:\Users\shuri\PycharmProjects\Homework6\venv\Lib\site-packages\django\template\base.py", line 961, in render_annotated
    return self.render(context)
           ^^^^^^^^^^^^^^^^^^^^
  File "C:\Users\shuri\PycharmProjects\Homework6\venv\Lib\site-packages\django\templatetags\static.py", line 116, in render
    url = self.url(context)
          ^^^^^^^^^^^^^^^^^
  File "C:\Users\shuri\PycharmProjects\Homework6\venv\Lib\site-packages\django\templatetags\static.py", line 113, in url
    return self.handle_simple(path)
           ^^^^^^^^^^^^^^^^^^^^^^^^
  File "C:\Users\shuri\PycharmProjects\Homework6\venv\Lib\site-packages\django\templatetags\static.py", line 129, in handle_simple
    return staticfiles_storage.url(path)
           ^^^^^^^^^^^^^^^^^^^^^^^
  File "C:\Users\shuri\PycharmProjects\Homework6\venv\Lib\site-packages\django\utils\functional.py", line 251, in inner
    self._setup()
  File "C:\Users\shuri\PycharmProjects\Homework6\venv\Lib\site-packages\django\contrib\staticfiles\storage.py", line 540, in _setup
    self._wrapped = storages[STATICFILES_STORAGE_ALIAS]
                    ~~~~~~~~^^^^^^^^^^^^^^^^^^^^^^^^^^^
  File "C:\Users\shuri\PycharmProjects\Homework6\venv\Lib\site-packages\django\core\files\storage\handler.py", line 43, in __getitem__
    storage = self.create_storage(params)
              ^^^^^^^^^^^^^^^^^^^^^^^^^^^
  File "C:\Users\shuri\PycharmProjects\Homework6\venv\Lib\site-packages\django\core\files\storage\handler.py", line 55, in create_storage
    return storage_cls(**options)
           ^^^^^^^^^^^^^^^^^^^^^^
  File "C:\Users\shuri\PycharmProjects\Homework6\venv\Lib\site-packages\django\contrib\staticfiles\storage.py", line 29, in __init__
    check_settings(base_url)
  File "C:\Users\shuri\PycharmProjects\Homework6\venv\Lib\site-packages\django\contrib\staticfiles\utils.py", line 49, in check_settings
    raise ImproperlyConfigured(
django.core.exceptions.ImproperlyConfigured: You're using the staticfiles app without having set the required STATIC_URL setting.
ERROR 2024-03-03 00:12:35,371 "GET /admin/storeapp/ HTTP/1.1" 500 145
INFO 2024-03-03 00:12:54,239 C:\Users\shuri\PycharmProjects\Homework6\hw6\hw6\settings.py changed, reloading.
INFO 2024-03-03 00:12:54,713 Watching for file changes with StatReloader
INFO 2024-03-03 00:12:55,834 "GET /admin/storeapp/ HTTP/1.1" 200 6330
WARNING 2024-03-03 00:12:55,842 Not Found: /static/admin/css/base.css
WARNING 2024-03-03 00:12:55,843 Not Found: /static/admin/css/dark_mode.css
WARNING 2024-03-03 00:12:55,844 Not Found: /static/admin/css/nav_sidebar.css
WARNING 2024-03-03 00:12:55,845 Not Found: /static/admin/css/dashboard.css
WARNING 2024-03-03 00:12:55,845 "GET /static/admin/css/base.css HTTP/1.1" 404 179
INFO 2024-03-03 00:12:55,845 - Broken pipe from ('127.0.0.1', 59902)
WARNING 2024-03-03 00:12:55,846 "GET /static/admin/css/nav_sidebar.css HTTP/1.1" 404 179
WARNING 2024-03-03 00:12:55,846 "GET /static/admin/css/dark_mode.css HTTP/1.1" 404 179
WARNING 2024-03-03 00:12:55,846 "GET /static/admin/css/dashboard.css HTTP/1.1" 404 179
WARNING 2024-03-03 00:12:55,847 Not Found: /static/admin/css/responsive.css
WARNING 2024-03-03 00:12:55,848 Not Found: /static/admin/js/theme.js
WARNING 2024-03-03 00:12:55,848 Not Found: /static/admin/js/nav_sidebar.js
WARNING 2024-03-03 00:12:55,849 "GET /static/admin/css/responsive.css HTTP/1.1" 404 179
WARNING 2024-03-03 00:12:55,849 "GET /static/admin/js/nav_sidebar.js HTTP/1.1" 404 179
WARNING 2024-03-03 00:12:55,849 "GET /static/admin/js/theme.js HTTP/1.1" 404 179
WARNING 2024-03-03 00:14:44,094 Not Found: /index/
WARNING 2024-03-03 00:14:44,094 "GET /index/ HTTP/1.1" 404 179
WARNING 2024-03-03 00:14:50,677 Not Found: /index/1/
WARNING 2024-03-03 00:14:50,677 "GET /index/1/ HTTP/1.1" 404 179
INFO 2024-03-03 00:15:04,442 "GET /storeapp/index/1/ HTTP/1.1" 200 1618
WARNING 2024-03-03 00:15:52,079 Not Found: /storeapp/admin/
WARNING 2024-03-03 00:15:52,079 "GET /storeapp/admin/ HTTP/1.1" 404 179
INFO 2024-03-03 00:16:06,135 "GET /admin/ HTTP/1.1" 200 7543
WARNING 2024-03-03 00:16:06,140 Not Found: /static/admin/css/base.css
WARNING 2024-03-03 00:16:06,141 Not Found: /static/admin/css/dark_mode.css
WARNING 2024-03-03 00:16:06,141 Not Found: /static/admin/css/nav_sidebar.css
WARNING 2024-03-03 00:16:06,142 Not Found: /static/admin/css/dashboard.css
WARNING 2024-03-03 00:16:06,143 Not Found: /static/admin/css/responsive.css
WARNING 2024-03-03 00:16:06,144 "GET /static/admin/css/base.css HTTP/1.1" 404 179
WARNING 2024-03-03 00:16:06,144 "GET /static/admin/css/dark_mode.css HTTP/1.1" 404 179
WARNING 2024-03-03 00:16:06,144 "GET /static/admin/css/nav_sidebar.css HTTP/1.1" 404 179
WARNING 2024-03-03 00:16:06,144 "GET /static/admin/css/responsive.css HTTP/1.1" 404 179
WARNING 2024-03-03 00:16:06,145 "GET /static/admin/css/dashboard.css HTTP/1.1" 404 179
WARNING 2024-03-03 00:16:06,147 Not Found: /static/admin/js/theme.js
WARNING 2024-03-03 00:16:06,147 Not Found: /static/admin/js/nav_sidebar.js
WARNING 2024-03-03 00:16:06,148 "GET /static/admin/js/nav_sidebar.js HTTP/1.1" 404 179
WARNING 2024-03-03 00:16:06,148 "GET /static/admin/js/theme.js HTTP/1.1" 404 179
INFO 2024-03-03 15:49:40,640 Watching for file changes with StatReloader
INFO 2024-03-03 15:49:51,117 "GET /admin/login/?next=/admin/ HTTP/1.1" 200 4359
WARNING 2024-03-03 15:49:51,124 Not Found: /static/admin/css/base.css
WARNING 2024-03-03 15:49:51,124 Not Found: /static/admin/css/dark_mode.css
WARNING 2024-03-03 15:49:51,125 Not Found: /static/admin/css/nav_sidebar.css
WARNING 2024-03-03 15:49:51,126 Not Found: /static/admin/css/login.css
WARNING 2024-03-03 15:49:51,127 Not Found: /static/admin/css/responsive.css
WARNING 2024-03-03 15:49:51,127 "GET /static/admin/css/base.css HTTP/1.1" 404 179
WARNING 2024-03-03 15:49:51,128 "GET /static/admin/css/dark_mode.css HTTP/1.1" 404 179
WARNING 2024-03-03 15:49:51,128 "GET /static/admin/css/nav_sidebar.css HTTP/1.1" 404 179
WARNING 2024-03-03 15:49:51,130 Not Found: /static/admin/js/theme.js
WARNING 2024-03-03 15:49:51,130 Not Found: /static/admin/js/nav_sidebar.js
WARNING 2024-03-03 15:49:51,130 "GET /static/admin/css/login.css HTTP/1.1" 404 179
WARNING 2024-03-03 15:49:51,131 "GET /static/admin/css/responsive.css HTTP/1.1" 404 179
INFO 2024-03-03 15:49:51,131 - Broken pipe from ('127.0.0.1', 61474)
WARNING 2024-03-03 15:49:51,131 "GET /static/admin/js/theme.js HTTP/1.1" 404 179
WARNING 2024-03-03 15:49:51,132 "GET /static/admin/js/nav_sidebar.js HTTP/1.1" 404 179
INFO 2024-03-03 15:49:52,557 "GET /admin/login/?next=/admin/ HTTP/1.1" 200 4359
WARNING 2024-03-03 15:49:52,562 Not Found: /static/admin/css/dark_mode.css
WARNING 2024-03-03 15:49:52,563 Not Found: /static/admin/css/base.css
WARNING 2024-03-03 15:49:52,564 Not Found: /static/admin/css/login.css
WARNING 2024-03-03 15:49:52,564 Not Found: /static/admin/css/nav_sidebar.css
WARNING 2024-03-03 15:49:52,564 Not Found: /static/admin/css/responsive.css
WARNING 2024-03-03 15:49:52,566 Not Found: /static/admin/js/theme.js
WARNING 2024-03-03 15:49:52,566 "GET /static/admin/css/dark_mode.css HTTP/1.1" 404 179
WARNING 2024-03-03 15:49:52,567 "GET /static/admin/css/login.css HTTP/1.1" 404 179
WARNING 2024-03-03 15:49:52,567 "GET /static/admin/css/base.css HTTP/1.1" 404 179
WARNING 2024-03-03 15:49:52,567 "GET /static/admin/css/nav_sidebar.css HTTP/1.1" 404 179
WARNING 2024-03-03 15:49:52,567 "GET /static/admin/css/responsive.css HTTP/1.1" 404 179
WARNING 2024-03-03 15:49:52,567 "GET /static/admin/js/theme.js HTTP/1.1" 404 179
WARNING 2024-03-03 15:49:52,568 Not Found: /static/admin/js/nav_sidebar.js
WARNING 2024-03-03 15:49:52,570 "GET /static/admin/js/nav_sidebar.js HTTP/1.1" 404 179
INFO 2024-03-03 15:49:53,175 "GET /admin/login/?next=/admin/ HTTP/1.1" 200 4359
WARNING 2024-03-03 15:49:53,181 Not Found: /static/admin/css/base.css
WARNING 2024-03-03 15:49:53,181 Not Found: /static/admin/css/dark_mode.css
WARNING 2024-03-03 15:49:53,182 Not Found: /static/admin/css/nav_sidebar.css
WARNING 2024-03-03 15:49:53,182 Not Found: /static/admin/css/login.css
WARNING 2024-03-03 15:49:53,184 Not Found: /static/admin/css/responsive.css
WARNING 2024-03-03 15:49:53,184 Not Found: /static/admin/js/theme.js
WARNING 2024-03-03 15:49:53,185 "GET /static/admin/css/base.css HTTP/1.1" 404 179
WARNING 2024-03-03 15:49:53,185 "GET /static/admin/css/nav_sidebar.css HTTP/1.1" 404 179
WARNING 2024-03-03 15:49:53,185 "GET /static/admin/css/dark_mode.css HTTP/1.1" 404 179
WARNING 2024-03-03 15:49:53,185 "GET /static/admin/css/login.css HTTP/1.1" 404 179
WARNING 2024-03-03 15:49:53,186 "GET /static/admin/css/responsive.css HTTP/1.1" 404 179
WARNING 2024-03-03 15:49:53,186 "GET /static/admin/js/theme.js HTTP/1.1" 404 179
WARNING 2024-03-03 15:49:53,188 Not Found: /static/admin/js/nav_sidebar.js
WARNING 2024-03-03 15:49:53,188 "GET /static/admin/js/nav_sidebar.js HTTP/1.1" 404 179
INFO 2024-03-03 15:49:53,391 "GET /admin/login/?next=/admin/ HTTP/1.1" 200 4359
WARNING 2024-03-03 15:49:53,397 Not Found: /static/admin/css/base.css
WARNING 2024-03-03 15:49:53,397 Not Found: /static/admin/css/dark_mode.css
WARNING 2024-03-03 15:49:53,398 Not Found: /static/admin/css/login.css
WARNING 2024-03-03 15:49:53,398 Not Found: /static/admin/css/nav_sidebar.css
WARNING 2024-03-03 15:49:53,399 Not Found: /static/admin/css/responsive.css
WARNING 2024-03-03 15:49:53,400 Not Found: /static/admin/js/theme.js
WARNING 2024-03-03 15:49:53,400 "GET /static/admin/css/dark_mode.css HTTP/1.1" 404 179
WARNING 2024-03-03 15:49:53,400 "GET /static/admin/css/base.css HTTP/1.1" 404 179
WARNING 2024-03-03 15:49:53,400 "GET /static/admin/css/login.css HTTP/1.1" 404 179
WARNING 2024-03-03 15:49:53,402 "GET /static/admin/css/nav_sidebar.css HTTP/1.1" 404 179
WARNING 2024-03-03 15:49:53,402 "GET /static/admin/css/responsive.css HTTP/1.1" 404 179
WARNING 2024-03-03 15:49:53,403 "GET /static/admin/js/theme.js HTTP/1.1" 404 179
WARNING 2024-03-03 15:49:53,404 Not Found: /static/admin/js/nav_sidebar.js
WARNING 2024-03-03 15:49:53,405 "GET /static/admin/js/nav_sidebar.js HTTP/1.1" 404 179
INFO 2024-03-03 15:49:53,597 "GET /admin/login/?next=/admin/ HTTP/1.1" 200 4359
WARNING 2024-03-03 15:49:53,603 Not Found: /static/admin/css/base.css
WARNING 2024-03-03 15:49:53,604 Not Found: /static/admin/css/dark_mode.css
WARNING 2024-03-03 15:49:53,605 Not Found: /static/admin/css/login.css
WARNING 2024-03-03 15:49:53,605 Not Found: /static/admin/css/nav_sidebar.css
WARNING 2024-03-03 15:49:53,606 Not Found: /static/admin/css/responsive.css
WARNING 2024-03-03 15:49:53,607 Not Found: /static/admin/js/theme.js
WARNING 2024-03-03 15:49:53,608 "GET /static/admin/css/dark_mode.css HTTP/1.1" 404 179
WARNING 2024-03-03 15:49:53,608 "GET /static/admin/css/base.css HTTP/1.1" 404 179
WARNING 2024-03-03 15:49:53,608 "GET /static/admin/css/login.css HTTP/1.1" 404 179
WARNING 2024-03-03 15:49:53,608 "GET /static/admin/css/nav_sidebar.css HTTP/1.1" 404 179
WARNING 2024-03-03 15:49:53,610 "GET /static/admin/css/responsive.css HTTP/1.1" 404 179
WARNING 2024-03-03 15:49:53,610 "GET /static/admin/js/theme.js HTTP/1.1" 404 179
WARNING 2024-03-03 15:49:53,612 Not Found: /static/admin/js/nav_sidebar.js
WARNING 2024-03-03 15:49:53,612 "GET /static/admin/js/nav_sidebar.js HTTP/1.1" 404 179
INFO 2024-03-03 15:49:53,806 "GET /admin/login/?next=/admin/ HTTP/1.1" 200 4359
WARNING 2024-03-03 15:49:53,811 Not Found: /static/admin/css/base.css
WARNING 2024-03-03 15:49:53,813 Not Found: /static/admin/css/responsive.css
WARNING 2024-03-03 15:49:53,814 Not Found: /static/admin/css/login.css
WARNING 2024-03-03 15:49:53,814 Not Found: /static/admin/css/nav_sidebar.css
WARNING 2024-03-03 15:49:53,815 Not Found: /static/admin/css/dark_mode.css
WARNING 2024-03-03 15:49:53,815 Not Found: /static/admin/js/theme.js
WARNING 2024-03-03 15:49:53,815 "GET /static/admin/css/base.css HTTP/1.1" 404 179
WARNING 2024-03-03 15:49:53,817 "GET /static/admin/css/login.css HTTP/1.1" 404 179
WARNING 2024-03-03 15:49:53,817 "GET /static/admin/css/responsive.css HTTP/1.1" 404 179
WARNING 2024-03-03 15:49:53,817 "GET /static/admin/css/nav_sidebar.css HTTP/1.1" 404 179
WARNING 2024-03-03 15:49:53,817 "GET /static/admin/css/dark_mode.css HTTP/1.1" 404 179
WARNING 2024-03-03 15:49:53,817 "GET /static/admin/js/theme.js HTTP/1.1" 404 179
WARNING 2024-03-03 15:49:53,819 Not Found: /static/admin/js/nav_sidebar.js
WARNING 2024-03-03 15:49:53,820 "GET /static/admin/js/nav_sidebar.js HTTP/1.1" 404 179
INFO 2024-03-03 15:49:53,997 "GET /admin/login/?next=/admin/ HTTP/1.1" 200 4359
WARNING 2024-03-03 15:49:54,002 Not Found: /static/admin/css/base.css
WARNING 2024-03-03 15:49:54,003 Not Found: /static/admin/css/dark_mode.css
WARNING 2024-03-03 15:49:54,005 Not Found: /static/admin/css/login.css
WARNING 2024-03-03 15:49:54,005 Not Found: /static/admin/css/nav_sidebar.css
WARNING 2024-03-03 15:49:54,006 Not Found: /static/admin/css/responsive.css
WARNING 2024-03-03 15:49:54,006 Not Found: /static/admin/js/theme.js
WARNING 2024-03-03 15:49:54,007 "GET /static/admin/css/base.css HTTP/1.1" 404 179
WARNING 2024-03-03 15:49:54,007 "GET /static/admin/css/login.css HTTP/1.1" 404 179
WARNING 2024-03-03 15:49:54,007 "GET /static/admin/css/dark_mode.css HTTP/1.1" 404 179
WARNING 2024-03-03 15:49:54,008 "GET /static/admin/css/nav_sidebar.css HTTP/1.1" 404 179
WARNING 2024-03-03 15:49:54,008 "GET /static/admin/css/responsive.css HTTP/1.1" 404 179
WARNING 2024-03-03 15:49:54,008 "GET /static/admin/js/theme.js HTTP/1.1" 404 179
WARNING 2024-03-03 15:49:54,010 Not Found: /static/admin/js/nav_sidebar.js
WARNING 2024-03-03 15:49:54,010 "GET /static/admin/js/nav_sidebar.js HTTP/1.1" 404 179
INFO 2024-03-03 15:49:54,252 "GET /admin/login/?next=/admin/ HTTP/1.1" 200 4359
WARNING 2024-03-03 15:49:54,259 Not Found: /static/admin/css/base.css
WARNING 2024-03-03 15:49:54,260 Not Found: /static/admin/css/dark_mode.css
WARNING 2024-03-03 15:49:54,260 Not Found: /static/admin/css/login.css
WARNING 2024-03-03 15:49:54,261 Not Found: /static/admin/css/nav_sidebar.css
WARNING 2024-03-03 15:49:54,261 Not Found: /static/admin/css/responsive.css
WARNING 2024-03-03 15:49:54,262 Not Found: /static/admin/js/theme.js
WARNING 2024-03-03 15:49:54,263 "GET /static/admin/css/dark_mode.css HTTP/1.1" 404 179
WARNING 2024-03-03 15:49:54,263 "GET /static/admin/css/base.css HTTP/1.1" 404 179
WARNING 2024-03-03 15:49:54,264 "GET /static/admin/css/login.css HTTP/1.1" 404 179
WARNING 2024-03-03 15:49:54,264 "GET /static/admin/css/nav_sidebar.css HTTP/1.1" 404 179
WARNING 2024-03-03 15:49:54,265 "GET /static/admin/css/responsive.css HTTP/1.1" 404 179
WARNING 2024-03-03 15:49:54,265 "GET /static/admin/js/theme.js HTTP/1.1" 404 179
WARNING 2024-03-03 15:49:54,267 Not Found: /static/admin/js/nav_sidebar.js
WARNING 2024-03-03 15:49:54,267 "GET /static/admin/js/nav_sidebar.js HTTP/1.1" 404 179
INFO 2024-03-03 16:07:02,563 "GET /admin/ HTTP/1.1" 200 7543
WARNING 2024-03-03 16:07:02,592 Not Found: /static/admin/css/base.css
WARNING 2024-03-03 16:07:02,593 "GET /static/admin/css/base.css HTTP/1.1" 404 179
WARNING 2024-03-03 16:07:02,594 Not Found: /static/admin/js/theme.js
WARNING 2024-03-03 16:07:02,595 Not Found: /static/admin/css/dark_mode.css
WARNING 2024-03-03 16:07:02,596 Not Found: /static/admin/css/nav_sidebar.css
WARNING 2024-03-03 16:07:02,596 Not Found: /static/admin/css/responsive.css
WARNING 2024-03-03 16:07:02,598 Not Found: /static/admin/js/nav_sidebar.js
WARNING 2024-03-03 16:07:02,598 Not Found: /static/admin/css/dashboard.css
WARNING 2024-03-03 16:07:02,599 "GET /static/admin/js/theme.js HTTP/1.1" 404 179
WARNING 2024-03-03 16:07:02,599 "GET /static/admin/css/dark_mode.css HTTP/1.1" 404 179
WARNING 2024-03-03 16:07:02,599 "GET /static/admin/css/nav_sidebar.css HTTP/1.1" 404 179
WARNING 2024-03-03 16:07:02,599 "GET /static/admin/css/responsive.css HTTP/1.1" 404 179
WARNING 2024-03-03 16:07:02,600 "GET /static/admin/js/nav_sidebar.js HTTP/1.1" 404 179
WARNING 2024-03-03 16:07:02,600 "GET /static/admin/css/dashboard.css HTTP/1.1" 404 179
INFO 2024-03-03 16:08:15,261 C:\Users\shuri\PycharmProjects\Homework6\hw6\hw6\settings.py changed, reloading.
INFO 2024-03-03 16:08:15,739 Watching for file changes with StatReloader
INFO 2024-03-03 16:08:16,800 "GET /admin/ HTTP/1.1" 200 7543
WARNING 2024-03-03 16:08:16,831 Not Found: /static/admin/js/theme.js
WARNING 2024-03-03 16:08:16,832 Not Found: /static/admin/css/nav_sidebar.css
WARNING 2024-03-03 16:08:16,832 Not Found: /static/admin/js/nav_sidebar.js
WARNING 2024-03-03 16:08:16,833 "GET /static/admin/js/theme.js HTTP/1.1" 404 179
WARNING 2024-03-03 16:08:16,833 "GET /static/admin/css/nav_sidebar.css HTTP/1.1" 404 179
WARNING 2024-03-03 16:08:16,833 "GET /static/admin/js/nav_sidebar.js HTTP/1.1" 404 179
WARNING 2024-03-03 16:08:16,834 Not Found: /static/admin/css/dashboard.css
WARNING 2024-03-03 16:08:16,834 Not Found: /static/admin/css/base.css
WARNING 2024-03-03 16:08:16,836 Not Found: /static/admin/css/dark_mode.css
WARNING 2024-03-03 16:08:16,836 "GET /static/admin/css/base.css HTTP/1.1" 404 179
WARNING 2024-03-03 16:08:16,836 "GET /static/admin/css/dark_mode.css HTTP/1.1" 404 179
WARNING 2024-03-03 16:08:16,837 "GET /static/admin/css/dashboard.css HTTP/1.1" 404 179
WARNING 2024-03-03 16:08:16,837 Not Found: /static/admin/css/responsive.css
WARNING 2024-03-03 16:08:16,838 "GET /static/admin/css/responsive.css HTTP/1.1" 404 179
INFO 2024-03-03 16:14:05,754 "GET /admin/ HTTP/1.1" 200 7543
WARNING 2024-03-03 16:14:05,785 Not Found: /static/admin/css/base.css
WARNING 2024-03-03 16:14:05,786 Not Found: /static/admin/css/dark_mode.css
WARNING 2024-03-03 16:14:05,787 Not Found: /static/admin/css/nav_sidebar.css
WARNING 2024-03-03 16:14:05,787 "GET /static/admin/css/base.css HTTP/1.1" 404 179
WARNING 2024-03-03 16:14:05,789 Not Found: /static/admin/js/theme.js
WARNING 2024-03-03 16:14:05,789 Not Found: /static/admin/css/dashboard.css
WARNING 2024-03-03 16:14:05,791 "GET /static/admin/css/dark_mode.css HTTP/1.1" 404 179
WARNING 2024-03-03 16:14:05,791 Not Found: /static/admin/css/responsive.css
WARNING 2024-03-03 16:14:05,792 Not Found: /static/admin/js/nav_sidebar.js
WARNING 2024-03-03 16:14:05,792 "GET /static/admin/css/nav_sidebar.css HTTP/1.1" 404 179
WARNING 2024-03-03 16:14:05,793 "GET /static/admin/js/theme.js HTTP/1.1" 404 179
WARNING 2024-03-03 16:14:05,793 "GET /static/admin/css/dashboard.css HTTP/1.1" 404 179
WARNING 2024-03-03 16:14:05,793 "GET /static/admin/css/responsive.css HTTP/1.1" 404 179
WARNING 2024-03-03 16:14:05,794 "GET /static/admin/js/nav_sidebar.js HTTP/1.1" 404 179
INFO 2024-03-03 16:14:07,638 "GET /admin/ HTTP/1.1" 200 7543
WARNING 2024-03-03 16:14:07,671 Not Found: /static/admin/css/base.css
WARNING 2024-03-03 16:14:07,671 "GET /static/admin/css/base.css HTTP/1.1" 404 179
WARNING 2024-03-03 16:14:07,674 Not Found: /static/admin/css/dark_mode.css
WARNING 2024-03-03 16:14:07,675 Not Found: /static/admin/js/theme.js
WARNING 2024-03-03 16:14:07,675 Not Found: /static/admin/css/nav_sidebar.css
WARNING 2024-03-03 16:14:07,676 Not Found: /static/admin/js/nav_sidebar.js
WARNING 2024-03-03 16:14:07,677 Not Found: /static/admin/css/dashboard.css
WARNING 2024-03-03 16:14:07,677 Not Found: /static/admin/css/responsive.css
WARNING 2024-03-03 16:14:07,678 "GET /static/admin/css/dark_mode.css HTTP/1.1" 404 179
WARNING 2024-03-03 16:14:07,678 "GET /static/admin/js/theme.js HTTP/1.1" 404 179
WARNING 2024-03-03 16:14:07,678 "GET /static/admin/css/nav_sidebar.css HTTP/1.1" 404 179
WARNING 2024-03-03 16:14:07,680 "GET /static/admin/js/nav_sidebar.js HTTP/1.1" 404 179
WARNING 2024-03-03 16:14:07,680 "GET /static/admin/css/dashboard.css HTTP/1.1" 404 179
WARNING 2024-03-03 16:14:07,680 "GET /static/admin/css/responsive.css HTTP/1.1" 404 179
WARNING 2024-03-03 16:15:56,589 Not Found: /static/admin/js/theme.js
WARNING 2024-03-03 16:15:56,589 "GET /static/admin/js/theme.js HTTP/1.1" 404 179
INFO 2024-03-03 16:18:05,706 "GET /admin/login/?next=/admin/ HTTP/1.1" 200 4359
WARNING 2024-03-03 16:18:05,712 Not Found: /static/admin/css/base.css
WARNING 2024-03-03 16:18:05,713 Not Found: /static/admin/css/dark_mode.css
WARNING 2024-03-03 16:18:05,714 Not Found: /static/admin/css/nav_sidebar.css
WARNING 2024-03-03 16:18:05,716 Not Found: /static/admin/css/login.css
WARNING 2024-03-03 16:18:05,716 "GET /static/admin/css/dark_mode.css HTTP/1.1" 404 179
WARNING 2024-03-03 16:18:05,716 "GET /static/admin/css/base.css HTTP/1.1" 404 179
WARNING 2024-03-03 16:18:05,717 Not Found: /static/admin/css/responsive.css
WARNING 2024-03-03 16:18:05,719 "GET /static/admin/css/nav_sidebar.css HTTP/1.1" 404 179
WARNING 2024-03-03 16:18:05,720 Not Found: /static/admin/js/nav_sidebar.js
WARNING 2024-03-03 16:18:05,721 Not Found: /static/admin/js/theme.js
INFO 2024-03-03 16:18:05,721 - Broken pipe from ('127.0.0.1', 63286)
WARNING 2024-03-03 16:18:05,721 "GET /static/admin/css/login.css HTTP/1.1" 404 179
WARNING 2024-03-03 16:18:05,722 "GET /static/admin/css/responsive.css HTTP/1.1" 404 179
WARNING 2024-03-03 16:18:05,722 "GET /static/admin/js/nav_sidebar.js HTTP/1.1" 404 179
WARNING 2024-03-03 16:18:05,722 "GET /static/admin/js/theme.js HTTP/1.1" 404 179
INFO 2024-03-03 16:18:09,571 "GET /admin/login/?next=/admin/ HTTP/1.1" 200 4359
WARNING 2024-03-03 16:18:09,577 Not Found: /static/admin/css/base.css
WARNING 2024-03-03 16:18:09,577 Not Found: /static/admin/css/nav_sidebar.css
WARNING 2024-03-03 16:18:09,579 Not Found: /static/admin/css/login.css
WARNING 2024-03-03 16:18:09,579 Not Found: /static/admin/css/dark_mode.css
WARNING 2024-03-03 16:18:09,580 Not Found: /static/admin/css/responsive.css
WARNING 2024-03-03 16:18:09,582 Not Found: /static/admin/js/theme.js
WARNING 2024-03-03 16:18:09,582 "GET /static/admin/css/base.css HTTP/1.1" 404 179
WARNING 2024-03-03 16:18:09,582 "GET /static/admin/css/nav_sidebar.css HTTP/1.1" 404 179
WARNING 2024-03-03 16:18:09,583 "GET /static/admin/css/login.css HTTP/1.1" 404 179
WARNING 2024-03-03 16:18:09,583 "GET /static/admin/css/dark_mode.css HTTP/1.1" 404 179
WARNING 2024-03-03 16:18:09,583 "GET /static/admin/css/responsive.css HTTP/1.1" 404 179
WARNING 2024-03-03 16:18:09,583 "GET /static/admin/js/theme.js HTTP/1.1" 404 179
WARNING 2024-03-03 16:18:09,586 Not Found: /static/admin/js/nav_sidebar.js
WARNING 2024-03-03 16:18:09,586 "GET /static/admin/js/nav_sidebar.js HTTP/1.1" 404 179
INFO 2024-03-03 16:18:11,357 "POST /admin/login/?next=/admin/ HTTP/1.1" 302 0
INFO 2024-03-03 16:18:11,366 "GET /admin/ HTTP/1.1" 200 7543
WARNING 2024-03-03 16:18:11,373 Not Found: /static/admin/css/base.css
WARNING 2024-03-03 16:18:11,373 Not Found: /static/admin/css/dark_mode.css
WARNING 2024-03-03 16:18:11,374 Not Found: /static/admin/css/nav_sidebar.css
WARNING 2024-03-03 16:18:11,374 "GET /static/admin/css/base.css HTTP/1.1" 404 179
WARNING 2024-03-03 16:18:11,374 "GET /static/admin/css/dark_mode.css HTTP/1.1" 404 179
WARNING 2024-03-03 16:18:11,375 "GET /static/admin/css/nav_sidebar.css HTTP/1.1" 404 179
WARNING 2024-03-03 16:18:11,377 Not Found: /static/admin/css/dashboard.css
WARNING 2024-03-03 16:18:11,377 Not Found: /static/admin/css/responsive.css
WARNING 2024-03-03 16:18:11,378 Not Found: /static/admin/css/base.css
WARNING 2024-03-03 16:18:11,378 Not Found: /static/admin/js/theme.js
WARNING 2024-03-03 16:18:11,379 Not Found: /static/admin/css/dark_mode.css
WARNING 2024-03-03 16:18:11,379 Not Found: /static/admin/js/nav_sidebar.js
WARNING 2024-03-03 16:18:11,379 "GET /static/admin/css/dashboard.css HTTP/1.1" 404 179
WARNING 2024-03-03 16:18:11,380 "GET /static/admin/css/responsive.css HTTP/1.1" 404 179
WARNING 2024-03-03 16:18:11,380 "GET /static/admin/css/base.css HTTP/1.1" 404 179
WARNING 2024-03-03 16:18:11,380 "GET /static/admin/js/theme.js HTTP/1.1" 404 179
WARNING 2024-03-03 16:18:11,380 "GET /static/admin/css/dark_mode.css HTTP/1.1" 404 179
WARNING 2024-03-03 16:18:11,382 "GET /static/admin/js/nav_sidebar.js HTTP/1.1" 404 179
INFO 2024-03-03 16:24:08,600 "GET /admin/ HTTP/1.1" 200 7543
WARNING 2024-03-03 16:24:08,607 Not Found: /static/admin/css/base.css
WARNING 2024-03-03 16:24:08,608 Not Found: /static/admin/css/dark_mode.css
WARNING 2024-03-03 16:24:08,609 Not Found: /static/admin/css/nav_sidebar.css
WARNING 2024-03-03 16:24:08,610 Not Found: /static/admin/css/dashboard.css
WARNING 2024-03-03 16:24:08,610 "GET /static/admin/css/dark_mode.css HTTP/1.1" 404 179
WARNING 2024-03-03 16:24:08,611 "GET /static/admin/css/base.css HTTP/1.1" 404 179
WARNING 2024-03-03 16:24:08,611 "GET /static/admin/css/nav_sidebar.css HTTP/1.1" 404 179
WARNING 2024-03-03 16:24:08,612 Not Found: /static/admin/css/responsive.css
WARNING 2024-03-03 16:24:08,613 Not Found: /static/admin/js/nav_sidebar.js
WARNING 2024-03-03 16:24:08,614 Not Found: /static/admin/js/theme.js
WARNING 2024-03-03 16:24:08,614 "GET /static/admin/css/dashboard.css HTTP/1.1" 404 179
WARNING 2024-03-03 16:24:08,615 "GET /static/admin/css/responsive.css HTTP/1.1" 404 179
WARNING 2024-03-03 16:24:08,615 "GET /static/admin/js/nav_sidebar.js HTTP/1.1" 404 179
WARNING 2024-03-03 16:24:08,616 "GET /static/admin/js/theme.js HTTP/1.1" 404 179
INFO 2024-03-03 16:24:08,703 C:\Users\shuri\PycharmProjects\Homework6\hw6\storeapp\views.py changed, reloading.
INFO 2024-03-03 16:24:09,223 Watching for file changes with StatReloader
INFO 2024-03-03 16:24:10,234 "GET /admin/ HTTP/1.1" 200 7543
WARNING 2024-03-03 16:24:10,240 Not Found: /static/admin/css/base.css
WARNING 2024-03-03 16:24:10,240 Not Found: /static/admin/css/dark_mode.css
WARNING 2024-03-03 16:24:10,241 Not Found: /static/admin/css/nav_sidebar.css
WARNING 2024-03-03 16:24:10,241 "GET /static/admin/css/base.css HTTP/1.1" 404 179
WARNING 2024-03-03 16:24:10,243 Not Found: /static/admin/css/dashboard.css
WARNING 2024-03-03 16:24:10,243 "GET /static/admin/css/dark_mode.css HTTP/1.1" 404 179
WARNING 2024-03-03 16:24:10,244 Not Found: /static/admin/css/responsive.css
WARNING 2024-03-03 16:24:10,245 Not Found: /static/admin/js/theme.js
WARNING 2024-03-03 16:24:10,245 "GET /static/admin/css/nav_sidebar.css HTTP/1.1" 404 179
WARNING 2024-03-03 16:24:10,245 "GET /static/admin/css/dashboard.css HTTP/1.1" 404 179
WARNING 2024-03-03 16:24:10,245 Not Found: /static/admin/js/nav_sidebar.js
WARNING 2024-03-03 16:24:10,245 "GET /static/admin/css/responsive.css HTTP/1.1" 404 179
WARNING 2024-03-03 16:24:10,245 "GET /static/admin/js/theme.js HTTP/1.1" 404 179
WARNING 2024-03-03 16:24:10,247 "GET /static/admin/js/nav_sidebar.js HTTP/1.1" 404 179
INFO 2024-03-03 16:27:37,633 C:\Users\shuri\PycharmProjects\Homework6\hw6\storeapp\views.py changed, reloading.
INFO 2024-03-03 16:27:38,130 Watching for file changes with StatReloader
WARNING 2024-03-03 16:27:58,188 Not Found: /index/3/
WARNING 2024-03-03 16:27:58,189 "GET /index/3/ HTTP/1.1" 404 179
INFO 2024-03-03 16:28:11,684 "GET /storeapp/index/3/ HTTP/1.1" 200 1618
INFO 2024-03-03 16:29:26,174 "POST /storeapp/index/3/ HTTP/1.1" 200 1693
INFO 2024-03-03 16:54:12,865 C:\Users\shuri\PycharmProjects\Homework6\hw6\storeapp\views.py changed, reloading.
INFO 2024-03-03 16:54:13,370 Watching for file changes with StatReloader
INFO 2024-03-03 16:56:53,405 C:\Users\shuri\PycharmProjects\Homework6\hw6\storeapp\views.py changed, reloading.
INFO 2024-03-03 16:56:53,867 Watching for file changes with StatReloader
INFO 2024-03-03 17:00:05,621 C:\Users\shuri\PycharmProjects\Homework6\hw6\storeapp\views.py changed, reloading.
INFO 2024-03-03 17:00:06,197 Watching for file changes with StatReloader
INFO 2024-03-03 17:02:00,211 C:\Users\shuri\PycharmProjects\Homework6\hw6\storeapp\views.py changed, reloading.
INFO 2024-03-03 17:02:00,661 Watching for file changes with StatReloader
INFO 2024-03-03 17:03:30,662 C:\Users\shuri\PycharmProjects\Homework6\hw6\storeapp\views.py changed, reloading.
INFO 2024-03-03 17:03:31,161 Watching for file changes with StatReloader
INFO 2024-03-03 17:06:13,182 C:\Users\shuri\PycharmProjects\Homework6\hw6\storeapp\views.py changed, reloading.
INFO 2024-03-03 17:06:13,668 Watching for file changes with StatReloader
INFO 2024-03-03 17:10:02,550 C:\Users\shuri\PycharmProjects\Homework6\hw6\storeapp\views.py changed, reloading.
INFO 2024-03-03 17:10:03,059 Watching for file changes with StatReloader
ERROR 2024-03-03 17:10:34,694 Internal Server Error: /storeapp/all_products/3/
Traceback (most recent call last):
  File "C:\Users\shuri\PycharmProjects\Homework6\venv\Lib\site-packages\django\core\handlers\exception.py", line 55, in inner
    response = get_response(request)
               ^^^^^^^^^^^^^^^^^^^^^
  File "C:\Users\shuri\PycharmProjects\Homework6\venv\Lib\site-packages\django\core\handlers\base.py", line 197, in _get_response
    response = wrapped_callback(request, *callback_args, **callback_kwargs)
               ^^^^^^^^^^^^^^^^^^^^^^^^^^^^^^^^^^^^^^^^^^^^^^^^^^^^^^^^^^^^
  File "C:\Users\shuri\PycharmProjects\Homework6\hw6\storeapp\views.py", line 51, in sorted_basket
    client = Client.object.get(pk=client_id)
             ^^^^^^^^^^^^^
AttributeError: type object 'Client' has no attribute 'object'
ERROR 2024-03-03 17:10:34,697 "GET /storeapp/all_products/3/ HTTP/1.1" 500 145
INFO 2024-03-03 17:23:21,400 C:\Users\shuri\PycharmProjects\Homework6\hw6\storeapp\views.py changed, reloading.
INFO 2024-03-03 17:23:21,859 Watching for file changes with StatReloader
ERROR 2024-03-03 17:23:28,239 Internal Server Error: /storeapp/all_products/3/
Traceback (most recent call last):
  File "C:\Users\shuri\PycharmProjects\Homework6\venv\Lib\site-packages\django\core\handlers\exception.py", line 55, in inner
    response = get_response(request)
               ^^^^^^^^^^^^^^^^^^^^^
  File "C:\Users\shuri\PycharmProjects\Homework6\venv\Lib\site-packages\django\core\handlers\base.py", line 197, in _get_response
    response = wrapped_callback(request, *callback_args, **callback_kwargs)
               ^^^^^^^^^^^^^^^^^^^^^^^^^^^^^^^^^^^^^^^^^^^^^^^^^^^^^^^^^^^^
  File "C:\Users\shuri\PycharmProjects\Homework6\hw6\storeapp\views.py", line 59, in sorted_basket
    return render(request, 'storeapp/all_products.html',
           ^^^^^^^^^^^^^^^^^^^^^^^^^^^^^^^^^^^^^^^^^^^^^
  File "C:\Users\shuri\PycharmProjects\Homework6\venv\Lib\site-packages\django\shortcuts.py", line 25, in render
    content = loader.render_to_string(template_name, context, request, using=using)
              ^^^^^^^^^^^^^^^^^^^^^^^^^^^^^^^^^^^^^^^^^^^^^^^^^^^^^^^^^^^^^^^^^^^^^
  File "C:\Users\shuri\PycharmProjects\Homework6\venv\Lib\site-packages\django\template\loader.py", line 61, in render_to_string
    template = get_template(template_name, using=using)
               ^^^^^^^^^^^^^^^^^^^^^^^^^^^^^^^^^^^^^^^^
  File "C:\Users\shuri\PycharmProjects\Homework6\venv\Lib\site-packages\django\template\loader.py", line 15, in get_template
    return engine.get_template(template_name)
           ^^^^^^^^^^^^^^^^^^^^^^^^^^^^^^^^^^
  File "C:\Users\shuri\PycharmProjects\Homework6\venv\Lib\site-packages\django\template\backends\django.py", line 33, in get_template
    return Template(self.engine.get_template(template_name), self)
                    ^^^^^^^^^^^^^^^^^^^^^^^^^^^^^^^^^^^^^^^
  File "C:\Users\shuri\PycharmProjects\Homework6\venv\Lib\site-packages\django\template\engine.py", line 177, in get_template
    template, origin = self.find_template(template_name)
                       ^^^^^^^^^^^^^^^^^^^^^^^^^^^^^^^^^
  File "C:\Users\shuri\PycharmProjects\Homework6\venv\Lib\site-packages\django\template\engine.py", line 159, in find_template
    template = loader.get_template(name, skip=skip)
               ^^^^^^^^^^^^^^^^^^^^^^^^^^^^^^^^^^^^
  File "C:\Users\shuri\PycharmProjects\Homework6\venv\Lib\site-packages\django\template\loaders\cached.py", line 57, in get_template
    template = super().get_template(template_name, skip)
               ^^^^^^^^^^^^^^^^^^^^^^^^^^^^^^^^^^^^^^^^^
  File "C:\Users\shuri\PycharmProjects\Homework6\venv\Lib\site-packages\django\template\loaders\base.py", line 28, in get_template
    return Template(
           ^^^^^^^^^
  File "C:\Users\shuri\PycharmProjects\Homework6\venv\Lib\site-packages\django\template\base.py", line 154, in __init__
    self.nodelist = self.compile_nodelist()
                    ^^^^^^^^^^^^^^^^^^^^^^^
  File "C:\Users\shuri\PycharmProjects\Homework6\venv\Lib\site-packages\django\template\base.py", line 196, in compile_nodelist
    return parser.parse()
           ^^^^^^^^^^^^^^
  File "C:\Users\shuri\PycharmProjects\Homework6\venv\Lib\site-packages\django\template\base.py", line 510, in parse
    raise self.error(token, e)
  File "C:\Users\shuri\PycharmProjects\Homework6\venv\Lib\site-packages\django\template\base.py", line 508, in parse
    compiled_result = compile_func(self, token)
                      ^^^^^^^^^^^^^^^^^^^^^^^^^
  File "C:\Users\shuri\PycharmProjects\Homework6\venv\Lib\site-packages\django\template\loader_tags.py", line 295, in do_extends
    nodelist = parser.parse()
               ^^^^^^^^^^^^^^
  File "C:\Users\shuri\PycharmProjects\Homework6\venv\Lib\site-packages\django\template\base.py", line 510, in parse
    raise self.error(token, e)
  File "C:\Users\shuri\PycharmProjects\Homework6\venv\Lib\site-packages\django\template\base.py", line 508, in parse
    compiled_result = compile_func(self, token)
                      ^^^^^^^^^^^^^^^^^^^^^^^^^
  File "C:\Users\shuri\PycharmProjects\Homework6\venv\Lib\site-packages\django\template\loader_tags.py", line 234, in do_block
    nodelist = parser.parse(("endblock",))
               ^^^^^^^^^^^^^^^^^^^^^^^^^^^
  File "C:\Users\shuri\PycharmProjects\Homework6\venv\Lib\site-packages\django\template\base.py", line 515, in parse
    self.unclosed_block_tag(parse_until)
  File "C:\Users\shuri\PycharmProjects\Homework6\venv\Lib\site-packages\django\template\base.py", line 578, in unclosed_block_tag
    raise self.error(token, msg)
django.template.exceptions.TemplateSyntaxError: Unclosed tag on line 5: 'block'. Looking for one of: endblock.
ERROR 2024-03-03 17:23:28,247 "GET /storeapp/all_products/3/ HTTP/1.1" 500 145
ERROR 2024-03-03 17:23:34,280 Internal Server Error: /storeapp/all_products/3/
Traceback (most recent call last):
  File "C:\Users\shuri\PycharmProjects\Homework6\venv\Lib\site-packages\django\core\handlers\exception.py", line 55, in inner
    response = get_response(request)
               ^^^^^^^^^^^^^^^^^^^^^
  File "C:\Users\shuri\PycharmProjects\Homework6\venv\Lib\site-packages\django\core\handlers\base.py", line 197, in _get_response
    response = wrapped_callback(request, *callback_args, **callback_kwargs)
               ^^^^^^^^^^^^^^^^^^^^^^^^^^^^^^^^^^^^^^^^^^^^^^^^^^^^^^^^^^^^
  File "C:\Users\shuri\PycharmProjects\Homework6\hw6\storeapp\views.py", line 59, in sorted_basket
    return render(request, 'storeapp/all_products.html',
           ^^^^^^^^^^^^^^^^^^^^^^^^^^^^^^^^^^^^^^^^^^^^^
  File "C:\Users\shuri\PycharmProjects\Homework6\venv\Lib\site-packages\django\shortcuts.py", line 25, in render
    content = loader.render_to_string(template_name, context, request, using=using)
              ^^^^^^^^^^^^^^^^^^^^^^^^^^^^^^^^^^^^^^^^^^^^^^^^^^^^^^^^^^^^^^^^^^^^^
  File "C:\Users\shuri\PycharmProjects\Homework6\venv\Lib\site-packages\django\template\loader.py", line 61, in render_to_string
    template = get_template(template_name, using=using)
               ^^^^^^^^^^^^^^^^^^^^^^^^^^^^^^^^^^^^^^^^
  File "C:\Users\shuri\PycharmProjects\Homework6\venv\Lib\site-packages\django\template\loader.py", line 15, in get_template
    return engine.get_template(template_name)
           ^^^^^^^^^^^^^^^^^^^^^^^^^^^^^^^^^^
  File "C:\Users\shuri\PycharmProjects\Homework6\venv\Lib\site-packages\django\template\backends\django.py", line 33, in get_template
    return Template(self.engine.get_template(template_name), self)
                    ^^^^^^^^^^^^^^^^^^^^^^^^^^^^^^^^^^^^^^^
  File "C:\Users\shuri\PycharmProjects\Homework6\venv\Lib\site-packages\django\template\engine.py", line 177, in get_template
    template, origin = self.find_template(template_name)
                       ^^^^^^^^^^^^^^^^^^^^^^^^^^^^^^^^^
  File "C:\Users\shuri\PycharmProjects\Homework6\venv\Lib\site-packages\django\template\engine.py", line 159, in find_template
    template = loader.get_template(name, skip=skip)
               ^^^^^^^^^^^^^^^^^^^^^^^^^^^^^^^^^^^^
  File "C:\Users\shuri\PycharmProjects\Homework6\venv\Lib\site-packages\django\template\loaders\cached.py", line 57, in get_template
    template = super().get_template(template_name, skip)
               ^^^^^^^^^^^^^^^^^^^^^^^^^^^^^^^^^^^^^^^^^
  File "C:\Users\shuri\PycharmProjects\Homework6\venv\Lib\site-packages\django\template\loaders\base.py", line 28, in get_template
    return Template(
           ^^^^^^^^^
  File "C:\Users\shuri\PycharmProjects\Homework6\venv\Lib\site-packages\django\template\base.py", line 154, in __init__
    self.nodelist = self.compile_nodelist()
                    ^^^^^^^^^^^^^^^^^^^^^^^
  File "C:\Users\shuri\PycharmProjects\Homework6\venv\Lib\site-packages\django\template\base.py", line 196, in compile_nodelist
    return parser.parse()
           ^^^^^^^^^^^^^^
  File "C:\Users\shuri\PycharmProjects\Homework6\venv\Lib\site-packages\django\template\base.py", line 510, in parse
    raise self.error(token, e)
  File "C:\Users\shuri\PycharmProjects\Homework6\venv\Lib\site-packages\django\template\base.py", line 508, in parse
    compiled_result = compile_func(self, token)
                      ^^^^^^^^^^^^^^^^^^^^^^^^^
  File "C:\Users\shuri\PycharmProjects\Homework6\venv\Lib\site-packages\django\template\loader_tags.py", line 295, in do_extends
    nodelist = parser.parse()
               ^^^^^^^^^^^^^^
  File "C:\Users\shuri\PycharmProjects\Homework6\venv\Lib\site-packages\django\template\base.py", line 510, in parse
    raise self.error(token, e)
  File "C:\Users\shuri\PycharmProjects\Homework6\venv\Lib\site-packages\django\template\base.py", line 508, in parse
    compiled_result = compile_func(self, token)
                      ^^^^^^^^^^^^^^^^^^^^^^^^^
  File "C:\Users\shuri\PycharmProjects\Homework6\venv\Lib\site-packages\django\template\loader_tags.py", line 234, in do_block
    nodelist = parser.parse(("endblock",))
               ^^^^^^^^^^^^^^^^^^^^^^^^^^^
  File "C:\Users\shuri\PycharmProjects\Homework6\venv\Lib\site-packages\django\template\base.py", line 515, in parse
    self.unclosed_block_tag(parse_until)
  File "C:\Users\shuri\PycharmProjects\Homework6\venv\Lib\site-packages\django\template\base.py", line 578, in unclosed_block_tag
    raise self.error(token, msg)
django.template.exceptions.TemplateSyntaxError: Unclosed tag on line 5: 'block'. Looking for one of: endblock.
ERROR 2024-03-03 17:23:34,284 "GET /storeapp/all_products/3/ HTTP/1.1" 500 145
INFO 2024-03-03 17:24:56,038 C:\Users\shuri\PycharmProjects\Homework6\hw6\hw6\settings.py changed, reloading.
INFO 2024-03-03 17:24:56,536 Watching for file changes with StatReloader
ERROR 2024-03-03 17:24:57,736 Internal Server Error: /storeapp/all_products/3/
Traceback (most recent call last):
  File "C:\Users\shuri\PycharmProjects\Homework6\venv\Lib\site-packages\django\core\handlers\exception.py", line 55, in inner
    response = get_response(request)
               ^^^^^^^^^^^^^^^^^^^^^
  File "C:\Users\shuri\PycharmProjects\Homework6\venv\Lib\site-packages\django\core\handlers\base.py", line 197, in _get_response
    response = wrapped_callback(request, *callback_args, **callback_kwargs)
               ^^^^^^^^^^^^^^^^^^^^^^^^^^^^^^^^^^^^^^^^^^^^^^^^^^^^^^^^^^^^
  File "C:\Users\shuri\PycharmProjects\Homework6\hw6\storeapp\views.py", line 59, in sorted_basket
    return render(request, 'storeapp/all_products.html',
           ^^^^^^^^^^^^^^^^^^^^^^^^^^^^^^^^^^^^^^^^^^^^^
  File "C:\Users\shuri\PycharmProjects\Homework6\venv\Lib\site-packages\django\shortcuts.py", line 25, in render
    content = loader.render_to_string(template_name, context, request, using=using)
              ^^^^^^^^^^^^^^^^^^^^^^^^^^^^^^^^^^^^^^^^^^^^^^^^^^^^^^^^^^^^^^^^^^^^^
  File "C:\Users\shuri\PycharmProjects\Homework6\venv\Lib\site-packages\django\template\loader.py", line 61, in render_to_string
    template = get_template(template_name, using=using)
               ^^^^^^^^^^^^^^^^^^^^^^^^^^^^^^^^^^^^^^^^
  File "C:\Users\shuri\PycharmProjects\Homework6\venv\Lib\site-packages\django\template\loader.py", line 15, in get_template
    return engine.get_template(template_name)
           ^^^^^^^^^^^^^^^^^^^^^^^^^^^^^^^^^^
  File "C:\Users\shuri\PycharmProjects\Homework6\venv\Lib\site-packages\django\template\backends\django.py", line 33, in get_template
    return Template(self.engine.get_template(template_name), self)
                    ^^^^^^^^^^^^^^^^^^^^^^^^^^^^^^^^^^^^^^^
  File "C:\Users\shuri\PycharmProjects\Homework6\venv\Lib\site-packages\django\template\engine.py", line 177, in get_template
    template, origin = self.find_template(template_name)
                       ^^^^^^^^^^^^^^^^^^^^^^^^^^^^^^^^^
  File "C:\Users\shuri\PycharmProjects\Homework6\venv\Lib\site-packages\django\template\engine.py", line 159, in find_template
    template = loader.get_template(name, skip=skip)
               ^^^^^^^^^^^^^^^^^^^^^^^^^^^^^^^^^^^^
  File "C:\Users\shuri\PycharmProjects\Homework6\venv\Lib\site-packages\django\template\loaders\cached.py", line 57, in get_template
    template = super().get_template(template_name, skip)
               ^^^^^^^^^^^^^^^^^^^^^^^^^^^^^^^^^^^^^^^^^
  File "C:\Users\shuri\PycharmProjects\Homework6\venv\Lib\site-packages\django\template\loaders\base.py", line 28, in get_template
    return Template(
           ^^^^^^^^^
  File "C:\Users\shuri\PycharmProjects\Homework6\venv\Lib\site-packages\django\template\base.py", line 154, in __init__
    self.nodelist = self.compile_nodelist()
                    ^^^^^^^^^^^^^^^^^^^^^^^
  File "C:\Users\shuri\PycharmProjects\Homework6\venv\Lib\site-packages\django\template\base.py", line 196, in compile_nodelist
    return parser.parse()
           ^^^^^^^^^^^^^^
  File "C:\Users\shuri\PycharmProjects\Homework6\venv\Lib\site-packages\django\template\base.py", line 510, in parse
    raise self.error(token, e)
  File "C:\Users\shuri\PycharmProjects\Homework6\venv\Lib\site-packages\django\template\base.py", line 508, in parse
    compiled_result = compile_func(self, token)
                      ^^^^^^^^^^^^^^^^^^^^^^^^^
  File "C:\Users\shuri\PycharmProjects\Homework6\venv\Lib\site-packages\django\template\loader_tags.py", line 295, in do_extends
    nodelist = parser.parse()
               ^^^^^^^^^^^^^^
  File "C:\Users\shuri\PycharmProjects\Homework6\venv\Lib\site-packages\django\template\base.py", line 510, in parse
    raise self.error(token, e)
  File "C:\Users\shuri\PycharmProjects\Homework6\venv\Lib\site-packages\django\template\base.py", line 508, in parse
    compiled_result = compile_func(self, token)
                      ^^^^^^^^^^^^^^^^^^^^^^^^^
  File "C:\Users\shuri\PycharmProjects\Homework6\venv\Lib\site-packages\django\template\loader_tags.py", line 234, in do_block
    nodelist = parser.parse(("endblock",))
               ^^^^^^^^^^^^^^^^^^^^^^^^^^^
  File "C:\Users\shuri\PycharmProjects\Homework6\venv\Lib\site-packages\django\template\base.py", line 515, in parse
    self.unclosed_block_tag(parse_until)
  File "C:\Users\shuri\PycharmProjects\Homework6\venv\Lib\site-packages\django\template\base.py", line 578, in unclosed_block_tag
    raise self.error(token, msg)
django.template.exceptions.TemplateSyntaxError: Unclosed tag on line 5: 'block'. Looking for one of: endblock.
ERROR 2024-03-03 17:24:57,740 "GET /storeapp/all_products/3/ HTTP/1.1" 500 172074
INFO 2024-03-03 17:26:18,779 "GET /storeapp/all_products/3/ HTTP/1.1" 200 3356
INFO 2024-03-03 17:27:03,239 "GET /storeapp/all_orders/3/ HTTP/1.1" 200 1017
INFO 2024-03-03 18:04:01,946 C:\Users\shuri\PycharmProjects\Homework6\hw6\storeapp\views.py changed, reloading.
INFO 2024-03-03 18:04:02,554 Watching for file changes with StatReloader
INFO 2024-03-03 18:05:42,803 "GET /admin/ HTTP/1.1" 200 7543
INFO 2024-03-03 18:05:43,086 "GET /static/admin/js/theme.js HTTP/1.1" 200 1943
INFO 2024-03-03 18:05:43,089 "GET /static/admin/js/nav_sidebar.js HTTP/1.1" 200 3063
INFO 2024-03-03 18:05:43,148 "GET /static/admin/css/base.css HTTP/1.1" 200 21544
INFO 2024-03-03 18:05:43,163 "GET /static/admin/css/nav_sidebar.css HTTP/1.1" 200 2810
INFO 2024-03-03 18:05:43,172 "GET /static/admin/css/dashboard.css HTTP/1.1" 200 441
INFO 2024-03-03 18:05:43,185 "GET /static/admin/css/dark_mode.css HTTP/1.1" 200 2682
INFO 2024-03-03 18:05:43,187 "GET /static/admin/css/responsive.css HTTP/1.1" 200 17905
INFO 2024-03-03 18:05:43,197 "GET /static/admin/img/icon-addlink.svg HTTP/1.1" 200 331
INFO 2024-03-03 18:05:43,197 "GET /static/admin/img/icon-changelink.svg HTTP/1.1" 200 380
INFO 2024-03-03 18:05:54,309 "GET /admin/storeapp/client/ HTTP/1.1" 200 16234
INFO 2024-03-03 18:05:54,319 "GET /static/admin/css/changelists.css HTTP/1.1" 200 6811
INFO 2024-03-03 18:05:54,320 "GET /static/admin/js/jquery.init.js HTTP/1.1" 200 347
INFO 2024-03-03 18:05:54,322 "GET /static/admin/js/core.js HTTP/1.1" 200 6208
INFO 2024-03-03 18:05:54,325 "GET /admin/jsi18n/ HTTP/1.1" 200 17546
INFO 2024-03-03 18:05:54,325 "GET /static/admin/js/admin/RelatedObjectLookups.js HTTP/1.1" 200 9042
INFO 2024-03-03 18:05:54,326 "GET /static/admin/js/urlify.js HTTP/1.1" 200 7887
INFO 2024-03-03 18:05:54,326 "GET /static/admin/js/actions.js HTTP/1.1" 200 8067
INFO 2024-03-03 18:05:54,327 "GET /static/admin/js/prepopulate.js HTTP/1.1" 200 1531
INFO 2024-03-03 18:05:54,330 "GET /static/admin/js/vendor/jquery/jquery.js HTTP/1.1" 200 285314
INFO 2024-03-03 18:05:54,331 "GET /static/admin/img/search.svg HTTP/1.1" 200 458
INFO 2024-03-03 18:05:54,334 "GET /static/admin/js/vendor/xregexp/xregexp.js HTTP/1.1" 200 325171
INFO 2024-03-03 18:05:54,342 "GET /static/admin/js/filters.js HTTP/1.1" 200 978
INFO 2024-03-03 18:05:54,356 "GET /static/admin/img/tooltag-add.svg HTTP/1.1" 200 331
INFO 2024-03-03 18:05:54,359 "GET /static/admin/img/sorting-icons.svg HTTP/1.1" 200 1097
INFO 2024-03-03 18:05:54,359 "GET /static/admin/img/icon-viewlink.svg HTTP/1.1" 200 581
INFO 2024-03-03 18:05:57,147 "GET /admin/storeapp/order/ HTTP/1.1" 200 18627
INFO 2024-03-03 18:05:57,157 "GET /admin/jsi18n/ HTTP/1.1" 200 17546
INFO 2024-03-03 18:05:59,129 "GET /admin/storeapp/products/ HTTP/1.1" 200 23601
INFO 2024-03-03 18:05:59,138 "GET /admin/jsi18n/ HTTP/1.1" 200 17546
INFO 2024-03-03 18:06:41,334 "GET /admin/ HTTP/1.1" 200 7543
INFO 2024-03-03 18:06:41,375 "GET /static/admin/css/base.css HTTP/1.1" 200 21544
INFO 2024-03-03 18:06:41,375 "GET /static/admin/css/dark_mode.css HTTP/1.1" 200 2682
INFO 2024-03-03 18:06:41,378 "GET /static/admin/css/nav_sidebar.css HTTP/1.1" 200 2810
INFO 2024-03-03 18:06:41,379 "GET /static/admin/css/dashboard.css HTTP/1.1" 200 441
INFO 2024-03-03 18:06:41,379 "GET /static/admin/js/nav_sidebar.js HTTP/1.1" 200 3063
INFO 2024-03-03 18:06:41,379 "GET /static/admin/css/responsive.css HTTP/1.1" 200 17905
INFO 2024-03-03 18:06:41,381 "GET /static/admin/js/theme.js HTTP/1.1" 200 1943
INFO 2024-03-03 18:06:41,400 "GET /static/admin/img/icon-addlink.svg HTTP/1.1" 200 331
INFO 2024-03-03 18:06:41,405 "GET /static/admin/img/icon-changelink.svg HTTP/1.1" 200 380
WARNING 2024-03-03 18:06:57,256 Not Found: /myapp4/user/add/
WARNING 2024-03-03 18:06:57,257 "GET /myapp4/user/add/ HTTP/1.1" 404 2231
WARNING 2024-03-03 18:06:58,708 Not Found: /myapp4/user/add/
WARNING 2024-03-03 18:06:58,708 "GET /myapp4/user/add/ HTTP/1.1" 404 2231
